Using pre-set license
Built from '2021.3/staging' branch; Version is '2021.3.7f1 (24e8595d6d43) revision 2418777'; Using compiler version '192829333'; Build Type 'Release'
OS: 'Windows 11  (10.0.22631) 64bit Core' Language: 'en' Physical Memory: 32657 MB
BatchMode: 1, IsHumanControllingUs: 0, StartBugReporterOnCrash: 0, Is64bit: 1, IsPro: 1

COMMAND LINE ARGUMENTS:
C:\Program Files\Unity\Hub\Editor\2021.3.7f1\Editor\Unity.exe
-adb2
-batchMode
-noUpm
-name
AssetImportWorker2
-projectPath
C:/Users/Lucas/Documents/GitHub/LCFoxyPuzzlePlatformer
-logFile
Logs/AssetImportWorker2.log
-srvPort
63014
Successfully changed project path to: C:/Users/Lucas/Documents/GitHub/LCFoxyPuzzlePlatformer
C:/Users/Lucas/Documents/GitHub/LCFoxyPuzzlePlatformer
[UnityMemory] Configuration Parameters - Can be set up in boot.config
    "memorysetup-bucket-allocator-granularity=16"
    "memorysetup-bucket-allocator-bucket-count=8"
    "memorysetup-bucket-allocator-block-size=33554432"
    "memorysetup-bucket-allocator-block-count=8"
    "memorysetup-main-allocator-block-size=16777216"
    "memorysetup-thread-allocator-block-size=16777216"
    "memorysetup-gfx-main-allocator-block-size=16777216"
    "memorysetup-gfx-thread-allocator-block-size=16777216"
    "memorysetup-cache-allocator-block-size=4194304"
    "memorysetup-typetree-allocator-block-size=2097152"
    "memorysetup-profiler-bucket-allocator-granularity=16"
    "memorysetup-profiler-bucket-allocator-bucket-count=8"
    "memorysetup-profiler-bucket-allocator-block-size=33554432"
    "memorysetup-profiler-bucket-allocator-block-count=8"
    "memorysetup-profiler-allocator-block-size=16777216"
    "memorysetup-profiler-editor-allocator-block-size=1048576"
    "memorysetup-temp-allocator-size-main=16777216"
    "memorysetup-job-temp-allocator-block-size=2097152"
    "memorysetup-job-temp-allocator-block-size-background=1048576"
    "memorysetup-job-temp-allocator-reduction-small-platforms=262144"
    "memorysetup-temp-allocator-size-background-worker=32768"
    "memorysetup-temp-allocator-size-job-worker=262144"
    "memorysetup-temp-allocator-size-preload-manager=33554432"
    "memorysetup-temp-allocator-size-nav-mesh-worker=65536"
    "memorysetup-temp-allocator-size-audio-worker=65536"
    "memorysetup-temp-allocator-size-cloud-worker=32768"
    "memorysetup-temp-allocator-size-gi-baking-worker=262144"
    "memorysetup-temp-allocator-size-gfx=262144"
Refreshing native plugins compatible for Editor in 146.29 ms, found 4 plugins.
Preloading 0 native plugins for Editor in 0.00 ms.
Initialize engine version: 2021.3.7f1 (24e8595d6d43)
[Subsystems] Discovering subsystems at path C:/Program Files/Unity/Hub/Editor/2021.3.7f1/Editor/Data/Resources/UnitySubsystems
[Subsystems] Discovering subsystems at path C:/Users/Lucas/Documents/GitHub/LCFoxyPuzzlePlatformer/Assets
GfxDevice: creating device client; threaded=0; jobified=0
Direct3D:
    Version:  Direct3D 11.0 [level 11.1]
    Renderer: NVIDIA GeForce RTX 3070 Ti (ID=0x2482)
    Vendor:   NVIDIA
    VRAM:     8018 MB
    Driver:   32.0.15.6094
Initialize mono
Mono path[0] = 'C:/Program Files/Unity/Hub/Editor/2021.3.7f1/Editor/Data/Managed'
Mono path[1] = 'C:/Program Files/Unity/Hub/Editor/2021.3.7f1/Editor/Data/MonoBleedingEdge/lib/mono/unityjit-win32'
Mono config path = 'C:/Program Files/Unity/Hub/Editor/2021.3.7f1/Editor/Data/MonoBleedingEdge/etc'
Using monoOptions --debugger-agent=transport=dt_socket,embedding=1,server=y,suspend=n,address=127.0.0.1:56176
Begin MonoManager ReloadAssembly
Registering precompiled unity dll's ...
Register platform support module: C:/Program Files/Unity/Hub/Editor/2021.3.7f1/Editor/Data/PlaybackEngines/WebGLSupport/UnityEditor.WebGL.Extensions.dll
Register platform support module: C:/Program Files/Unity/Hub/Editor/2021.3.7f1/Editor/Data/PlaybackEngines/WindowsStandaloneSupport/UnityEditor.WindowsStandalone.Extensions.dll
Registered in 0.006346 seconds.
Native extension for WindowsStandalone target not found
Native extension for WebGL target not found
Refreshing native plugins compatible for Editor in 125.00 ms, found 4 plugins.
Preloading 0 native plugins for Editor in 0.00 ms.
Mono: successfully reloaded assembly
- Completed reload, in  0.583 seconds
Domain Reload Profiling:
	ReloadAssembly (583ms)
		BeginReloadAssembly (69ms)
			ExecutionOrderSort (0ms)
			DisableScriptedObjects (0ms)
			BackupInstance (0ms)
			ReleaseScriptingObjects (0ms)
			CreateAndSetChildDomain (1ms)
		EndReloadAssembly (426ms)
			LoadAssemblies (67ms)
			RebuildTransferFunctionScriptingTraits (0ms)
			SetupTypeCache (81ms)
			ReleaseScriptCaches (0ms)
			RebuildScriptCaches (19ms)
			SetupLoadedEditorAssemblies (282ms)
				LogAssemblyErrors (0ms)
				InitializePlatformSupportModulesInManaged (7ms)
				SetLoadedEditorAssemblies (0ms)
				RefreshPlugins (125ms)
				BeforeProcessingInitializeOnLoad (1ms)
				ProcessInitializeOnLoadAttributes (111ms)
				ProcessInitializeOnLoadMethodAttributes (37ms)
				AfterProcessingInitializeOnLoad (0ms)
				EditorAssembliesLoaded (0ms)
			ExecutionOrderSort2 (0ms)
			AwakeInstancesAfterBackupRestoration (0ms)
Platform modules already initialized, skipping
Registering precompiled user dll's ...
Registered in 0.012276 seconds.
Begin MonoManager ReloadAssembly
Symbol file LoadedFromMemory doesn't match image C:\Users\Lucas\Documents\GitHub\LCFoxyPuzzlePlatformer\Library\PackageCache\com.unity.visualscripting@1.7.8\Editor\VisualScripting.Core\Dependencies\DotNetZip\Unity.VisualScripting.IonicZip.dll
Symbol file LoadedFromMemory doesn't match image C:\Users\Lucas\Documents\GitHub\LCFoxyPuzzlePlatformer\Library\PackageCache\com.unity.visualscripting@1.7.8\Editor\VisualScripting.Core\Dependencies\YamlDotNet\Unity.VisualScripting.YamlDotNet.dll
Native extension for WindowsStandalone target not found
Native extension for WebGL target not found
Refreshing native plugins compatible for Editor in 117.61 ms, found 4 plugins.
Preloading 0 native plugins for Editor in 0.00 ms.
Package Manager log level set to [2]
Mono: successfully reloaded assembly
- Completed reload, in  1.339 seconds
Domain Reload Profiling:
	ReloadAssembly (1340ms)
		BeginReloadAssembly (105ms)
			ExecutionOrderSort (0ms)
			DisableScriptedObjects (5ms)
			BackupInstance (0ms)
			ReleaseScriptingObjects (0ms)
			CreateAndSetChildDomain (18ms)
		EndReloadAssembly (1136ms)
			LoadAssemblies (112ms)
			RebuildTransferFunctionScriptingTraits (0ms)
			SetupTypeCache (254ms)
			ReleaseScriptCaches (2ms)
			RebuildScriptCaches (68ms)
			SetupLoadedEditorAssemblies (669ms)
				LogAssemblyErrors (0ms)
				InitializePlatformSupportModulesInManaged (4ms)
				SetLoadedEditorAssemblies (0ms)
				RefreshPlugins (118ms)
				BeforeProcessingInitializeOnLoad (128ms)
				ProcessInitializeOnLoadAttributes (271ms)
				ProcessInitializeOnLoadMethodAttributes (139ms)
				AfterProcessingInitializeOnLoad (8ms)
				EditorAssembliesLoaded (0ms)
			ExecutionOrderSort2 (0ms)
			AwakeInstancesAfterBackupRestoration (5ms)
Platform modules already initialized, skipping
========================================================================
Worker process is ready to serve import requests
Launched and connected shader compiler UnityShaderCompiler.exe after 0.04 seconds
Refreshing native plugins compatible for Editor in 2.29 ms, found 4 plugins.
Preloading 0 native plugins for Editor in 0.00 ms.
Unloading 6586 Unused Serialized files (Serialized files now loaded: 0)
Unloading 107 unused Assets / (2.0 MB). Loaded Objects now: 6996.
Memory consumption went from 257.3 MB to 255.3 MB.
Total: 8.372200 ms (FindLiveObjects: 0.535100 ms CreateObjectMapping: 0.477200 ms MarkObjects: 6.600700 ms  DeleteObjects: 0.758500 ms)

AssetImportParameters requested are different than current active one (requested -> active):
  custom:video-decoder-ogg-theora: a1e56fd34408186e4bbccfd4996cb3dc -> 
  custom:container-muxer-webm: aa71ff27fc2769a1b78a27578f13a17b -> 
  custom:container-demuxer-webm: 4f35f7cbe854078d1ac9338744f61a02 -> 
  custom:video-encoder-webm-vp8: eb34c28f22e8b96e1ab97ce403110664 -> 
  custom:video-codec-MediaFoundation-h265: 746d11721c4dcdbdad8f713fa42b33f4 -> 
  custom:audio-encoder-webm-vorbis: bf7c407c2cedff20999df2af8eb42d56 -> 
  custom:framework-win-MediaFoundation: 216162199b28c13a410421893ffa2e32 -> 
  custom:container-demuxer-ogg: 62fdf1f143b41e24485cea50d1cbac27 -> 
  custom:video-decoder-webm-vp8: 9c59270c3fd7afecdb556c50c9e8de78 -> 
  custom:audio-decoder-ogg-vorbis: bf7c407c2cedff20999df2af8eb42d56 -> 
========================================================================
Received Import Request.
  Time since last request: 1389827.713830 seconds.
  path: Assets/angnadcab/2D Temples Background Pack/background_0027_background.png
  artifactKey: Guid(4f1f91f3ed3efd04a844618cf1908dbc) Importer(815301076,1909f56bfc062723c751e8b465ee728b)
Start importing Assets/angnadcab/2D Temples Background Pack/background_0027_background.png using Guid(4f1f91f3ed3efd04a844618cf1908dbc) Importer(815301076,1909f56bfc062723c751e8b465ee728b)  -> (artifact id: '5ef0c7e5afe77cfd05761cbdbbb8f789') in 0.349074 seconds 
========================================================================
Received Import Request.
  Time since last request: 0.000024 seconds.
  path: Assets/angnadcab/2D Temples Background Pack/background_0019_background.png
  artifactKey: Guid(4b1adde40ed45a54dbc10ab6e4d60b63) Importer(815301076,1909f56bfc062723c751e8b465ee728b)
Start importing Assets/angnadcab/2D Temples Background Pack/background_0019_background.png using Guid(4b1adde40ed45a54dbc10ab6e4d60b63) Importer(815301076,1909f56bfc062723c751e8b465ee728b)  -> (artifact id: 'f86ce8e578d95f593bd565e415522083') in 0.284445 seconds 
========================================================================
Received Import Request.
  Time since last request: 0.000028 seconds.
  path: Assets/angnadcab/2D Temples Background Pack/background_0010_background.png
  artifactKey: Guid(4a00dce3999a4ee4295d0f6b58c4ec5d) Importer(815301076,1909f56bfc062723c751e8b465ee728b)
Start importing Assets/angnadcab/2D Temples Background Pack/background_0010_background.png using Guid(4a00dce3999a4ee4295d0f6b58c4ec5d) Importer(815301076,1909f56bfc062723c751e8b465ee728b)  -> (artifact id: '6ade0d6787fc849afa5f584b428e7cfa') in 0.186317 seconds 
========================================================================
Received Import Request.
  Time since last request: 0.000020 seconds.
  path: Assets/angnadcab/2D Temples Background Pack/background_0018_background.png
  artifactKey: Guid(30559b6857a002441baec4cbc271874a) Importer(815301076,1909f56bfc062723c751e8b465ee728b)
Start importing Assets/angnadcab/2D Temples Background Pack/background_0018_background.png using Guid(30559b6857a002441baec4cbc271874a) Importer(815301076,1909f56bfc062723c751e8b465ee728b)  -> (artifact id: '78575823529722bfd2d504f49205fa6a') in 0.228123 seconds 
========================================================================
Received Import Request.
  Time since last request: 0.000023 seconds.
  path: Assets/angnadcab/2D Temples Background Pack/background_0003_background.png
  artifactKey: Guid(ab5fb24a1e641a041b43872bcad1386a) Importer(815301076,1909f56bfc062723c751e8b465ee728b)
Start importing Assets/angnadcab/2D Temples Background Pack/background_0003_background.png using Guid(ab5fb24a1e641a041b43872bcad1386a) Importer(815301076,1909f56bfc062723c751e8b465ee728b)  -> (artifact id: '192596883c2904655c1bb823b69f46a3') in 0.212016 seconds 
========================================================================
Received Import Request.
  Time since last request: 0.000029 seconds.
  path: Assets/angnadcab/2D Temples Background Pack/background_0000_background.png
  artifactKey: Guid(26484a9785bc766418b999bb2a656ac8) Importer(815301076,1909f56bfc062723c751e8b465ee728b)
Start importing Assets/angnadcab/2D Temples Background Pack/background_0000_background.png using Guid(26484a9785bc766418b999bb2a656ac8) Importer(815301076,1909f56bfc062723c751e8b465ee728b)  -> (artifact id: '21145fd36313da92f35a43ba7bbe6c18') in 0.185720 seconds 
========================================================================
Received Import Request.
  Time since last request: 0.000022 seconds.
  path: Assets/angnadcab/2D Temples Background Pack/background_0004_background.png
  artifactKey: Guid(c6d4b21846367384d96b42680abefebb) Importer(815301076,1909f56bfc062723c751e8b465ee728b)
Start importing Assets/angnadcab/2D Temples Background Pack/background_0004_background.png using Guid(c6d4b21846367384d96b42680abefebb) Importer(815301076,1909f56bfc062723c751e8b465ee728b)  -> (artifact id: '7cdcd921695985fc1c428332a605309f') in 0.163654 seconds 
========================================================================
Received Import Request.
  Time since last request: 0.000022 seconds.
  path: Assets/angnadcab/2D Temples Background Pack/background_0016_background.png
  artifactKey: Guid(b440d6e3786990a40b76cb63a06a2ace) Importer(815301076,1909f56bfc062723c751e8b465ee728b)
Start importing Assets/angnadcab/2D Temples Background Pack/background_0016_background.png using Guid(b440d6e3786990a40b76cb63a06a2ace) Importer(815301076,1909f56bfc062723c751e8b465ee728b)  -> (artifact id: 'c259ba915bd552c71c0b4659a5a4bb93') in 0.196694 seconds 
========================================================================
Received Import Request.
  Time since last request: 118.460148 seconds.
  path: Assets/Japanese landscape/Materials/def.mat
  artifactKey: Guid(e82ab8c9e0e58594c998138a8e77ff2a) Importer(815301076,1909f56bfc062723c751e8b465ee728b)
Start importing Assets/Japanese landscape/Materials/def.mat using Guid(e82ab8c9e0e58594c998138a8e77ff2a) Importer(815301076,1909f56bfc062723c751e8b465ee728b)  -> (artifact id: 'e8fa58fa02b3e51c5513911d14dd08fa') in 0.125167 seconds 
========================================================================
Received Import Request.
  Time since last request: 0.361213 seconds.
  path: Assets/Japanese landscape/Prefabs/RetroSun.prefab
  artifactKey: Guid(6ea7b6ad225f9dd49a4659dca6e0177c) Importer(815301076,1909f56bfc062723c751e8b465ee728b)
Start importing Assets/Japanese landscape/Prefabs/RetroSun.prefab using Guid(6ea7b6ad225f9dd49a4659dca6e0177c) Importer(815301076,1909f56bfc062723c751e8b465ee728b)  -> (artifact id: '6c02bebf81693ae9f95a0df941e74373') in 0.016717 seconds 
========================================================================
Received Import Request.
  Time since last request: 0.419649 seconds.
  path: Assets/Japanese landscape/Presets/TagManager.preset
  artifactKey: Guid(9ecfae1586ef99940bb495a296f8afed) Importer(815301076,1909f56bfc062723c751e8b465ee728b)
Start importing Assets/Japanese landscape/Presets/TagManager.preset using Guid(9ecfae1586ef99940bb495a296f8afed) Importer(815301076,1909f56bfc062723c751e8b465ee728b)  -> (artifact id: 'c559fb93532eb03509cb8e1e1f1397f5') in 0.009028 seconds 
========================================================================
Received Import Request.
  Time since last request: 2.336921 seconds.
  path: Assets/Japanese landscape/Sprites/Backgrounds
  artifactKey: Guid(cb6c66bba60e6e148bfdee5a42dada13) Importer(815301076,1909f56bfc062723c751e8b465ee728b)
Start importing Assets/Japanese landscape/Sprites/Backgrounds using Guid(cb6c66bba60e6e148bfdee5a42dada13) Importer(815301076,1909f56bfc062723c751e8b465ee728b)  -> (artifact id: 'abca21f0c8adf38d2b0cd709c39b6817') in 0.007626 seconds 
========================================================================
Received Import Request.
  Time since last request: 0.040033 seconds.
  path: Assets/Japanese landscape/Sprites/Backgrounds/bg.png
  artifactKey: Guid(327225d4aad97c74896e5d994d716dc4) Importer(815301076,1909f56bfc062723c751e8b465ee728b)
Start importing Assets/Japanese landscape/Sprites/Backgrounds/bg.png using Guid(327225d4aad97c74896e5d994d716dc4) Importer(815301076,1909f56bfc062723c751e8b465ee728b)  -> (artifact id: '1f7f9e146c104258f6d1841a7a02f99c') in 0.153680 seconds 
========================================================================
Received Import Request.
  Time since last request: 0.000022 seconds.
  path: Assets/Japanese landscape/Sprites/Backgrounds/pl.png
  artifactKey: Guid(53c925b896f82a54d8fc05e83ad336ae) Importer(815301076,1909f56bfc062723c751e8b465ee728b)
Start importing Assets/Japanese landscape/Sprites/Backgrounds/pl.png using Guid(53c925b896f82a54d8fc05e83ad336ae) Importer(815301076,1909f56bfc062723c751e8b465ee728b)  -> (artifact id: '7bd72e79ca8f91889d20af79f029a778') in 0.071734 seconds 
========================================================================
Received Import Request.
  Time since last request: 5.135661 seconds.
  path: Assets/Japanese landscape/Pipelines/New Universal Render Pipeline Asset.asset
  artifactKey: Guid(1a74a7ab28dc3d04bb4d78a3cac7d015) Importer(815301076,1909f56bfc062723c751e8b465ee728b)
Start importing Assets/Japanese landscape/Pipelines/New Universal Render Pipeline Asset.asset using Guid(1a74a7ab28dc3d04bb4d78a3cac7d015) Importer(815301076,1909f56bfc062723c751e8b465ee728b)  -> (artifact id: '1d43c1239f364b2ed28394bdcd22b847') in 0.009702 seconds 
========================================================================
Received Import Request.
  Time since last request: 0.000021 seconds.
  path: Assets/Japanese landscape/Pipelines/UniversalRenderPipelineGlobalSettings.asset
  artifactKey: Guid(6f9db5ee4948cbf49af31590e20db0a4) Importer(815301076,1909f56bfc062723c751e8b465ee728b)
Start importing Assets/Japanese landscape/Pipelines/UniversalRenderPipelineGlobalSettings.asset using Guid(6f9db5ee4948cbf49af31590e20db0a4) Importer(815301076,1909f56bfc062723c751e8b465ee728b)  -> (artifact id: '9c55169609892c012c7668dd83f41089') in 0.008886 seconds 
========================================================================
Received Import Request.
  Time since last request: 4.017999 seconds.
  path: Assets/Japanese landscape/Pipelines
  artifactKey: Guid(480d330a59bc4c3418382888e5e55bf7) Importer(815301076,1909f56bfc062723c751e8b465ee728b)
Start importing Assets/Japanese landscape/Pipelines using Guid(480d330a59bc4c3418382888e5e55bf7) Importer(815301076,1909f56bfc062723c751e8b465ee728b)  -> (artifact id: '42a28c61f4116d02b3a51480a840c22f') in 0.008743 seconds 
========================================================================
Received Import Request.
  Time since last request: 3.410611 seconds.
  path: Assets/Japanese landscape/Materials
  artifactKey: Guid(b5667918991921b43b9ad4d12ca9f720) Importer(815301076,1909f56bfc062723c751e8b465ee728b)
Start importing Assets/Japanese landscape/Materials using Guid(b5667918991921b43b9ad4d12ca9f720) Importer(815301076,1909f56bfc062723c751e8b465ee728b)  -> (artifact id: '3cb952b2f50ca249fbc37118cfd13e8d') in 0.006935 seconds 
========================================================================
Received Import Request.
  Time since last request: 18.500818 seconds.
  path: Assets/Japanese landscape/Sprites/Backgrounds/layer1
  artifactKey: Guid(5e030233c5b95034daa5c9cf5fede457) Importer(815301076,1909f56bfc062723c751e8b465ee728b)
Start importing Assets/Japanese landscape/Sprites/Backgrounds/layer1 using Guid(5e030233c5b95034daa5c9cf5fede457) Importer(815301076,1909f56bfc062723c751e8b465ee728b)  -> (artifact id: '2b29c9cb12da224034f92a0211e56470') in 0.008590 seconds 
========================================================================
Received Import Request.
  Time since last request: 0.072530 seconds.
  path: Assets/Japanese landscape/Sprites/Backgrounds/layer1/d1.png
  artifactKey: Guid(b1d036daed002304fb439bb8d4405d7c) Importer(815301076,1909f56bfc062723c751e8b465ee728b)
Start importing Assets/Japanese landscape/Sprites/Backgrounds/layer1/d1.png using Guid(b1d036daed002304fb439bb8d4405d7c) Importer(815301076,1909f56bfc062723c751e8b465ee728b)  -> (artifact id: 'b0258967bf5ffc5661c2185a71d1182d') in 0.032097 seconds 
========================================================================
Received Import Request.
  Time since last request: 0.000023 seconds.
  path: Assets/Japanese landscape/Sprites/Backgrounds/layer1/d4.png
  artifactKey: Guid(f44655c4890e97645bd5176f0c8f70bd) Importer(815301076,1909f56bfc062723c751e8b465ee728b)
Start importing Assets/Japanese landscape/Sprites/Backgrounds/layer1/d4.png using Guid(f44655c4890e97645bd5176f0c8f70bd) Importer(815301076,1909f56bfc062723c751e8b465ee728b)  -> (artifact id: '80b4e4df0e24d187ce934b37925b35bd') in 0.029212 seconds 
========================================================================
Received Import Request.
  Time since last request: 1.874867 seconds.
  path: Assets/Japanese landscape/Sprites/Backgrounds/layer2
  artifactKey: Guid(38592c34c75628c4593e26184a734bb0) Importer(815301076,1909f56bfc062723c751e8b465ee728b)
Start importing Assets/Japanese landscape/Sprites/Backgrounds/layer2 using Guid(38592c34c75628c4593e26184a734bb0) Importer(815301076,1909f56bfc062723c751e8b465ee728b)  -> (artifact id: '317adabe4e50ca6a9b06ec5fe2bc7b39') in 0.007395 seconds 
========================================================================
Received Import Request.
  Time since last request: 0.041202 seconds.
  path: Assets/Japanese landscape/Sprites/Backgrounds/layer2/c1.png
  artifactKey: Guid(210a33012ab072742be2590f97786245) Importer(815301076,1909f56bfc062723c751e8b465ee728b)
Start importing Assets/Japanese landscape/Sprites/Backgrounds/layer2/c1.png using Guid(210a33012ab072742be2590f97786245) Importer(815301076,1909f56bfc062723c751e8b465ee728b)  -> (artifact id: '069bfa82692cb82948d6ba5d1811bbc4') in 0.046881 seconds 
========================================================================
Received Import Request.
  Time since last request: 0.000023 seconds.
  path: Assets/Japanese landscape/Sprites/Backgrounds/layer2/c3.png
  artifactKey: Guid(fbb16490b8eaa2c458039793705b31b8) Importer(815301076,1909f56bfc062723c751e8b465ee728b)
Start importing Assets/Japanese landscape/Sprites/Backgrounds/layer2/c3.png using Guid(fbb16490b8eaa2c458039793705b31b8) Importer(815301076,1909f56bfc062723c751e8b465ee728b)  -> (artifact id: '93f03ccaac60cf6ac1b8342026589809') in 0.040695 seconds 
========================================================================
Received Import Request.
  Time since last request: 0.000022 seconds.
  path: Assets/Japanese landscape/Sprites/Backgrounds/layer2/c4.png
  artifactKey: Guid(98cec6769e4202f4aae45faab453e267) Importer(815301076,1909f56bfc062723c751e8b465ee728b)
Start importing Assets/Japanese landscape/Sprites/Backgrounds/layer2/c4.png using Guid(98cec6769e4202f4aae45faab453e267) Importer(815301076,1909f56bfc062723c751e8b465ee728b)  -> (artifact id: '63f9a561769e01c6f77b98734d6b4fb3') in 0.026815 seconds 
========================================================================
Received Import Request.
  Time since last request: 2.218780 seconds.
  path: Assets/Japanese landscape/Sprites/Backgrounds/layer4
  artifactKey: Guid(a70d162f1f471c54594fda04a217db90) Importer(815301076,1909f56bfc062723c751e8b465ee728b)
Start importing Assets/Japanese landscape/Sprites/Backgrounds/layer4 using Guid(a70d162f1f471c54594fda04a217db90) Importer(815301076,1909f56bfc062723c751e8b465ee728b)  -> (artifact id: 'c3d881df86b8a34fe048ab8ebcad32f9') in 0.008198 seconds 
========================================================================
Received Import Request.
  Time since last request: 0.089706 seconds.
  path: Assets/Japanese landscape/Sprites/Backgrounds/layer4/a1.png
  artifactKey: Guid(2c7d6cc800095024db7d4e0e640bb10d) Importer(815301076,1909f56bfc062723c751e8b465ee728b)
Start importing Assets/Japanese landscape/Sprites/Backgrounds/layer4/a1.png using Guid(2c7d6cc800095024db7d4e0e640bb10d) Importer(815301076,1909f56bfc062723c751e8b465ee728b)  -> (artifact id: 'af80a21d508935419f8e5f65d233d206') in 0.051997 seconds 
========================================================================
Received Import Request.
  Time since last request: 0.000028 seconds.
  path: Assets/Japanese landscape/Sprites/Backgrounds/layer4/a3.png
  artifactKey: Guid(b1ae0e3d7c0c2de4c96b4827e4717206) Importer(815301076,1909f56bfc062723c751e8b465ee728b)
Start importing Assets/Japanese landscape/Sprites/Backgrounds/layer4/a3.png using Guid(b1ae0e3d7c0c2de4c96b4827e4717206) Importer(815301076,1909f56bfc062723c751e8b465ee728b)  -> (artifact id: 'b5b87ccbfbe5673112147cbff5a94d9d') in 0.038005 seconds 
========================================================================
Received Import Request.
  Time since last request: 0.000019 seconds.
  path: Assets/Japanese landscape/Sprites/Backgrounds/layer4/a5.png
  artifactKey: Guid(a59b511c93cd42c458316307da0e825d) Importer(815301076,1909f56bfc062723c751e8b465ee728b)
Start importing Assets/Japanese landscape/Sprites/Backgrounds/layer4/a5.png using Guid(a59b511c93cd42c458316307da0e825d) Importer(815301076,1909f56bfc062723c751e8b465ee728b)  -> (artifact id: 'fc30454d050ab066eea9526a4933ff08') in 0.041383 seconds 
========================================================================
Received Prepare
Registering precompiled user dll's ...
Registered in 0.010868 seconds.
Begin MonoManager ReloadAssembly
Symbol file LoadedFromMemory doesn't match image C:\Users\Lucas\Documents\GitHub\LCFoxyPuzzlePlatformer\Library\PackageCache\com.unity.visualscripting@1.7.8\Editor\VisualScripting.Core\Dependencies\DotNetZip\Unity.VisualScripting.IonicZip.dll
Symbol file LoadedFromMemory doesn't match image C:\Users\Lucas\Documents\GitHub\LCFoxyPuzzlePlatformer\Library\PackageCache\com.unity.visualscripting@1.7.8\Editor\VisualScripting.Core\Dependencies\YamlDotNet\Unity.VisualScripting.YamlDotNet.dll
Native extension for WindowsStandalone target not found
Native extension for WebGL target not found
Refreshing native plugins compatible for Editor in 1.49 ms, found 4 plugins.
Preloading 0 native plugins for Editor in 0.00 ms.
Mono: successfully reloaded assembly
- Completed reload, in  1.059 seconds
Domain Reload Profiling:
	ReloadAssembly (1059ms)
		BeginReloadAssembly (131ms)
			ExecutionOrderSort (0ms)
			DisableScriptedObjects (7ms)
			BackupInstance (0ms)
			ReleaseScriptingObjects (0ms)
			CreateAndSetChildDomain (53ms)
		EndReloadAssembly (848ms)
			LoadAssemblies (82ms)
			RebuildTransferFunctionScriptingTraits (0ms)
			SetupTypeCache (201ms)
			ReleaseScriptCaches (2ms)
			RebuildScriptCaches (42ms)
			SetupLoadedEditorAssemblies (451ms)
				LogAssemblyErrors (0ms)
				InitializePlatformSupportModulesInManaged (10ms)
				SetLoadedEditorAssemblies (0ms)
				RefreshPlugins (2ms)
				BeforeProcessingInitializeOnLoad (85ms)
				ProcessInitializeOnLoadAttributes (218ms)
				ProcessInitializeOnLoadMethodAttributes (128ms)
				AfterProcessingInitializeOnLoad (7ms)
				EditorAssembliesLoaded (0ms)
			ExecutionOrderSort2 (0ms)
			AwakeInstancesAfterBackupRestoration (9ms)
Platform modules already initialized, skipping
Refreshing native plugins compatible for Editor in 8.16 ms, found 4 plugins.
Preloading 0 native plugins for Editor in 0.00 ms.
Unloading 6419 Unused Serialized files (Serialized files now loaded: 0)
Unloading 82 unused Assets / (2.0 MB). Loaded Objects now: 7127.
Memory consumption went from 253.0 MB to 251.1 MB.
Total: 7.562900 ms (FindLiveObjects: 0.434900 ms CreateObjectMapping: 0.364200 ms MarkObjects: 6.256800 ms  DeleteObjects: 0.506400 ms)

AssetImportParameters requested are different than current active one (requested -> active):
  custom:video-decoder-ogg-theora: a1e56fd34408186e4bbccfd4996cb3dc -> 
  custom:container-muxer-webm: aa71ff27fc2769a1b78a27578f13a17b -> 
  custom:container-demuxer-webm: 4f35f7cbe854078d1ac9338744f61a02 -> 
  custom:video-encoder-webm-vp8: eb34c28f22e8b96e1ab97ce403110664 -> 
  custom:video-codec-MediaFoundation-h265: 746d11721c4dcdbdad8f713fa42b33f4 -> 
  custom:audio-encoder-webm-vorbis: bf7c407c2cedff20999df2af8eb42d56 -> 
  custom:framework-win-MediaFoundation: 216162199b28c13a410421893ffa2e32 -> 
  custom:container-demuxer-ogg: 62fdf1f143b41e24485cea50d1cbac27 -> 
  custom:video-decoder-webm-vp8: 9c59270c3fd7afecdb556c50c9e8de78 -> 
  custom:audio-decoder-ogg-vorbis: bf7c407c2cedff20999df2af8eb42d56 -> 
========================================================================
Received Prepare
Registering precompiled user dll's ...
Registered in 0.009177 seconds.
Begin MonoManager ReloadAssembly
Symbol file LoadedFromMemory doesn't match image C:\Users\Lucas\Documents\GitHub\LCFoxyPuzzlePlatformer\Library\PackageCache\com.unity.visualscripting@1.7.8\Editor\VisualScripting.Core\Dependencies\DotNetZip\Unity.VisualScripting.IonicZip.dll
Symbol file LoadedFromMemory doesn't match image C:\Users\Lucas\Documents\GitHub\LCFoxyPuzzlePlatformer\Library\PackageCache\com.unity.visualscripting@1.7.8\Editor\VisualScripting.Core\Dependencies\YamlDotNet\Unity.VisualScripting.YamlDotNet.dll
Native extension for WindowsStandalone target not found
Native extension for WebGL target not found
Refreshing native plugins compatible for Editor in 1.66 ms, found 4 plugins.
Preloading 0 native plugins for Editor in 0.00 ms.
Mono: successfully reloaded assembly
- Completed reload, in  1.064 seconds
Domain Reload Profiling:
	ReloadAssembly (1064ms)
		BeginReloadAssembly (119ms)
			ExecutionOrderSort (0ms)
			DisableScriptedObjects (5ms)
			BackupInstance (0ms)
			ReleaseScriptingObjects (0ms)
			CreateAndSetChildDomain (42ms)
		EndReloadAssembly (866ms)
			LoadAssemblies (84ms)
			RebuildTransferFunctionScriptingTraits (0ms)
			SetupTypeCache (207ms)
			ReleaseScriptCaches (3ms)
			RebuildScriptCaches (50ms)
			SetupLoadedEditorAssemblies (459ms)
				LogAssemblyErrors (0ms)
				InitializePlatformSupportModulesInManaged (10ms)
				SetLoadedEditorAssemblies (0ms)
				RefreshPlugins (2ms)
				BeforeProcessingInitializeOnLoad (96ms)
				ProcessInitializeOnLoadAttributes (220ms)
				ProcessInitializeOnLoadMethodAttributes (124ms)
				AfterProcessingInitializeOnLoad (7ms)
				EditorAssembliesLoaded (0ms)
			ExecutionOrderSort2 (0ms)
			AwakeInstancesAfterBackupRestoration (10ms)
Platform modules already initialized, skipping
Refreshing native plugins compatible for Editor in 7.57 ms, found 4 plugins.
Preloading 0 native plugins for Editor in 0.00 ms.
Unloading 6420 Unused Serialized files (Serialized files now loaded: 0)
Unloading 82 unused Assets / (2.0 MB). Loaded Objects now: 7142.
Memory consumption went from 253.1 MB to 251.1 MB.
Total: 7.937000 ms (FindLiveObjects: 0.461500 ms CreateObjectMapping: 0.397300 ms MarkObjects: 6.511600 ms  DeleteObjects: 0.565900 ms)

AssetImportParameters requested are different than current active one (requested -> active):
  custom:video-decoder-ogg-theora: a1e56fd34408186e4bbccfd4996cb3dc -> 
  custom:container-muxer-webm: aa71ff27fc2769a1b78a27578f13a17b -> 
  custom:container-demuxer-webm: 4f35f7cbe854078d1ac9338744f61a02 -> 
  custom:video-encoder-webm-vp8: eb34c28f22e8b96e1ab97ce403110664 -> 
  custom:video-codec-MediaFoundation-h265: 746d11721c4dcdbdad8f713fa42b33f4 -> 
  custom:audio-encoder-webm-vorbis: bf7c407c2cedff20999df2af8eb42d56 -> 
  custom:framework-win-MediaFoundation: 216162199b28c13a410421893ffa2e32 -> 
  custom:container-demuxer-ogg: 62fdf1f143b41e24485cea50d1cbac27 -> 
  custom:video-decoder-webm-vp8: 9c59270c3fd7afecdb556c50c9e8de78 -> 
  custom:audio-decoder-ogg-vorbis: bf7c407c2cedff20999df2af8eb42d56 -> 
========================================================================
Received Prepare
Registering precompiled user dll's ...
Registered in 0.010200 seconds.
Begin MonoManager ReloadAssembly
Symbol file LoadedFromMemory doesn't match image C:\Users\Lucas\Documents\GitHub\LCFoxyPuzzlePlatformer\Library\PackageCache\com.unity.visualscripting@1.7.8\Editor\VisualScripting.Core\Dependencies\DotNetZip\Unity.VisualScripting.IonicZip.dll
Symbol file LoadedFromMemory doesn't match image C:\Users\Lucas\Documents\GitHub\LCFoxyPuzzlePlatformer\Library\PackageCache\com.unity.visualscripting@1.7.8\Editor\VisualScripting.Core\Dependencies\YamlDotNet\Unity.VisualScripting.YamlDotNet.dll
Native extension for WindowsStandalone target not found
Native extension for WebGL target not found
Refreshing native plugins compatible for Editor in 2.83 ms, found 4 plugins.
Preloading 0 native plugins for Editor in 0.00 ms.
Mono: successfully reloaded assembly
- Completed reload, in  1.281 seconds
Domain Reload Profiling:
	ReloadAssembly (1282ms)
		BeginReloadAssembly (153ms)
			ExecutionOrderSort (0ms)
			DisableScriptedObjects (7ms)
			BackupInstance (0ms)
			ReleaseScriptingObjects (0ms)
			CreateAndSetChildDomain (62ms)
		EndReloadAssembly (1031ms)
			LoadAssemblies (105ms)
			RebuildTransferFunctionScriptingTraits (0ms)
			SetupTypeCache (264ms)
			ReleaseScriptCaches (3ms)
			RebuildScriptCaches (71ms)
			SetupLoadedEditorAssemblies (502ms)
				LogAssemblyErrors (0ms)
				InitializePlatformSupportModulesInManaged (17ms)
				SetLoadedEditorAssemblies (1ms)
				RefreshPlugins (3ms)
				BeforeProcessingInitializeOnLoad (114ms)
				ProcessInitializeOnLoadAttributes (227ms)
				ProcessInitializeOnLoadMethodAttributes (132ms)
				AfterProcessingInitializeOnLoad (8ms)
				EditorAssembliesLoaded (0ms)
			ExecutionOrderSort2 (0ms)
			AwakeInstancesAfterBackupRestoration (10ms)
Platform modules already initialized, skipping
Refreshing native plugins compatible for Editor in 7.38 ms, found 4 plugins.
Preloading 0 native plugins for Editor in 0.00 ms.
Unloading 6421 Unused Serialized files (Serialized files now loaded: 0)
Unloading 82 unused Assets / (2.0 MB). Loaded Objects now: 7158.
Memory consumption went from 253.1 MB to 251.1 MB.
Total: 9.921200 ms (FindLiveObjects: 0.497000 ms CreateObjectMapping: 0.419100 ms MarkObjects: 8.306500 ms  DeleteObjects: 0.697600 ms)

AssetImportParameters requested are different than current active one (requested -> active):
  custom:video-decoder-ogg-theora: a1e56fd34408186e4bbccfd4996cb3dc -> 
  custom:container-muxer-webm: aa71ff27fc2769a1b78a27578f13a17b -> 
  custom:container-demuxer-webm: 4f35f7cbe854078d1ac9338744f61a02 -> 
  custom:video-encoder-webm-vp8: eb34c28f22e8b96e1ab97ce403110664 -> 
  custom:video-codec-MediaFoundation-h265: 746d11721c4dcdbdad8f713fa42b33f4 -> 
  custom:audio-encoder-webm-vorbis: bf7c407c2cedff20999df2af8eb42d56 -> 
  custom:framework-win-MediaFoundation: 216162199b28c13a410421893ffa2e32 -> 
  custom:container-demuxer-ogg: 62fdf1f143b41e24485cea50d1cbac27 -> 
  custom:video-decoder-webm-vp8: 9c59270c3fd7afecdb556c50c9e8de78 -> 
  custom:audio-decoder-ogg-vorbis: bf7c407c2cedff20999df2af8eb42d56 -> 
========================================================================
Received Import Request.
  Time since last request: 1768.842707 seconds.
  path: Assets/ImportedAssets/Character & Inventory/Character Stats Underline.png
  artifactKey: Guid(2d0fad04e922f574e930d1caed72e4d7) Importer(815301076,1909f56bfc062723c751e8b465ee728b)
Start importing Assets/ImportedAssets/Character & Inventory/Character Stats Underline.png using Guid(2d0fad04e922f574e930d1caed72e4d7) Importer(815301076,1909f56bfc062723c751e8b465ee728b)  -> (artifact id: '24804f4c6683eb72cda58c2b6c820be6') in 0.069443 seconds 
========================================================================
Received Import Request.
  Time since last request: 0.000021 seconds.
  path: Assets/ImportedAssets/Character & Inventory/Inventory Tab UnSelected.png
  artifactKey: Guid(5292f4c0b256028469cc15c015035c7f) Importer(815301076,1909f56bfc062723c751e8b465ee728b)
Start importing Assets/ImportedAssets/Character & Inventory/Inventory Tab UnSelected.png using Guid(5292f4c0b256028469cc15c015035c7f) Importer(815301076,1909f56bfc062723c751e8b465ee728b)  -> (artifact id: '732e867c74f736b706b950919a439bc1') in 0.025244 seconds 
========================================================================
Received Import Request.
  Time since last request: 0.000025 seconds.
  path: Assets/ImportedAssets/Character & Inventory/Inventory Currency Panel.png
  artifactKey: Guid(f4b177ca17fe6d04db7a82fa8c3b360f) Importer(815301076,1909f56bfc062723c751e8b465ee728b)
Start importing Assets/ImportedAssets/Character & Inventory/Inventory Currency Panel.png using Guid(f4b177ca17fe6d04db7a82fa8c3b360f) Importer(815301076,1909f56bfc062723c751e8b465ee728b)  -> (artifact id: '6bfa31076f610adea938ba47f48c79e9') in 0.026571 seconds 
Editor requested this worker to shutdown with reason: Scaling down because of idle timeout
AssetImportWorker is now disconnected from the server
Process exiting
Exiting without the bug reporter. Application will terminate with return code 0