Using pre-set license
Built from '2021.3/staging' branch; Version is '2021.3.7f1 (24e8595d6d43) revision 2418777'; Using compiler version '192829333'; Build Type 'Release'
OS: 'Windows 11  (10.0.22631) 64bit Core' Language: 'en' Physical Memory: 32657 MB
BatchMode: 1, IsHumanControllingUs: 0, StartBugReporterOnCrash: 0, Is64bit: 1, IsPro: 1

COMMAND LINE ARGUMENTS:
C:\Program Files\Unity\Hub\Editor\2021.3.7f1\Editor\Unity.exe
-adb2
-batchMode
-noUpm
-name
AssetImportWorker7
-projectPath
C:/Users/Lucas/Documents/GitHub/LCFoxyPuzzlePlatformer
-logFile
Logs/AssetImportWorker7.log
-srvPort
63014
Successfully changed project path to: C:/Users/Lucas/Documents/GitHub/LCFoxyPuzzlePlatformer
C:/Users/Lucas/Documents/GitHub/LCFoxyPuzzlePlatformer
[UnityMemory] Configuration Parameters - Can be set up in boot.config
    "memorysetup-bucket-allocator-granularity=16"
    "memorysetup-bucket-allocator-bucket-count=8"
    "memorysetup-bucket-allocator-block-size=33554432"
    "memorysetup-bucket-allocator-block-count=8"
    "memorysetup-main-allocator-block-size=16777216"
    "memorysetup-thread-allocator-block-size=16777216"
    "memorysetup-gfx-main-allocator-block-size=16777216"
    "memorysetup-gfx-thread-allocator-block-size=16777216"
    "memorysetup-cache-allocator-block-size=4194304"
    "memorysetup-typetree-allocator-block-size=2097152"
    "memorysetup-profiler-bucket-allocator-granularity=16"
    "memorysetup-profiler-bucket-allocator-bucket-count=8"
    "memorysetup-profiler-bucket-allocator-block-size=33554432"
    "memorysetup-profiler-bucket-allocator-block-count=8"
    "memorysetup-profiler-allocator-block-size=16777216"
    "memorysetup-profiler-editor-allocator-block-size=1048576"
    "memorysetup-temp-allocator-size-main=16777216"
    "memorysetup-job-temp-allocator-block-size=2097152"
    "memorysetup-job-temp-allocator-block-size-background=1048576"
    "memorysetup-job-temp-allocator-reduction-small-platforms=262144"
    "memorysetup-temp-allocator-size-background-worker=32768"
    "memorysetup-temp-allocator-size-job-worker=262144"
    "memorysetup-temp-allocator-size-preload-manager=33554432"
    "memorysetup-temp-allocator-size-nav-mesh-worker=65536"
    "memorysetup-temp-allocator-size-audio-worker=65536"
    "memorysetup-temp-allocator-size-cloud-worker=32768"
    "memorysetup-temp-allocator-size-gi-baking-worker=262144"
    "memorysetup-temp-allocator-size-gfx=262144"
Refreshing native plugins compatible for Editor in 166.38 ms, found 4 plugins.
Preloading 0 native plugins for Editor in 0.00 ms.
Initialize engine version: 2021.3.7f1 (24e8595d6d43)
[Subsystems] Discovering subsystems at path C:/Program Files/Unity/Hub/Editor/2021.3.7f1/Editor/Data/Resources/UnitySubsystems
[Subsystems] Discovering subsystems at path C:/Users/Lucas/Documents/GitHub/LCFoxyPuzzlePlatformer/Assets
GfxDevice: creating device client; threaded=0; jobified=0
Direct3D:
    Version:  Direct3D 11.0 [level 11.1]
    Renderer: NVIDIA GeForce RTX 3070 Ti (ID=0x2482)
    Vendor:   NVIDIA
    VRAM:     8018 MB
    Driver:   32.0.15.6094
Initialize mono
Mono path[0] = 'C:/Program Files/Unity/Hub/Editor/2021.3.7f1/Editor/Data/Managed'
Mono path[1] = 'C:/Program Files/Unity/Hub/Editor/2021.3.7f1/Editor/Data/MonoBleedingEdge/lib/mono/unityjit-win32'
Mono config path = 'C:/Program Files/Unity/Hub/Editor/2021.3.7f1/Editor/Data/MonoBleedingEdge/etc'
Using monoOptions --debugger-agent=transport=dt_socket,embedding=1,server=y,suspend=n,address=127.0.0.1:56844
Begin MonoManager ReloadAssembly
Registering precompiled unity dll's ...
Register platform support module: C:/Program Files/Unity/Hub/Editor/2021.3.7f1/Editor/Data/PlaybackEngines/WebGLSupport/UnityEditor.WebGL.Extensions.dll
Register platform support module: C:/Program Files/Unity/Hub/Editor/2021.3.7f1/Editor/Data/PlaybackEngines/WindowsStandaloneSupport/UnityEditor.WindowsStandalone.Extensions.dll
Registered in 0.006600 seconds.
Native extension for WindowsStandalone target not found
Native extension for WebGL target not found
Refreshing native plugins compatible for Editor in 120.85 ms, found 4 plugins.
Preloading 0 native plugins for Editor in 0.00 ms.
Mono: successfully reloaded assembly
- Completed reload, in  0.564 seconds
Domain Reload Profiling:
	ReloadAssembly (564ms)
		BeginReloadAssembly (66ms)
			ExecutionOrderSort (0ms)
			DisableScriptedObjects (0ms)
			BackupInstance (0ms)
			ReleaseScriptingObjects (0ms)
			CreateAndSetChildDomain (1ms)
		EndReloadAssembly (413ms)
			LoadAssemblies (64ms)
			RebuildTransferFunctionScriptingTraits (0ms)
			SetupTypeCache (80ms)
			ReleaseScriptCaches (0ms)
			RebuildScriptCaches (21ms)
			SetupLoadedEditorAssemblies (268ms)
				LogAssemblyErrors (0ms)
				InitializePlatformSupportModulesInManaged (7ms)
				SetLoadedEditorAssemblies (0ms)
				RefreshPlugins (121ms)
				BeforeProcessingInitializeOnLoad (1ms)
				ProcessInitializeOnLoadAttributes (106ms)
				ProcessInitializeOnLoadMethodAttributes (33ms)
				AfterProcessingInitializeOnLoad (0ms)
				EditorAssembliesLoaded (0ms)
			ExecutionOrderSort2 (0ms)
			AwakeInstancesAfterBackupRestoration (0ms)
Platform modules already initialized, skipping
Registering precompiled user dll's ...
Registered in 0.010116 seconds.
Begin MonoManager ReloadAssembly
Symbol file LoadedFromMemory doesn't match image C:\Users\Lucas\Documents\GitHub\LCFoxyPuzzlePlatformer\Library\PackageCache\com.unity.visualscripting@1.7.8\Editor\VisualScripting.Core\Dependencies\DotNetZip\Unity.VisualScripting.IonicZip.dll
Symbol file LoadedFromMemory doesn't match image C:\Users\Lucas\Documents\GitHub\LCFoxyPuzzlePlatformer\Library\PackageCache\com.unity.visualscripting@1.7.8\Editor\VisualScripting.Core\Dependencies\YamlDotNet\Unity.VisualScripting.YamlDotNet.dll
Native extension for WindowsStandalone target not found
Native extension for WebGL target not found
Refreshing native plugins compatible for Editor in 119.59 ms, found 4 plugins.
Preloading 0 native plugins for Editor in 0.00 ms.
Package Manager log level set to [2]
Mono: successfully reloaded assembly
- Completed reload, in  1.230 seconds
Domain Reload Profiling:
	ReloadAssembly (1231ms)
		BeginReloadAssembly (113ms)
			ExecutionOrderSort (0ms)
			DisableScriptedObjects (5ms)
			BackupInstance (0ms)
			ReleaseScriptingObjects (0ms)
			CreateAndSetChildDomain (28ms)
		EndReloadAssembly (1018ms)
			LoadAssemblies (99ms)
			RebuildTransferFunctionScriptingTraits (0ms)
			SetupTypeCache (217ms)
			ReleaseScriptCaches (1ms)
			RebuildScriptCaches (53ms)
			SetupLoadedEditorAssemblies (618ms)
				LogAssemblyErrors (0ms)
				InitializePlatformSupportModulesInManaged (4ms)
				SetLoadedEditorAssemblies (0ms)
				RefreshPlugins (120ms)
				BeforeProcessingInitializeOnLoad (118ms)
				ProcessInitializeOnLoadAttributes (238ms)
				ProcessInitializeOnLoadMethodAttributes (130ms)
				AfterProcessingInitializeOnLoad (8ms)
				EditorAssembliesLoaded (0ms)
			ExecutionOrderSort2 (0ms)
			AwakeInstancesAfterBackupRestoration (4ms)
Platform modules already initialized, skipping
========================================================================
Worker process is ready to serve import requests
Launched and connected shader compiler UnityShaderCompiler.exe after 0.04 seconds
Refreshing native plugins compatible for Editor in 1.52 ms, found 4 plugins.
Preloading 0 native plugins for Editor in 0.00 ms.
Unloading 6590 Unused Serialized files (Serialized files now loaded: 0)
Unloading 107 unused Assets / (2.0 MB). Loaded Objects now: 7000.
Memory consumption went from 257.5 MB to 255.5 MB.
Total: 7.349200 ms (FindLiveObjects: 0.496600 ms CreateObjectMapping: 0.376800 ms MarkObjects: 5.977100 ms  DeleteObjects: 0.498100 ms)

AssetImportParameters requested are different than current active one (requested -> active):
  custom:video-decoder-ogg-theora: a1e56fd34408186e4bbccfd4996cb3dc -> 
  custom:container-muxer-webm: aa71ff27fc2769a1b78a27578f13a17b -> 
  custom:container-demuxer-webm: 4f35f7cbe854078d1ac9338744f61a02 -> 
  custom:video-encoder-webm-vp8: eb34c28f22e8b96e1ab97ce403110664 -> 
  custom:video-codec-MediaFoundation-h265: 746d11721c4dcdbdad8f713fa42b33f4 -> 
  custom:audio-encoder-webm-vorbis: bf7c407c2cedff20999df2af8eb42d56 -> 
  custom:framework-win-MediaFoundation: 216162199b28c13a410421893ffa2e32 -> 
  custom:container-demuxer-ogg: 62fdf1f143b41e24485cea50d1cbac27 -> 
  custom:video-decoder-webm-vp8: 9c59270c3fd7afecdb556c50c9e8de78 -> 
  custom:audio-decoder-ogg-vorbis: bf7c407c2cedff20999df2af8eb42d56 -> 
========================================================================
Received Import Request.
  Time since last request: 1394143.985027 seconds.
  path: Assets/ImportedAssets/Japanese_Food_Icon_Pack_Vol.01/JAPANESE_FOOD/128×128/Sushi_Bar/Cucumber_Roll.png
  artifactKey: Guid(d2c085a377988064c9a33b05153f4161) Importer(815301076,1909f56bfc062723c751e8b465ee728b)
Start importing Assets/ImportedAssets/Japanese_Food_Icon_Pack_Vol.01/JAPANESE_FOOD/128×128/Sushi_Bar/Cucumber_Roll.png using Guid(d2c085a377988064c9a33b05153f4161) Importer(815301076,1909f56bfc062723c751e8b465ee728b)  -> (artifact id: '8e18c06b686d562a1f09dd88ef8d6d92') in 0.118924 seconds 
========================================================================
Received Import Request.
  Time since last request: 0.000027 seconds.
  path: Assets/ImportedAssets/Japanese_Food_Icon_Pack_Vol.01/JAPANESE_FOOD/128×128/Sushi_Bar/Tuna.png
  artifactKey: Guid(c4c3e36003a5454448b96358997abf14) Importer(815301076,1909f56bfc062723c751e8b465ee728b)
Start importing Assets/ImportedAssets/Japanese_Food_Icon_Pack_Vol.01/JAPANESE_FOOD/128×128/Sushi_Bar/Tuna.png using Guid(c4c3e36003a5454448b96358997abf14) Importer(815301076,1909f56bfc062723c751e8b465ee728b)  -> (artifact id: '5999f10fcf00083050d70bf47573a59a') in 0.026478 seconds 
========================================================================
Received Import Request.
  Time since last request: 0.000040 seconds.
  path: Assets/ImportedAssets/Japanese_Food_Icon_Pack_Vol.01/JAPANESE_FOOD/128×128/Sushi_Bar/Tuna_sushi_Roll.png
  artifactKey: Guid(56a5e7093ad0d224caf9f406566b7640) Importer(815301076,1909f56bfc062723c751e8b465ee728b)
Start importing Assets/ImportedAssets/Japanese_Food_Icon_Pack_Vol.01/JAPANESE_FOOD/128×128/Sushi_Bar/Tuna_sushi_Roll.png using Guid(56a5e7093ad0d224caf9f406566b7640) Importer(815301076,1909f56bfc062723c751e8b465ee728b)  -> (artifact id: '4eb354c86db25b11f0ce61f0cff67a40') in 0.030824 seconds 
========================================================================
Received Import Request.
  Time since last request: 0.000026 seconds.
  path: Assets/ImportedAssets/Japanese_Food_Icon_Pack_Vol.01/JAPANESE_FOOD/128×128/Sushi_Bar/Hand_formed_sushi_Egg.png
  artifactKey: Guid(1717222f31271b54faf30fe589caf2b6) Importer(815301076,1909f56bfc062723c751e8b465ee728b)
Start importing Assets/ImportedAssets/Japanese_Food_Icon_Pack_Vol.01/JAPANESE_FOOD/128×128/Sushi_Bar/Hand_formed_sushi_Egg.png using Guid(1717222f31271b54faf30fe589caf2b6) Importer(815301076,1909f56bfc062723c751e8b465ee728b)  -> (artifact id: '6732f4a8fe95bc5e49cb6e82f81b85d8') in 0.024484 seconds 
========================================================================
Received Import Request.
  Time since last request: 0.000030 seconds.
  path: Assets/ImportedAssets/Japanese_Food_Icon_Pack_Vol.01/JAPANESE_FOOD/128×128/Sushi_Bar/Striped_jack.png
  artifactKey: Guid(084c809635d5b044e9775e708b726fd4) Importer(815301076,1909f56bfc062723c751e8b465ee728b)
Start importing Assets/ImportedAssets/Japanese_Food_Icon_Pack_Vol.01/JAPANESE_FOOD/128×128/Sushi_Bar/Striped_jack.png using Guid(084c809635d5b044e9775e708b726fd4) Importer(815301076,1909f56bfc062723c751e8b465ee728b)  -> (artifact id: 'cbf664a5418a534f5d48b69abef78e13') in 0.033875 seconds 
========================================================================
Received Import Request.
  Time since last request: 0.000021 seconds.
  path: Assets/ImportedAssets/Japanese_Food_Icon_Pack_Vol.01/JAPANESE_FOOD/128×128/Sushi_Bar/Medium_fatty_tuna.png
  artifactKey: Guid(34b1b36e9d202a648bd3d021e79ffeec) Importer(815301076,1909f56bfc062723c751e8b465ee728b)
Start importing Assets/ImportedAssets/Japanese_Food_Icon_Pack_Vol.01/JAPANESE_FOOD/128×128/Sushi_Bar/Medium_fatty_tuna.png using Guid(34b1b36e9d202a648bd3d021e79ffeec) Importer(815301076,1909f56bfc062723c751e8b465ee728b)  -> (artifact id: '8cb6168bae4be70de0bdf48b77cf433c') in 0.024243 seconds 
========================================================================
Received Import Request.
  Time since last request: 0.000018 seconds.
  path: Assets/ImportedAssets/Japanese_Food_Icon_Pack_Vol.01/JAPANESE_FOOD/128×128/Sushi_Bar/Live_Squid.png
  artifactKey: Guid(cfaa6bbc556220149a6314286ea5816f) Importer(815301076,1909f56bfc062723c751e8b465ee728b)
Start importing Assets/ImportedAssets/Japanese_Food_Icon_Pack_Vol.01/JAPANESE_FOOD/128×128/Sushi_Bar/Live_Squid.png using Guid(cfaa6bbc556220149a6314286ea5816f) Importer(815301076,1909f56bfc062723c751e8b465ee728b)  -> (artifact id: 'b671d867a6c28019d5701415eb9cbffe') in 0.023818 seconds 
========================================================================
Received Import Request.
  Time since last request: 0.000019 seconds.
  path: Assets/ImportedAssets/Japanese_Food_Icon_Pack_Vol.01/JAPANESE_FOOD/128×128/Sushi_Bar/Salmon_roe_Warship_Winding.png
  artifactKey: Guid(8ff8cc16fa3285941a5d7c01b20e9225) Importer(815301076,1909f56bfc062723c751e8b465ee728b)
Start importing Assets/ImportedAssets/Japanese_Food_Icon_Pack_Vol.01/JAPANESE_FOOD/128×128/Sushi_Bar/Salmon_roe_Warship_Winding.png using Guid(8ff8cc16fa3285941a5d7c01b20e9225) Importer(815301076,1909f56bfc062723c751e8b465ee728b)  -> (artifact id: 'f3f8d5ab8651ab9e9a43b2b694094e1b') in 0.027628 seconds 
========================================================================
Received Import Request.
  Time since last request: 0.000020 seconds.
  path: Assets/ImportedAssets/Japanese_Food_Icon_Pack_Vol.01/JAPANESE_FOOD/128×128/Sushi_Bar/Hand_formed_sushi_Horse_mackerel.png
  artifactKey: Guid(f946b6cd3defe0c49879c4a6227802f9) Importer(815301076,1909f56bfc062723c751e8b465ee728b)
Start importing Assets/ImportedAssets/Japanese_Food_Icon_Pack_Vol.01/JAPANESE_FOOD/128×128/Sushi_Bar/Hand_formed_sushi_Horse_mackerel.png using Guid(f946b6cd3defe0c49879c4a6227802f9) Importer(815301076,1909f56bfc062723c751e8b465ee728b)  -> (artifact id: 'fd4bdec5addc42a47557ec411ccbcfd5') in 0.018325 seconds 
Editor requested this worker to shutdown with reason: Scaling down because of idle timeout
AssetImportWorker is now disconnected from the server
Process exiting
Exiting without the bug reporter. Application will terminate with return code 0