Using pre-set license
Built from '2021.3/staging' branch; Version is '2021.3.7f1 (24e8595d6d43) revision 2418777'; Using compiler version '192829333'; Build Type 'Release'
OS: 'Windows 11  (10.0.22631) 64bit Core' Language: 'en' Physical Memory: 32657 MB
BatchMode: 1, IsHumanControllingUs: 0, StartBugReporterOnCrash: 0, Is64bit: 1, IsPro: 1

COMMAND LINE ARGUMENTS:
C:\Program Files\Unity\Hub\Editor\2021.3.7f1\Editor\Unity.exe
-adb2
-batchMode
-noUpm
-name
AssetImportWorker8
-projectPath
C:/Users/Lucas/Documents/GitHub/LCFoxyPuzzlePlatformer
-logFile
Logs/AssetImportWorker8.log
-srvPort
63014
Successfully changed project path to: C:/Users/Lucas/Documents/GitHub/LCFoxyPuzzlePlatformer
C:/Users/Lucas/Documents/GitHub/LCFoxyPuzzlePlatformer
[UnityMemory] Configuration Parameters - Can be set up in boot.config
    "memorysetup-bucket-allocator-granularity=16"
    "memorysetup-bucket-allocator-bucket-count=8"
    "memorysetup-bucket-allocator-block-size=33554432"
    "memorysetup-bucket-allocator-block-count=8"
    "memorysetup-main-allocator-block-size=16777216"
    "memorysetup-thread-allocator-block-size=16777216"
    "memorysetup-gfx-main-allocator-block-size=16777216"
    "memorysetup-gfx-thread-allocator-block-size=16777216"
    "memorysetup-cache-allocator-block-size=4194304"
    "memorysetup-typetree-allocator-block-size=2097152"
    "memorysetup-profiler-bucket-allocator-granularity=16"
    "memorysetup-profiler-bucket-allocator-bucket-count=8"
    "memorysetup-profiler-bucket-allocator-block-size=33554432"
    "memorysetup-profiler-bucket-allocator-block-count=8"
    "memorysetup-profiler-allocator-block-size=16777216"
    "memorysetup-profiler-editor-allocator-block-size=1048576"
    "memorysetup-temp-allocator-size-main=16777216"
    "memorysetup-job-temp-allocator-block-size=2097152"
    "memorysetup-job-temp-allocator-block-size-background=1048576"
    "memorysetup-job-temp-allocator-reduction-small-platforms=262144"
    "memorysetup-temp-allocator-size-background-worker=32768"
    "memorysetup-temp-allocator-size-job-worker=262144"
    "memorysetup-temp-allocator-size-preload-manager=33554432"
    "memorysetup-temp-allocator-size-nav-mesh-worker=65536"
    "memorysetup-temp-allocator-size-audio-worker=65536"
    "memorysetup-temp-allocator-size-cloud-worker=32768"
    "memorysetup-temp-allocator-size-gi-baking-worker=262144"
    "memorysetup-temp-allocator-size-gfx=262144"
Refreshing native plugins compatible for Editor in 167.92 ms, found 4 plugins.
Preloading 0 native plugins for Editor in 0.00 ms.
Initialize engine version: 2021.3.7f1 (24e8595d6d43)
[Subsystems] Discovering subsystems at path C:/Program Files/Unity/Hub/Editor/2021.3.7f1/Editor/Data/Resources/UnitySubsystems
[Subsystems] Discovering subsystems at path C:/Users/Lucas/Documents/GitHub/LCFoxyPuzzlePlatformer/Assets
GfxDevice: creating device client; threaded=0; jobified=0
Direct3D:
    Version:  Direct3D 11.0 [level 11.1]
    Renderer: NVIDIA GeForce RTX 3070 Ti (ID=0x2482)
    Vendor:   NVIDIA
    VRAM:     8018 MB
    Driver:   32.0.15.6094
Initialize mono
Mono path[0] = 'C:/Program Files/Unity/Hub/Editor/2021.3.7f1/Editor/Data/Managed'
Mono path[1] = 'C:/Program Files/Unity/Hub/Editor/2021.3.7f1/Editor/Data/MonoBleedingEdge/lib/mono/unityjit-win32'
Mono config path = 'C:/Program Files/Unity/Hub/Editor/2021.3.7f1/Editor/Data/MonoBleedingEdge/etc'
Using monoOptions --debugger-agent=transport=dt_socket,embedding=1,server=y,suspend=n,address=127.0.0.1:56136
Begin MonoManager ReloadAssembly
Registering precompiled unity dll's ...
Register platform support module: C:/Program Files/Unity/Hub/Editor/2021.3.7f1/Editor/Data/PlaybackEngines/WebGLSupport/UnityEditor.WebGL.Extensions.dll
Register platform support module: C:/Program Files/Unity/Hub/Editor/2021.3.7f1/Editor/Data/PlaybackEngines/WindowsStandaloneSupport/UnityEditor.WindowsStandalone.Extensions.dll
Registered in 0.006599 seconds.
Native extension for WindowsStandalone target not found
Native extension for WebGL target not found
Refreshing native plugins compatible for Editor in 124.23 ms, found 4 plugins.
Preloading 0 native plugins for Editor in 0.00 ms.
Mono: successfully reloaded assembly
- Completed reload, in  0.552 seconds
Domain Reload Profiling:
	ReloadAssembly (553ms)
		BeginReloadAssembly (55ms)
			ExecutionOrderSort (0ms)
			DisableScriptedObjects (0ms)
			BackupInstance (0ms)
			ReleaseScriptingObjects (0ms)
			CreateAndSetChildDomain (1ms)
		EndReloadAssembly (408ms)
			LoadAssemblies (53ms)
			RebuildTransferFunctionScriptingTraits (0ms)
			SetupTypeCache (76ms)
			ReleaseScriptCaches (0ms)
			RebuildScriptCaches (18ms)
			SetupLoadedEditorAssemblies (270ms)
				LogAssemblyErrors (0ms)
				InitializePlatformSupportModulesInManaged (7ms)
				SetLoadedEditorAssemblies (0ms)
				RefreshPlugins (124ms)
				BeforeProcessingInitializeOnLoad (1ms)
				ProcessInitializeOnLoadAttributes (105ms)
				ProcessInitializeOnLoadMethodAttributes (33ms)
				AfterProcessingInitializeOnLoad (0ms)
				EditorAssembliesLoaded (0ms)
			ExecutionOrderSort2 (0ms)
			AwakeInstancesAfterBackupRestoration (0ms)
Platform modules already initialized, skipping
Registering precompiled user dll's ...
Registered in 0.009533 seconds.
Begin MonoManager ReloadAssembly
Symbol file LoadedFromMemory doesn't match image C:\Users\Lucas\Documents\GitHub\LCFoxyPuzzlePlatformer\Library\PackageCache\com.unity.visualscripting@1.7.8\Editor\VisualScripting.Core\Dependencies\DotNetZip\Unity.VisualScripting.IonicZip.dll
Symbol file LoadedFromMemory doesn't match image C:\Users\Lucas\Documents\GitHub\LCFoxyPuzzlePlatformer\Library\PackageCache\com.unity.visualscripting@1.7.8\Editor\VisualScripting.Core\Dependencies\YamlDotNet\Unity.VisualScripting.YamlDotNet.dll
Native extension for WindowsStandalone target not found
Native extension for WebGL target not found
Refreshing native plugins compatible for Editor in 117.15 ms, found 4 plugins.
Preloading 0 native plugins for Editor in 0.00 ms.
Package Manager log level set to [2]
Mono: successfully reloaded assembly
- Completed reload, in  1.268 seconds
Domain Reload Profiling:
	ReloadAssembly (1268ms)
		BeginReloadAssembly (93ms)
			ExecutionOrderSort (0ms)
			DisableScriptedObjects (4ms)
			BackupInstance (0ms)
			ReleaseScriptingObjects (0ms)
			CreateAndSetChildDomain (18ms)
		EndReloadAssembly (1079ms)
			LoadAssemblies (93ms)
			RebuildTransferFunctionScriptingTraits (0ms)
			SetupTypeCache (217ms)
			ReleaseScriptCaches (2ms)
			RebuildScriptCaches (66ms)
			SetupLoadedEditorAssemblies (662ms)
				LogAssemblyErrors (0ms)
				InitializePlatformSupportModulesInManaged (6ms)
				SetLoadedEditorAssemblies (0ms)
				RefreshPlugins (117ms)
				BeforeProcessingInitializeOnLoad (119ms)
				ProcessInitializeOnLoadAttributes (263ms)
				ProcessInitializeOnLoadMethodAttributes (147ms)
				AfterProcessingInitializeOnLoad (9ms)
				EditorAssembliesLoaded (0ms)
			ExecutionOrderSort2 (0ms)
			AwakeInstancesAfterBackupRestoration (5ms)
Platform modules already initialized, skipping
========================================================================
Worker process is ready to serve import requests
Launched and connected shader compiler UnityShaderCompiler.exe after 0.04 seconds
Refreshing native plugins compatible for Editor in 1.54 ms, found 4 plugins.
Preloading 0 native plugins for Editor in 0.00 ms.
Unloading 6590 Unused Serialized files (Serialized files now loaded: 0)
Unloading 107 unused Assets / (2.0 MB). Loaded Objects now: 7000.
Memory consumption went from 257.5 MB to 255.5 MB.
Total: 7.580900 ms (FindLiveObjects: 0.587500 ms CreateObjectMapping: 0.482800 ms MarkObjects: 5.974300 ms  DeleteObjects: 0.535900 ms)

AssetImportParameters requested are different than current active one (requested -> active):
  custom:video-decoder-ogg-theora: a1e56fd34408186e4bbccfd4996cb3dc -> 
  custom:container-muxer-webm: aa71ff27fc2769a1b78a27578f13a17b -> 
  custom:container-demuxer-webm: 4f35f7cbe854078d1ac9338744f61a02 -> 
  custom:video-encoder-webm-vp8: eb34c28f22e8b96e1ab97ce403110664 -> 
  custom:video-codec-MediaFoundation-h265: 746d11721c4dcdbdad8f713fa42b33f4 -> 
  custom:audio-encoder-webm-vorbis: bf7c407c2cedff20999df2af8eb42d56 -> 
  custom:framework-win-MediaFoundation: 216162199b28c13a410421893ffa2e32 -> 
  custom:container-demuxer-ogg: 62fdf1f143b41e24485cea50d1cbac27 -> 
  custom:video-decoder-webm-vp8: 9c59270c3fd7afecdb556c50c9e8de78 -> 
  custom:audio-decoder-ogg-vorbis: bf7c407c2cedff20999df2af8eb42d56 -> 
========================================================================
Received Import Request.
  Time since last request: 1394704.183675 seconds.
  path: Assets/LucasStuff/Scripts/ItemBase.cs
  artifactKey: Guid(1f9d8666d6f26f64593adf19d92d09cc) Importer(815301076,1909f56bfc062723c751e8b465ee728b)
Start importing Assets/LucasStuff/Scripts/ItemBase.cs using Guid(1f9d8666d6f26f64593adf19d92d09cc) Importer(815301076,1909f56bfc062723c751e8b465ee728b)  -> (artifact id: 'fe66e2c85c973a4fad73dc8246f08902') in 0.038346 seconds 
========================================================================
Received Prepare
Registering precompiled user dll's ...
Registered in 0.009522 seconds.
Begin MonoManager ReloadAssembly
Symbol file LoadedFromMemory doesn't match image C:\Users\Lucas\Documents\GitHub\LCFoxyPuzzlePlatformer\Library\PackageCache\com.unity.visualscripting@1.7.8\Editor\VisualScripting.Core\Dependencies\DotNetZip\Unity.VisualScripting.IonicZip.dll
Symbol file LoadedFromMemory doesn't match image C:\Users\Lucas\Documents\GitHub\LCFoxyPuzzlePlatformer\Library\PackageCache\com.unity.visualscripting@1.7.8\Editor\VisualScripting.Core\Dependencies\YamlDotNet\Unity.VisualScripting.YamlDotNet.dll
Native extension for WindowsStandalone target not found
Native extension for WebGL target not found
Refreshing native plugins compatible for Editor in 2.49 ms, found 4 plugins.
Preloading 0 native plugins for Editor in 0.00 ms.
Mono: successfully reloaded assembly
- Completed reload, in  1.123 seconds
Domain Reload Profiling:
	ReloadAssembly (1123ms)
		BeginReloadAssembly (120ms)
			ExecutionOrderSort (0ms)
			DisableScriptedObjects (5ms)
			BackupInstance (0ms)
			ReleaseScriptingObjects (0ms)
			CreateAndSetChildDomain (43ms)
		EndReloadAssembly (927ms)
			LoadAssemblies (87ms)
			RebuildTransferFunctionScriptingTraits (0ms)
			SetupTypeCache (214ms)
			ReleaseScriptCaches (2ms)
			RebuildScriptCaches (52ms)
			SetupLoadedEditorAssemblies (507ms)
				LogAssemblyErrors (0ms)
				InitializePlatformSupportModulesInManaged (16ms)
				SetLoadedEditorAssemblies (1ms)
				RefreshPlugins (3ms)
				BeforeProcessingInitializeOnLoad (112ms)
				ProcessInitializeOnLoadAttributes (220ms)
				ProcessInitializeOnLoadMethodAttributes (147ms)
				AfterProcessingInitializeOnLoad (8ms)
				EditorAssembliesLoaded (0ms)
			ExecutionOrderSort2 (0ms)
			AwakeInstancesAfterBackupRestoration (8ms)
Platform modules already initialized, skipping
Refreshing native plugins compatible for Editor in 6.81 ms, found 4 plugins.
Preloading 0 native plugins for Editor in 0.00 ms.
Unloading 6417 Unused Serialized files (Serialized files now loaded: 0)
Unloading 82 unused Assets / (2.0 MB). Loaded Objects now: 7016.
Memory consumption went from 245.9 MB to 243.9 MB.
Total: 7.323500 ms (FindLiveObjects: 0.495200 ms CreateObjectMapping: 0.370800 ms MarkObjects: 5.937200 ms  DeleteObjects: 0.519600 ms)

AssetImportParameters requested are different than current active one (requested -> active):
  custom:video-decoder-ogg-theora: a1e56fd34408186e4bbccfd4996cb3dc -> 
  custom:container-muxer-webm: aa71ff27fc2769a1b78a27578f13a17b -> 
  custom:container-demuxer-webm: 4f35f7cbe854078d1ac9338744f61a02 -> 
  custom:video-encoder-webm-vp8: eb34c28f22e8b96e1ab97ce403110664 -> 
  custom:video-codec-MediaFoundation-h265: 746d11721c4dcdbdad8f713fa42b33f4 -> 
  custom:audio-encoder-webm-vorbis: bf7c407c2cedff20999df2af8eb42d56 -> 
  custom:framework-win-MediaFoundation: 216162199b28c13a410421893ffa2e32 -> 
  custom:container-demuxer-ogg: 62fdf1f143b41e24485cea50d1cbac27 -> 
  custom:video-decoder-webm-vp8: 9c59270c3fd7afecdb556c50c9e8de78 -> 
  custom:audio-decoder-ogg-vorbis: bf7c407c2cedff20999df2af8eb42d56 -> 
========================================================================
Received Import Request.
  Time since last request: 16.977836 seconds.
  path: Assets/ImportedAssets/Japanese_Food_Icon_Pack_Vol.01/JAPANESE_FOOD/512×512/Home_Cooking/Boiled_Chikuzen.png
  artifactKey: Guid(464e0134b34978d4191796b736d6ce06) Importer(815301076,1909f56bfc062723c751e8b465ee728b)
Start importing Assets/ImportedAssets/Japanese_Food_Icon_Pack_Vol.01/JAPANESE_FOOD/512×512/Home_Cooking/Boiled_Chikuzen.png using Guid(464e0134b34978d4191796b736d6ce06) Importer(815301076,1909f56bfc062723c751e8b465ee728b)  -> (artifact id: 'f86ec794937e92b402378c3cc1d6a944') in 0.102536 seconds 
========================================================================
Received Import Request.
  Time since last request: 0.000021 seconds.
  path: Assets/ImportedAssets/Japanese_Food_Icon_Pack_Vol.01/JAPANESE_FOOD/512×512/Home_Cooking/Miso_Dengaku.png
  artifactKey: Guid(8fb8e79a88f0ce644ae073054121aad7) Importer(815301076,1909f56bfc062723c751e8b465ee728b)
Start importing Assets/ImportedAssets/Japanese_Food_Icon_Pack_Vol.01/JAPANESE_FOOD/512×512/Home_Cooking/Miso_Dengaku.png using Guid(8fb8e79a88f0ce644ae073054121aad7) Importer(815301076,1909f56bfc062723c751e8b465ee728b)  -> (artifact id: '0eeff67fd60271a4762da63a9083f51e') in 0.034562 seconds 
========================================================================
Received Import Request.
  Time since last request: 0.000035 seconds.
  path: Assets/ImportedAssets/Japanese_Food_Icon_Pack_Vol.01/JAPANESE_FOOD/512×512/Home_Cooking/Salted_grilled_salmon.png
  artifactKey: Guid(95405752cbe210149b16a2fecbcae086) Importer(815301076,1909f56bfc062723c751e8b465ee728b)
Start importing Assets/ImportedAssets/Japanese_Food_Icon_Pack_Vol.01/JAPANESE_FOOD/512×512/Home_Cooking/Salted_grilled_salmon.png using Guid(95405752cbe210149b16a2fecbcae086) Importer(815301076,1909f56bfc062723c751e8b465ee728b)  -> (artifact id: '2c83dc6d7029565a9221f4591ef14e67') in 0.040011 seconds 
========================================================================
Received Import Request.
  Time since last request: 0.000018 seconds.
  path: Assets/ImportedAssets/Japanese_Food_Icon_Pack_Vol.01/JAPANESE_FOOD/512×512/Home_Cooking/Stewed_chicken_wings.png
  artifactKey: Guid(e7cb9fb910d493a43b06ca41aed20b1c) Importer(815301076,1909f56bfc062723c751e8b465ee728b)
Start importing Assets/ImportedAssets/Japanese_Food_Icon_Pack_Vol.01/JAPANESE_FOOD/512×512/Home_Cooking/Stewed_chicken_wings.png using Guid(e7cb9fb910d493a43b06ca41aed20b1c) Importer(815301076,1909f56bfc062723c751e8b465ee728b)  -> (artifact id: '1f473e70ebbcaf3744e0b9ac3222c753') in 0.036450 seconds 
========================================================================
Received Import Request.
  Time since last request: 0.000023 seconds.
  path: Assets/ImportedAssets/Japanese_Food_Icon_Pack_Vol.01/JAPANESE_FOOD/512×512/Home_Cooking/Mackerel_miso.png
  artifactKey: Guid(e4b9c868f3272b749b8907a5523b2600) Importer(815301076,1909f56bfc062723c751e8b465ee728b)
Start importing Assets/ImportedAssets/Japanese_Food_Icon_Pack_Vol.01/JAPANESE_FOOD/512×512/Home_Cooking/Mackerel_miso.png using Guid(e4b9c868f3272b749b8907a5523b2600) Importer(815301076,1909f56bfc062723c751e8b465ee728b)  -> (artifact id: '5bb250eea4f142d7fe629d263f8bfdd9') in 0.037339 seconds 
========================================================================
Received Import Request.
  Time since last request: 0.000019 seconds.
  path: Assets/ImportedAssets/Japanese_Food_Icon_Pack_Vol.01/JAPANESE_FOOD/512×512/Home_Cooking/Deep_fried_tofu.png
  artifactKey: Guid(9b9c206065e8c6742ab22938cd2d7716) Importer(815301076,1909f56bfc062723c751e8b465ee728b)
Start importing Assets/ImportedAssets/Japanese_Food_Icon_Pack_Vol.01/JAPANESE_FOOD/512×512/Home_Cooking/Deep_fried_tofu.png using Guid(9b9c206065e8c6742ab22938cd2d7716) Importer(815301076,1909f56bfc062723c751e8b465ee728b)  -> (artifact id: '3de771551ab15267e57179183d58ce94') in 0.034525 seconds 
========================================================================
Received Import Request.
  Time since last request: 0.000022 seconds.
  path: Assets/ImportedAssets/Japanese_Food_Icon_Pack_Vol.01/JAPANESE_FOOD/512×512/Home_Cooking/Fried_spring_roll.png
  artifactKey: Guid(f845e297e80a30e448aaed1ad1a14740) Importer(815301076,1909f56bfc062723c751e8b465ee728b)
Start importing Assets/ImportedAssets/Japanese_Food_Icon_Pack_Vol.01/JAPANESE_FOOD/512×512/Home_Cooking/Fried_spring_roll.png using Guid(f845e297e80a30e448aaed1ad1a14740) Importer(815301076,1909f56bfc062723c751e8b465ee728b)  -> (artifact id: '5e379920c078793b24832e3457a52d5b') in 0.037083 seconds 
========================================================================
Received Import Request.
  Time since last request: 0.000029 seconds.
  path: Assets/ImportedAssets/Japanese_Food_Icon_Pack_Vol.01/JAPANESE_FOOD/512×512/Home_Cooking/Raw_Egg.png
  artifactKey: Guid(295e770e02d5b5a428790771e3aced8d) Importer(815301076,1909f56bfc062723c751e8b465ee728b)
Start importing Assets/ImportedAssets/Japanese_Food_Icon_Pack_Vol.01/JAPANESE_FOOD/512×512/Home_Cooking/Raw_Egg.png using Guid(295e770e02d5b5a428790771e3aced8d) Importer(815301076,1909f56bfc062723c751e8b465ee728b)  -> (artifact id: '5715fc682857eed74502cc873ededb4f') in 0.034647 seconds 
========================================================================
Received Import Request.
  Time since last request: 0.000036 seconds.
  path: Assets/ImportedAssets/Japanese_Food_Icon_Pack_Vol.01/JAPANESE_FOOD/512×512/Home_Cooking/Chicken_breast.png
  artifactKey: Guid(05702adb0eb6b044f9f1a87641e7731a) Importer(815301076,1909f56bfc062723c751e8b465ee728b)
Start importing Assets/ImportedAssets/Japanese_Food_Icon_Pack_Vol.01/JAPANESE_FOOD/512×512/Home_Cooking/Chicken_breast.png using Guid(05702adb0eb6b044f9f1a87641e7731a) Importer(815301076,1909f56bfc062723c751e8b465ee728b)  -> (artifact id: '0ccee098463d11dd84dbf7780fb9faea') in 0.036545 seconds 
========================================================================
Received Import Request.
  Time since last request: 0.000022 seconds.
  path: Assets/ImportedAssets/Japanese_Food_Icon_Pack_Vol.01/JAPANESE_FOOD/512×512/Home_Cooking/Deep_fried_chicken_isobe.png
  artifactKey: Guid(c9aa7f00f126cf14caf598d7d37136c1) Importer(815301076,1909f56bfc062723c751e8b465ee728b)
Start importing Assets/ImportedAssets/Japanese_Food_Icon_Pack_Vol.01/JAPANESE_FOOD/512×512/Home_Cooking/Deep_fried_chicken_isobe.png using Guid(c9aa7f00f126cf14caf598d7d37136c1) Importer(815301076,1909f56bfc062723c751e8b465ee728b)  -> (artifact id: '6f21af4c06d42f0892eb4ed845ee4a65') in 0.033877 seconds 
========================================================================
Received Import Request.
  Time since last request: 0.000022 seconds.
  path: Assets/ImportedAssets/Japanese_Food_Icon_Pack_Vol.01/JAPANESE_FOOD/512×512/Home_Cooking/Tororo.png
  artifactKey: Guid(fb448f08d9c52c3418f6781a2ed0acbd) Importer(815301076,1909f56bfc062723c751e8b465ee728b)
Start importing Assets/ImportedAssets/Japanese_Food_Icon_Pack_Vol.01/JAPANESE_FOOD/512×512/Home_Cooking/Tororo.png using Guid(fb448f08d9c52c3418f6781a2ed0acbd) Importer(815301076,1909f56bfc062723c751e8b465ee728b)  -> (artifact id: '3d55bc1c90de66f105881c9a84f2b092') in 0.028673 seconds 
========================================================================
Received Import Request.
  Time since last request: 1.583907 seconds.
  path: Assets/ImportedAssets/Japanese_Food_Icon_Pack_Vol.01/JAPANESE_FOOD/512×512/Setmeal_&_Donburi/Aimed_Set_Meal.png
  artifactKey: Guid(ea691799d0ae4f544b6a3c65ade62c52) Importer(815301076,1909f56bfc062723c751e8b465ee728b)
Start importing Assets/ImportedAssets/Japanese_Food_Icon_Pack_Vol.01/JAPANESE_FOOD/512×512/Setmeal_&_Donburi/Aimed_Set_Meal.png using Guid(ea691799d0ae4f544b6a3c65ade62c52) Importer(815301076,1909f56bfc062723c751e8b465ee728b)  -> (artifact id: '0d6c4fd7dbf56c52590ff5e64f55715b') in 0.029315 seconds 
========================================================================
Received Import Request.
  Time since last request: 0.000022 seconds.
  path: Assets/ImportedAssets/Japanese_Food_Icon_Pack_Vol.01/JAPANESE_FOOD/512×512/Setmeal_&_Donburi/Lunch_set_meal_Seasonal_vegetable_Japanese_set.png
  artifactKey: Guid(1fd6b266af6b9e849a60b87c78c06b23) Importer(815301076,1909f56bfc062723c751e8b465ee728b)
Start importing Assets/ImportedAssets/Japanese_Food_Icon_Pack_Vol.01/JAPANESE_FOOD/512×512/Setmeal_&_Donburi/Lunch_set_meal_Seasonal_vegetable_Japanese_set.png using Guid(1fd6b266af6b9e849a60b87c78c06b23) Importer(815301076,1909f56bfc062723c751e8b465ee728b)  -> (artifact id: '83c8ccbc8ce77d4a084d593e62d91c3e') in 0.035233 seconds 
========================================================================
Received Import Request.
  Time since last request: 0.000026 seconds.
  path: Assets/ImportedAssets/Japanese_Food_Icon_Pack_Vol.01/JAPANESE_FOOD/512×512/Setmeal_&_Donburi/Cooked_Rice.png
  artifactKey: Guid(40a5f00277e93434c8de5b7d3b02b957) Importer(815301076,1909f56bfc062723c751e8b465ee728b)
Start importing Assets/ImportedAssets/Japanese_Food_Icon_Pack_Vol.01/JAPANESE_FOOD/512×512/Setmeal_&_Donburi/Cooked_Rice.png using Guid(40a5f00277e93434c8de5b7d3b02b957) Importer(815301076,1909f56bfc062723c751e8b465ee728b)  -> (artifact id: '38ddc00c7ee93d048ba58977d71d9b0a') in 0.031435 seconds 
========================================================================
Received Import Request.
  Time since last request: 0.000023 seconds.
  path: Assets/ImportedAssets/Japanese_Food_Icon_Pack_Vol.01/JAPANESE_FOOD/512×512/Setmeal_&_Donburi/Rice_Large.png
  artifactKey: Guid(1136302eb81b65f469b25f77c4cf672a) Importer(815301076,1909f56bfc062723c751e8b465ee728b)
Start importing Assets/ImportedAssets/Japanese_Food_Icon_Pack_Vol.01/JAPANESE_FOOD/512×512/Setmeal_&_Donburi/Rice_Large.png using Guid(1136302eb81b65f469b25f77c4cf672a) Importer(815301076,1909f56bfc062723c751e8b465ee728b)  -> (artifact id: 'e25170f67e0cb1cf1496893c54de4279') in 0.043354 seconds 
========================================================================
Received Import Request.
  Time since last request: 0.000030 seconds.
  path: Assets/ImportedAssets/Japanese_Food_Icon_Pack_Vol.01/JAPANESE_FOOD/512×512/Setmeal_&_Donburi/Grilled_Mackerel_Set_Meal.png
  artifactKey: Guid(d707f2cd2d1ffb14386c7aaa153e542d) Importer(815301076,1909f56bfc062723c751e8b465ee728b)
Start importing Assets/ImportedAssets/Japanese_Food_Icon_Pack_Vol.01/JAPANESE_FOOD/512×512/Setmeal_&_Donburi/Grilled_Mackerel_Set_Meal.png using Guid(d707f2cd2d1ffb14386c7aaa153e542d) Importer(815301076,1909f56bfc062723c751e8b465ee728b)  -> (artifact id: '8d04b9da6001e3a179773309f7e9ed2a') in 0.029270 seconds 
========================================================================
Received Import Request.
  Time since last request: 0.000019 seconds.
  path: Assets/ImportedAssets/Japanese_Food_Icon_Pack_Vol.01/JAPANESE_FOOD/512×512/Setmeal_&_Donburi/Croquette_Set_Meal_OK.png
  artifactKey: Guid(c7130a6820882e446b998cb77a1a11fc) Importer(815301076,1909f56bfc062723c751e8b465ee728b)
Start importing Assets/ImportedAssets/Japanese_Food_Icon_Pack_Vol.01/JAPANESE_FOOD/512×512/Setmeal_&_Donburi/Croquette_Set_Meal_OK.png using Guid(c7130a6820882e446b998cb77a1a11fc) Importer(815301076,1909f56bfc062723c751e8b465ee728b)  -> (artifact id: '31ba2ef8ccf4449a3da24ba9585f92c6') in 0.033377 seconds 
========================================================================
Received Import Request.
  Time since last request: 0.000022 seconds.
  path: Assets/ImportedAssets/Japanese_Food_Icon_Pack_Vol.01/JAPANESE_FOOD/512×512/Setmeal_&_Donburi/Unajyu_MATSU.png
  artifactKey: Guid(72bfae602ef144c40923f6a92122b309) Importer(815301076,1909f56bfc062723c751e8b465ee728b)
Start importing Assets/ImportedAssets/Japanese_Food_Icon_Pack_Vol.01/JAPANESE_FOOD/512×512/Setmeal_&_Donburi/Unajyu_MATSU.png using Guid(72bfae602ef144c40923f6a92122b309) Importer(815301076,1909f56bfc062723c751e8b465ee728b)  -> (artifact id: 'b587608b4b19b6b739e679041ace7abd') in 0.031445 seconds 
========================================================================
Received Import Request.
  Time since last request: 0.000020 seconds.
  path: Assets/ImportedAssets/Japanese_Food_Icon_Pack_Vol.01/JAPANESE_FOOD/512×512/Setmeal_&_Donburi/Croquette_Set_Meal.png
  artifactKey: Guid(6530ab691a4429f4ab6d81bf9a38cc35) Importer(815301076,1909f56bfc062723c751e8b465ee728b)
Start importing Assets/ImportedAssets/Japanese_Food_Icon_Pack_Vol.01/JAPANESE_FOOD/512×512/Setmeal_&_Donburi/Croquette_Set_Meal.png using Guid(6530ab691a4429f4ab6d81bf9a38cc35) Importer(815301076,1909f56bfc062723c751e8b465ee728b)  -> (artifact id: 'c5260b2e32f5f081479dccc5673b4e53') in 0.032613 seconds 
========================================================================
Received Import Request.
  Time since last request: 0.000021 seconds.
  path: Assets/ImportedAssets/Japanese_Food_Icon_Pack_Vol.01/JAPANESE_FOOD/512×512/Setmeal_&_Donburi/Unajyu_UME.png
  artifactKey: Guid(d2add36cdb09c7a41a06ef393f26f2e2) Importer(815301076,1909f56bfc062723c751e8b465ee728b)
Start importing Assets/ImportedAssets/Japanese_Food_Icon_Pack_Vol.01/JAPANESE_FOOD/512×512/Setmeal_&_Donburi/Unajyu_UME.png using Guid(d2add36cdb09c7a41a06ef393f26f2e2) Importer(815301076,1909f56bfc062723c751e8b465ee728b)  -> (artifact id: '10a25702b31f6ee83f723aebbe4f3338') in 0.032857 seconds 
========================================================================
Received Import Request.
  Time since last request: 0.000023 seconds.
  path: Assets/ImportedAssets/Japanese_Food_Icon_Pack_Vol.01/JAPANESE_FOOD/512×512/Setmeal_&_Donburi/Beef_bowl_Large.png
  artifactKey: Guid(896ea63d763264f45829178717040500) Importer(815301076,1909f56bfc062723c751e8b465ee728b)
Start importing Assets/ImportedAssets/Japanese_Food_Icon_Pack_Vol.01/JAPANESE_FOOD/512×512/Setmeal_&_Donburi/Beef_bowl_Large.png using Guid(896ea63d763264f45829178717040500) Importer(815301076,1909f56bfc062723c751e8b465ee728b)  -> (artifact id: 'a43e06f9489bf777646ecdbdb4b9f447') in 0.029656 seconds 
========================================================================
Received Import Request.
  Time since last request: 0.000025 seconds.
  path: Assets/ImportedAssets/Japanese_Food_Icon_Pack_Vol.01/JAPANESE_FOOD/512×512/Sushi_Bar/Striped_jack.png
  artifactKey: Guid(466f5cee5fbbb094eb1b08f915b55578) Importer(815301076,1909f56bfc062723c751e8b465ee728b)
Start importing Assets/ImportedAssets/Japanese_Food_Icon_Pack_Vol.01/JAPANESE_FOOD/512×512/Sushi_Bar/Striped_jack.png using Guid(466f5cee5fbbb094eb1b08f915b55578) Importer(815301076,1909f56bfc062723c751e8b465ee728b)  -> (artifact id: '8f461367eed4a497c4c46ad01830968e') in 0.028852 seconds 
========================================================================
Received Import Request.
  Time since last request: 0.000018 seconds.
  path: Assets/ImportedAssets/Japanese_Food_Icon_Pack_Vol.01/JAPANESE_FOOD/512×512/Sushi_Bar/Hand_formed_sushi_Squid.png
  artifactKey: Guid(8bb0635c9a4280945ab0140d9e1dd26a) Importer(815301076,1909f56bfc062723c751e8b465ee728b)
Start importing Assets/ImportedAssets/Japanese_Food_Icon_Pack_Vol.01/JAPANESE_FOOD/512×512/Sushi_Bar/Hand_formed_sushi_Squid.png using Guid(8bb0635c9a4280945ab0140d9e1dd26a) Importer(815301076,1909f56bfc062723c751e8b465ee728b)  -> (artifact id: '4c7f731e1cfb1b2f4a302411a46f9752') in 0.028564 seconds 
========================================================================
Received Import Request.
  Time since last request: 0.000020 seconds.
  path: Assets/ImportedAssets/Japanese_Food_Icon_Pack_Vol.01/JAPANESE_FOOD/512×512/Sushi_Bar/Tuna_sushi_Roll.png
  artifactKey: Guid(ee76410aae04d6c4f8acdd5bde12a21e) Importer(815301076,1909f56bfc062723c751e8b465ee728b)
Start importing Assets/ImportedAssets/Japanese_Food_Icon_Pack_Vol.01/JAPANESE_FOOD/512×512/Sushi_Bar/Tuna_sushi_Roll.png using Guid(ee76410aae04d6c4f8acdd5bde12a21e) Importer(815301076,1909f56bfc062723c751e8b465ee728b)  -> (artifact id: '3d7760d5ad3d75ad855cee94b45720b6') in 0.029240 seconds 
========================================================================
Received Import Request.
  Time since last request: 0.000019 seconds.
  path: Assets/ImportedAssets/Japanese_Food_Icon_Pack_Vol.01/JAPANESE_FOOD/512×512/Sushi_Bar/Medium_fatty_tuna.png
  artifactKey: Guid(8aac4c5d07299d442b4ac3ff6085839c) Importer(815301076,1909f56bfc062723c751e8b465ee728b)
Start importing Assets/ImportedAssets/Japanese_Food_Icon_Pack_Vol.01/JAPANESE_FOOD/512×512/Sushi_Bar/Medium_fatty_tuna.png using Guid(8aac4c5d07299d442b4ac3ff6085839c) Importer(815301076,1909f56bfc062723c751e8b465ee728b)  -> (artifact id: '388b3fe8ecd264f765254fd62f8ded1a') in 0.030377 seconds 
========================================================================
Received Import Request.
  Time since last request: 0.000025 seconds.
  path: Assets/ImportedAssets/Japanese_Food_Icon_Pack_Vol.01/JAPANESE_FOOD/512×512/Sushi_Bar/Hand_formed_sushi_Egg.png
  artifactKey: Guid(e411ef4ff11a98c408effbee65024eb9) Importer(815301076,1909f56bfc062723c751e8b465ee728b)
Start importing Assets/ImportedAssets/Japanese_Food_Icon_Pack_Vol.01/JAPANESE_FOOD/512×512/Sushi_Bar/Hand_formed_sushi_Egg.png using Guid(e411ef4ff11a98c408effbee65024eb9) Importer(815301076,1909f56bfc062723c751e8b465ee728b)  -> (artifact id: 'cda678914b6b30f831246b4ab6861ef9') in 0.035695 seconds 
========================================================================
Received Import Request.
  Time since last request: 0.000020 seconds.
  path: Assets/ImportedAssets/Japanese_Food_Icon_Pack_Vol.01/JAPANESE_FOOD/512×512/Sushi_Bar/Salmon_roe.png
  artifactKey: Guid(c377dbf65856daf469d0e5e0d04421cc) Importer(815301076,1909f56bfc062723c751e8b465ee728b)
Start importing Assets/ImportedAssets/Japanese_Food_Icon_Pack_Vol.01/JAPANESE_FOOD/512×512/Sushi_Bar/Salmon_roe.png using Guid(c377dbf65856daf469d0e5e0d04421cc) Importer(815301076,1909f56bfc062723c751e8b465ee728b)  -> (artifact id: '27bb3db89603cf876d09cea554c0f1c9') in 0.037569 seconds 
========================================================================
Received Import Request.
  Time since last request: 0.000026 seconds.
  path: Assets/ImportedAssets/Japanese_Food_Icon_Pack_Vol.01/JAPANESE_FOOD/512×512/Sushi_Bar/Homemade_Egg_Roll.png
  artifactKey: Guid(f7cee474098ba5a458b177373cd760e8) Importer(815301076,1909f56bfc062723c751e8b465ee728b)
Start importing Assets/ImportedAssets/Japanese_Food_Icon_Pack_Vol.01/JAPANESE_FOOD/512×512/Sushi_Bar/Homemade_Egg_Roll.png using Guid(f7cee474098ba5a458b177373cd760e8) Importer(815301076,1909f56bfc062723c751e8b465ee728b)  -> (artifact id: 'e215d68f3d45928daafdf36308479ef5') in 0.030989 seconds 
========================================================================
Received Import Request.
  Time since last request: 0.000035 seconds.
  path: Assets/ImportedAssets/Japanese_Food_Icon_Pack_Vol.01/JAPANESE_FOOD/512×512/Setmeal_&_Donburi/Mackerel_Miso_Set_Meal.png
  artifactKey: Guid(a6d3a495be3bb794bb2dce2a34abb53a) Importer(815301076,1909f56bfc062723c751e8b465ee728b)
Start importing Assets/ImportedAssets/Japanese_Food_Icon_Pack_Vol.01/JAPANESE_FOOD/512×512/Setmeal_&_Donburi/Mackerel_Miso_Set_Meal.png using Guid(a6d3a495be3bb794bb2dce2a34abb53a) Importer(815301076,1909f56bfc062723c751e8b465ee728b)  -> (artifact id: '733ff175f161a275a9420561243e46a3') in 0.029291 seconds 
========================================================================
Received Import Request.
  Time since last request: 0.000024 seconds.
  path: Assets/ImportedAssets/Japanese_Food_Icon_Pack_Vol.01/JAPANESE_FOOD/512×512/Sushi_Bar/Sea_Chicken_Roll.png
  artifactKey: Guid(62c72faed7a6cd6499bf4b71587a0f0a) Importer(815301076,1909f56bfc062723c751e8b465ee728b)
Start importing Assets/ImportedAssets/Japanese_Food_Icon_Pack_Vol.01/JAPANESE_FOOD/512×512/Sushi_Bar/Sea_Chicken_Roll.png using Guid(62c72faed7a6cd6499bf4b71587a0f0a) Importer(815301076,1909f56bfc062723c751e8b465ee728b)  -> (artifact id: 'afd6f33d6f58626ae78b4263b92cb872') in 0.028684 seconds 
========================================================================
Received Import Request.
  Time since last request: 0.000019 seconds.
  path: Assets/ImportedAssets/Japanese_Food_Icon_Pack_Vol.01/JAPANESE_FOOD/512×512/Sushi_Bar/Peony_Shrimp.png
  artifactKey: Guid(9665f946ff9d8f44fb71ee67d831d3b6) Importer(815301076,1909f56bfc062723c751e8b465ee728b)
Start importing Assets/ImportedAssets/Japanese_Food_Icon_Pack_Vol.01/JAPANESE_FOOD/512×512/Sushi_Bar/Peony_Shrimp.png using Guid(9665f946ff9d8f44fb71ee67d831d3b6) Importer(815301076,1909f56bfc062723c751e8b465ee728b)  -> (artifact id: '5e8ed89574e5175364fe8e02b0414b09') in 0.033428 seconds 
========================================================================
Received Import Request.
  Time since last request: 0.000021 seconds.
  path: Assets/ImportedAssets/Japanese_Food_Icon_Pack_Vol.01/JAPANESE_FOOD/512×512/Sushi_Bar/Flounder_edge.png
  artifactKey: Guid(e078c99fcb1200d42b5ec0c87f752f7d) Importer(815301076,1909f56bfc062723c751e8b465ee728b)
Start importing Assets/ImportedAssets/Japanese_Food_Icon_Pack_Vol.01/JAPANESE_FOOD/512×512/Sushi_Bar/Flounder_edge.png using Guid(e078c99fcb1200d42b5ec0c87f752f7d) Importer(815301076,1909f56bfc062723c751e8b465ee728b)  -> (artifact id: '7b052a260e56300ccabcef3a9c5e7d66') in 0.034014 seconds 
========================================================================
Received Import Request.
  Time since last request: 0.000022 seconds.
  path: Assets/ImportedAssets/Japanese_Food_Icon_Pack_Vol.01/JAPANESE_FOOD/512×512/Sushi_Bar/Tuna.png
  artifactKey: Guid(0a745d2375e7463458719a1169ee8ebb) Importer(815301076,1909f56bfc062723c751e8b465ee728b)
Start importing Assets/ImportedAssets/Japanese_Food_Icon_Pack_Vol.01/JAPANESE_FOOD/512×512/Sushi_Bar/Tuna.png using Guid(0a745d2375e7463458719a1169ee8ebb) Importer(815301076,1909f56bfc062723c751e8b465ee728b)  -> (artifact id: '5e74a28c6fd15546b6f46d3bcd07842b') in 0.030208 seconds 
========================================================================
Received Import Request.
  Time since last request: 0.000026 seconds.
  path: Assets/ImportedAssets/Japanese_Food_Icon_Pack_Vol.01/JAPANESE_FOOD/512×512/Sushi_Bar/Hand_formed_sushi_Amberjack.png
  artifactKey: Guid(923d5c2a1e425974e84b48bfc400c9e4) Importer(815301076,1909f56bfc062723c751e8b465ee728b)
Start importing Assets/ImportedAssets/Japanese_Food_Icon_Pack_Vol.01/JAPANESE_FOOD/512×512/Sushi_Bar/Hand_formed_sushi_Amberjack.png using Guid(923d5c2a1e425974e84b48bfc400c9e4) Importer(815301076,1909f56bfc062723c751e8b465ee728b)  -> (artifact id: 'd539a53a8b472e95d76b4f359d32a071') in 0.029983 seconds 
========================================================================
Received Import Request.
  Time since last request: 0.000025 seconds.
  path: Assets/ImportedAssets/Japanese_Food_Icon_Pack_Vol.01/JAPANESE_FOOD/512×512/Sushi_Bar/Hand_formed_sushi_Vinegared_mackerel.png
  artifactKey: Guid(05f48cccf1e7f8847b108f41031133db) Importer(815301076,1909f56bfc062723c751e8b465ee728b)
Start importing Assets/ImportedAssets/Japanese_Food_Icon_Pack_Vol.01/JAPANESE_FOOD/512×512/Sushi_Bar/Hand_formed_sushi_Vinegared_mackerel.png using Guid(05f48cccf1e7f8847b108f41031133db) Importer(815301076,1909f56bfc062723c751e8b465ee728b)  -> (artifact id: '825a7cc6ff3987933bf2c37efcf05a41') in 0.029877 seconds 
========================================================================
Received Import Request.
  Time since last request: 0.000020 seconds.
  path: Assets/ImportedAssets/Japanese_Food_Icon_Pack_Vol.01/JAPANESE_FOOD/512×512/Sushi_Bar/Salad_Roll.png
  artifactKey: Guid(a1df49a080a15704e9ac4bc738bc7179) Importer(815301076,1909f56bfc062723c751e8b465ee728b)
Start importing Assets/ImportedAssets/Japanese_Food_Icon_Pack_Vol.01/JAPANESE_FOOD/512×512/Sushi_Bar/Salad_Roll.png using Guid(a1df49a080a15704e9ac4bc738bc7179) Importer(815301076,1909f56bfc062723c751e8b465ee728b)  -> (artifact id: 'eb7dc6b9c904b3fd2834de4be039990d') in 0.037958 seconds 
========================================================================
Received Import Request.
  Time since last request: 0.000025 seconds.
  path: Assets/ImportedAssets/Japanese_Food_Icon_Pack_Vol.01/JAPANESE_FOOD/512×512/Sushi_Bar/Cucumber_Roll.png
  artifactKey: Guid(8e5df401c80fe95458d95f9e9d2ec4a5) Importer(815301076,1909f56bfc062723c751e8b465ee728b)
Start importing Assets/ImportedAssets/Japanese_Food_Icon_Pack_Vol.01/JAPANESE_FOOD/512×512/Sushi_Bar/Cucumber_Roll.png using Guid(8e5df401c80fe95458d95f9e9d2ec4a5) Importer(815301076,1909f56bfc062723c751e8b465ee728b)  -> (artifact id: '0a59d3627d81be88d12cfb014c13dc52') in 0.031696 seconds 
========================================================================
Received Import Request.
  Time since last request: 0.000024 seconds.
  path: Assets/ImportedAssets/Japanese_Food_Icon_Pack_Vol.01/JAPANESE_FOOD/512×512/Sushi_Bar/Flounder.png
  artifactKey: Guid(0757a38f0169ec747841880b4cc93025) Importer(815301076,1909f56bfc062723c751e8b465ee728b)
Start importing Assets/ImportedAssets/Japanese_Food_Icon_Pack_Vol.01/JAPANESE_FOOD/512×512/Sushi_Bar/Flounder.png using Guid(0757a38f0169ec747841880b4cc93025) Importer(815301076,1909f56bfc062723c751e8b465ee728b)  -> (artifact id: '23103c84148fba29431c18f3740c5e9f') in 0.032344 seconds 
========================================================================
Received Import Request.
  Time since last request: 0.000024 seconds.
  path: Assets/ImportedAssets/Japanese_Food_Icon_Pack_Vol.01/JAPANESE_FOOD/512×512/Sushi_Bar/Sea_urchin.png
  artifactKey: Guid(05b2ae99eb5d36749850317267467109) Importer(815301076,1909f56bfc062723c751e8b465ee728b)
Start importing Assets/ImportedAssets/Japanese_Food_Icon_Pack_Vol.01/JAPANESE_FOOD/512×512/Sushi_Bar/Sea_urchin.png using Guid(05b2ae99eb5d36749850317267467109) Importer(815301076,1909f56bfc062723c751e8b465ee728b)  -> (artifact id: '95574c12746246df283268405395a087') in 0.031639 seconds 
========================================================================
Received Import Request.
  Time since last request: 0.000024 seconds.
  path: Assets/ImportedAssets/Japanese_Food_Icon_Pack_Vol.01/JAPANESE_FOOD/512×512/Setmeal_&_Donburi/Unajyu_TAKE.png
  artifactKey: Guid(001e9d8eaf26ac5499bfc7563105ef96) Importer(815301076,1909f56bfc062723c751e8b465ee728b)
Start importing Assets/ImportedAssets/Japanese_Food_Icon_Pack_Vol.01/JAPANESE_FOOD/512×512/Setmeal_&_Donburi/Unajyu_TAKE.png using Guid(001e9d8eaf26ac5499bfc7563105ef96) Importer(815301076,1909f56bfc062723c751e8b465ee728b)  -> (artifact id: '92b4a416acc6e0378f70f316a5e2fcd4') in 0.032403 seconds 
========================================================================
Received Import Request.
  Time since last request: 0.000031 seconds.
  path: Assets/ImportedAssets/Japanese_Food_Icon_Pack_Vol.01/JAPANESE_FOOD/512×512/Sushi_Bar/Dried_Gourd_Roll.png
  artifactKey: Guid(63df64bc6d7dfe04ab776c900128ddff) Importer(815301076,1909f56bfc062723c751e8b465ee728b)
Start importing Assets/ImportedAssets/Japanese_Food_Icon_Pack_Vol.01/JAPANESE_FOOD/512×512/Sushi_Bar/Dried_Gourd_Roll.png using Guid(63df64bc6d7dfe04ab776c900128ddff) Importer(815301076,1909f56bfc062723c751e8b465ee728b)  -> (artifact id: 'f8e8488b0b44cc283dc769accb047b50') in 0.033729 seconds 
========================================================================
Received Import Request.
  Time since last request: 0.000019 seconds.
  path: Assets/ImportedAssets/Japanese_Food_Icon_Pack_Vol.01/JAPANESE_FOOD/512×512/Sushi_Bar/Hand_formed_sushi_Conger_eel.png
  artifactKey: Guid(f8755d2b5d120f148bb85f525a3243e3) Importer(815301076,1909f56bfc062723c751e8b465ee728b)
Start importing Assets/ImportedAssets/Japanese_Food_Icon_Pack_Vol.01/JAPANESE_FOOD/512×512/Sushi_Bar/Hand_formed_sushi_Conger_eel.png using Guid(f8755d2b5d120f148bb85f525a3243e3) Importer(815301076,1909f56bfc062723c751e8b465ee728b)  -> (artifact id: '725d8d39b75de91781cca3e729b99dd7') in 0.033130 seconds 
========================================================================
Received Import Request.
  Time since last request: 0.000021 seconds.
  path: Assets/ImportedAssets/Japanese_Food_Icon_Pack_Vol.01/JAPANESE_FOOD/512×512/Setmeal_&_Donburi/Lunch_set_meal_Jibu_ni_set_meal.png
  artifactKey: Guid(378c7b17dd5e8b64ca8356646e567d49) Importer(815301076,1909f56bfc062723c751e8b465ee728b)
Start importing Assets/ImportedAssets/Japanese_Food_Icon_Pack_Vol.01/JAPANESE_FOOD/512×512/Setmeal_&_Donburi/Lunch_set_meal_Jibu_ni_set_meal.png using Guid(378c7b17dd5e8b64ca8356646e567d49) Importer(815301076,1909f56bfc062723c751e8b465ee728b)  -> (artifact id: '3fcf5e4179482e888255a6435a62d432') in 0.036431 seconds 
Editor requested this worker to shutdown with reason: Scaling down because of idle timeout
AssetImportWorker is now disconnected from the server
Process exiting
Exiting without the bug reporter. Application will terminate with return code 0