Using pre-set license
Built from '2021.3/staging' branch; Version is '2021.3.7f1 (24e8595d6d43) revision 2418777'; Using compiler version '192829333'; Build Type 'Release'
OS: 'Windows 11  (10.0.22631) 64bit Core' Language: 'en' Physical Memory: 32657 MB
BatchMode: 1, IsHumanControllingUs: 0, StartBugReporterOnCrash: 0, Is64bit: 1, IsPro: 1

COMMAND LINE ARGUMENTS:
C:\Program Files\Unity\Hub\Editor\2021.3.7f1\Editor\Unity.exe
-adb2
-batchMode
-noUpm
-name
AssetImportWorker3
-projectPath
C:/Users/Lucas/Documents/GitHub/LCFoxyPuzzlePlatformer
-logFile
Logs/AssetImportWorker3.log
-srvPort
50166
Successfully changed project path to: C:/Users/Lucas/Documents/GitHub/LCFoxyPuzzlePlatformer
C:/Users/Lucas/Documents/GitHub/LCFoxyPuzzlePlatformer
[UnityMemory] Configuration Parameters - Can be set up in boot.config
    "memorysetup-bucket-allocator-granularity=16"
    "memorysetup-bucket-allocator-bucket-count=8"
    "memorysetup-bucket-allocator-block-size=33554432"
    "memorysetup-bucket-allocator-block-count=8"
    "memorysetup-main-allocator-block-size=16777216"
    "memorysetup-thread-allocator-block-size=16777216"
    "memorysetup-gfx-main-allocator-block-size=16777216"
    "memorysetup-gfx-thread-allocator-block-size=16777216"
    "memorysetup-cache-allocator-block-size=4194304"
    "memorysetup-typetree-allocator-block-size=2097152"
    "memorysetup-profiler-bucket-allocator-granularity=16"
    "memorysetup-profiler-bucket-allocator-bucket-count=8"
    "memorysetup-profiler-bucket-allocator-block-size=33554432"
    "memorysetup-profiler-bucket-allocator-block-count=8"
    "memorysetup-profiler-allocator-block-size=16777216"
    "memorysetup-profiler-editor-allocator-block-size=1048576"
    "memorysetup-temp-allocator-size-main=16777216"
    "memorysetup-job-temp-allocator-block-size=2097152"
    "memorysetup-job-temp-allocator-block-size-background=1048576"
    "memorysetup-job-temp-allocator-reduction-small-platforms=262144"
    "memorysetup-temp-allocator-size-background-worker=32768"
    "memorysetup-temp-allocator-size-job-worker=262144"
    "memorysetup-temp-allocator-size-preload-manager=33554432"
    "memorysetup-temp-allocator-size-nav-mesh-worker=65536"
    "memorysetup-temp-allocator-size-audio-worker=65536"
    "memorysetup-temp-allocator-size-cloud-worker=32768"
    "memorysetup-temp-allocator-size-gi-baking-worker=262144"
    "memorysetup-temp-allocator-size-gfx=262144"
Refreshing native plugins compatible for Editor in 153.44 ms, found 4 plugins.
Preloading 0 native plugins for Editor in 0.00 ms.
Initialize engine version: 2021.3.7f1 (24e8595d6d43)
[Subsystems] Discovering subsystems at path C:/Program Files/Unity/Hub/Editor/2021.3.7f1/Editor/Data/Resources/UnitySubsystems
[Subsystems] Discovering subsystems at path C:/Users/Lucas/Documents/GitHub/LCFoxyPuzzlePlatformer/Assets
GfxDevice: creating device client; threaded=0; jobified=0
Direct3D:
    Version:  Direct3D 11.0 [level 11.1]
    Renderer: NVIDIA GeForce RTX 3070 Ti (ID=0x2482)
    Vendor:   NVIDIA
    VRAM:     8018 MB
    Driver:   32.0.15.6094
Initialize mono
Mono path[0] = 'C:/Program Files/Unity/Hub/Editor/2021.3.7f1/Editor/Data/Managed'
Mono path[1] = 'C:/Program Files/Unity/Hub/Editor/2021.3.7f1/Editor/Data/MonoBleedingEdge/lib/mono/unityjit-win32'
Mono config path = 'C:/Program Files/Unity/Hub/Editor/2021.3.7f1/Editor/Data/MonoBleedingEdge/etc'
Using monoOptions --debugger-agent=transport=dt_socket,embedding=1,server=y,suspend=n,address=127.0.0.1:56020
Begin MonoManager ReloadAssembly
Registering precompiled unity dll's ...
Register platform support module: C:/Program Files/Unity/Hub/Editor/2021.3.7f1/Editor/Data/PlaybackEngines/WebGLSupport/UnityEditor.WebGL.Extensions.dll
Register platform support module: C:/Program Files/Unity/Hub/Editor/2021.3.7f1/Editor/Data/PlaybackEngines/WindowsStandaloneSupport/UnityEditor.WindowsStandalone.Extensions.dll
Registered in 0.006883 seconds.
Native extension for WindowsStandalone target not found
Native extension for WebGL target not found
Refreshing native plugins compatible for Editor in 132.00 ms, found 4 plugins.
Preloading 0 native plugins for Editor in 0.00 ms.
Mono: successfully reloaded assembly
- Completed reload, in  0.614 seconds
Domain Reload Profiling:
	ReloadAssembly (614ms)
		BeginReloadAssembly (64ms)
			ExecutionOrderSort (0ms)
			DisableScriptedObjects (0ms)
			BackupInstance (0ms)
			ReleaseScriptingObjects (0ms)
			CreateAndSetChildDomain (1ms)
		EndReloadAssembly (440ms)
			LoadAssemblies (61ms)
			RebuildTransferFunctionScriptingTraits (0ms)
			SetupTypeCache (87ms)
			ReleaseScriptCaches (0ms)
			RebuildScriptCaches (24ms)
			SetupLoadedEditorAssemblies (280ms)
				LogAssemblyErrors (0ms)
				InitializePlatformSupportModulesInManaged (7ms)
				SetLoadedEditorAssemblies (0ms)
				RefreshPlugins (132ms)
				BeforeProcessingInitializeOnLoad (1ms)
				ProcessInitializeOnLoadAttributes (105ms)
				ProcessInitializeOnLoadMethodAttributes (34ms)
				AfterProcessingInitializeOnLoad (0ms)
				EditorAssembliesLoaded (0ms)
			ExecutionOrderSort2 (0ms)
			AwakeInstancesAfterBackupRestoration (0ms)
Platform modules already initialized, skipping
Registering precompiled user dll's ...
Registered in 0.009767 seconds.
Begin MonoManager ReloadAssembly
Symbol file LoadedFromMemory doesn't match image C:\Users\Lucas\Documents\GitHub\LCFoxyPuzzlePlatformer\Library\PackageCache\com.unity.visualscripting@1.7.8\Editor\VisualScripting.Core\Dependencies\DotNetZip\Unity.VisualScripting.IonicZip.dll
Symbol file LoadedFromMemory doesn't match image C:\Users\Lucas\Documents\GitHub\LCFoxyPuzzlePlatformer\Library\PackageCache\com.unity.visualscripting@1.7.8\Editor\VisualScripting.Core\Dependencies\YamlDotNet\Unity.VisualScripting.YamlDotNet.dll
Native extension for WindowsStandalone target not found
Native extension for WebGL target not found
Refreshing native plugins compatible for Editor in 111.61 ms, found 4 plugins.
Preloading 0 native plugins for Editor in 0.00 ms.
Package Manager log level set to [2]
Mono: successfully reloaded assembly
- Completed reload, in  1.180 seconds
Domain Reload Profiling:
	ReloadAssembly (1181ms)
		BeginReloadAssembly (88ms)
			ExecutionOrderSort (0ms)
			DisableScriptedObjects (4ms)
			BackupInstance (0ms)
			ReleaseScriptingObjects (0ms)
			CreateAndSetChildDomain (19ms)
		EndReloadAssembly (1002ms)
			LoadAssemblies (91ms)
			RebuildTransferFunctionScriptingTraits (0ms)
			SetupTypeCache (216ms)
			ReleaseScriptCaches (1ms)
			RebuildScriptCaches (58ms)
			SetupLoadedEditorAssemblies (597ms)
				LogAssemblyErrors (0ms)
				InitializePlatformSupportModulesInManaged (4ms)
				SetLoadedEditorAssemblies (0ms)
				RefreshPlugins (112ms)
				BeforeProcessingInitializeOnLoad (120ms)
				ProcessInitializeOnLoadAttributes (230ms)
				ProcessInitializeOnLoadMethodAttributes (123ms)
				AfterProcessingInitializeOnLoad (8ms)
				EditorAssembliesLoaded (0ms)
			ExecutionOrderSort2 (0ms)
			AwakeInstancesAfterBackupRestoration (4ms)
Platform modules already initialized, skipping
========================================================================
Worker process is ready to serve import requests
Launched and connected shader compiler UnityShaderCompiler.exe after 0.03 seconds
Refreshing native plugins compatible for Editor in 1.52 ms, found 4 plugins.
Preloading 0 native plugins for Editor in 0.00 ms.
Unloading 6597 Unused Serialized files (Serialized files now loaded: 0)
Unloading 107 unused Assets / (2.0 MB). Loaded Objects now: 7007.
Memory consumption went from 257.6 MB to 255.6 MB.
Total: 7.570000 ms (FindLiveObjects: 0.493300 ms CreateObjectMapping: 0.365900 ms MarkObjects: 6.203400 ms  DeleteObjects: 0.506700 ms)

AssetImportParameters requested are different than current active one (requested -> active):
  custom:video-decoder-ogg-theora: a1e56fd34408186e4bbccfd4996cb3dc -> 
  custom:container-muxer-webm: aa71ff27fc2769a1b78a27578f13a17b -> 
  custom:container-demuxer-webm: 4f35f7cbe854078d1ac9338744f61a02 -> 
  custom:video-encoder-webm-vp8: eb34c28f22e8b96e1ab97ce403110664 -> 
  custom:video-codec-MediaFoundation-h265: 746d11721c4dcdbdad8f713fa42b33f4 -> 
  custom:audio-encoder-webm-vorbis: bf7c407c2cedff20999df2af8eb42d56 -> 
  custom:framework-win-MediaFoundation: 216162199b28c13a410421893ffa2e32 -> 
  custom:container-demuxer-ogg: 62fdf1f143b41e24485cea50d1cbac27 -> 
  custom:video-decoder-webm-vp8: 9c59270c3fd7afecdb556c50c9e8de78 -> 
  custom:audio-decoder-ogg-vorbis: bf7c407c2cedff20999df2af8eb42d56 -> 
========================================================================
Received Import Request.
  Time since last request: 1538055.287864 seconds.
  path: Assets/ImportedAssets/Classic_RPG_GUI/Photoshop/Inventory_bar.psd
  artifactKey: Guid(337b5327e812a6c4dacb350c7ee86c19) Importer(815301076,1909f56bfc062723c751e8b465ee728b)
Start importing Assets/ImportedAssets/Classic_RPG_GUI/Photoshop/Inventory_bar.psd using Guid(337b5327e812a6c4dacb350c7ee86c19) Importer(815301076,1909f56bfc062723c751e8b465ee728b)  -> (artifact id: '78d8341af3e4872dfa14c8a43409cde2') in 0.174529 seconds 
========================================================================
Received Import Request.
  Time since last request: 3.349135 seconds.
  path: Assets/ImportedAssets/Icons/Arrow Left 2.png
  artifactKey: Guid(9987e41490beebd42bc579bffb15a11b) Importer(815301076,1909f56bfc062723c751e8b465ee728b)
Start importing Assets/ImportedAssets/Icons/Arrow Left 2.png using Guid(9987e41490beebd42bc579bffb15a11b) Importer(815301076,1909f56bfc062723c751e8b465ee728b)  -> (artifact id: '55347bb550c344eb12a5239abb7823fa') in 0.030514 seconds 
========================================================================
Received Import Request.
  Time since last request: 0.000034 seconds.
  path: Assets/ImportedAssets/Icons/Undo 2.png
  artifactKey: Guid(6a10a8d7e99052b408587ac1076759ae) Importer(815301076,1909f56bfc062723c751e8b465ee728b)
Start importing Assets/ImportedAssets/Icons/Undo 2.png using Guid(6a10a8d7e99052b408587ac1076759ae) Importer(815301076,1909f56bfc062723c751e8b465ee728b)  -> (artifact id: '712222682683c46656ee948036ca8d07') in 0.023429 seconds 
========================================================================
Received Import Request.
  Time since last request: 0.000027 seconds.
  path: Assets/ImportedAssets/Icons/Open 1.png
  artifactKey: Guid(83b38390f2fdafe4fb5f5d27915b3539) Importer(815301076,1909f56bfc062723c751e8b465ee728b)
Start importing Assets/ImportedAssets/Icons/Open 1.png using Guid(83b38390f2fdafe4fb5f5d27915b3539) Importer(815301076,1909f56bfc062723c751e8b465ee728b)  -> (artifact id: '2dfe8d09f875716c049700cff2634a93') in 0.021256 seconds 
========================================================================
Received Import Request.
  Time since last request: 0.000019 seconds.
  path: Assets/ImportedAssets/Icons/Shield 2.png
  artifactKey: Guid(11999dfcaff18da46ba70b9459d2ccd4) Importer(815301076,1909f56bfc062723c751e8b465ee728b)
Start importing Assets/ImportedAssets/Icons/Shield 2.png using Guid(11999dfcaff18da46ba70b9459d2ccd4) Importer(815301076,1909f56bfc062723c751e8b465ee728b)  -> (artifact id: 'b70ebf0bfb50bd75f691f124386dbb07') in 0.020978 seconds 
========================================================================
Received Import Request.
  Time since last request: 0.000021 seconds.
  path: Assets/ImportedAssets/Icons/Search 2.png
  artifactKey: Guid(9fe1f8502cb12b04c934ccd994bc98c8) Importer(815301076,1909f56bfc062723c751e8b465ee728b)
Start importing Assets/ImportedAssets/Icons/Search 2.png using Guid(9fe1f8502cb12b04c934ccd994bc98c8) Importer(815301076,1909f56bfc062723c751e8b465ee728b)  -> (artifact id: 'd5788c8fc7afc6982484759d57933931') in 0.023034 seconds 
========================================================================
Received Import Request.
  Time since last request: 0.000029 seconds.
  path: Assets/ImportedAssets/Icons/Random 2.png
  artifactKey: Guid(f88cd2362d658b142961d6c3f85342cc) Importer(815301076,1909f56bfc062723c751e8b465ee728b)
Start importing Assets/ImportedAssets/Icons/Random 2.png using Guid(f88cd2362d658b142961d6c3f85342cc) Importer(815301076,1909f56bfc062723c751e8b465ee728b)  -> (artifact id: '97398fdcb2631c41ee5d1974e4a40567') in 0.022614 seconds 
========================================================================
Received Import Request.
  Time since last request: 0.000022 seconds.
  path: Assets/ImportedAssets/Icons/Help 2.png
  artifactKey: Guid(4ec81a9f477e03e4680b8d620f95cc2a) Importer(815301076,1909f56bfc062723c751e8b465ee728b)
Start importing Assets/ImportedAssets/Icons/Help 2.png using Guid(4ec81a9f477e03e4680b8d620f95cc2a) Importer(815301076,1909f56bfc062723c751e8b465ee728b)  -> (artifact id: '55a6f6538e6efe23ca3688e8665d0573') in 0.020184 seconds 
========================================================================
Received Import Request.
  Time since last request: 0.000020 seconds.
  path: Assets/ImportedAssets/Icons/Home 1.png
  artifactKey: Guid(72d8c4539fe547347881b1857cde76e0) Importer(815301076,1909f56bfc062723c751e8b465ee728b)
Start importing Assets/ImportedAssets/Icons/Home 1.png using Guid(72d8c4539fe547347881b1857cde76e0) Importer(815301076,1909f56bfc062723c751e8b465ee728b)  -> (artifact id: '05d015a20ee26baa8ef33d001e70f807') in 0.022352 seconds 
========================================================================
Received Import Request.
  Time since last request: 0.000028 seconds.
  path: Assets/ImportedAssets/Icons/Options 1.png
  artifactKey: Guid(46c53358a351c7f4a89ffb5e5816ffbc) Importer(815301076,1909f56bfc062723c751e8b465ee728b)
Start importing Assets/ImportedAssets/Icons/Options 1.png using Guid(46c53358a351c7f4a89ffb5e5816ffbc) Importer(815301076,1909f56bfc062723c751e8b465ee728b)  -> (artifact id: '9c005404011b9b4d3439f07389d7b173') in 0.024322 seconds 
========================================================================
Received Import Request.
  Time since last request: 0.000021 seconds.
  path: Assets/ImportedAssets/Icons/Profile 2.png
  artifactKey: Guid(0979b19a221451c4b8af6e6a599fc066) Importer(815301076,1909f56bfc062723c751e8b465ee728b)
Start importing Assets/ImportedAssets/Icons/Profile 2.png using Guid(0979b19a221451c4b8af6e6a599fc066) Importer(815301076,1909f56bfc062723c751e8b465ee728b)  -> (artifact id: '71f765308937ef0eec4135dc76dae0d9') in 0.023603 seconds 
========================================================================
Received Import Request.
  Time since last request: 0.000023 seconds.
  path: Assets/ImportedAssets/Icons/Shop 1.png
  artifactKey: Guid(2dad2e7599939a645b4fe29fb91a57ff) Importer(815301076,1909f56bfc062723c751e8b465ee728b)
Start importing Assets/ImportedAssets/Icons/Shop 1.png using Guid(2dad2e7599939a645b4fe29fb91a57ff) Importer(815301076,1909f56bfc062723c751e8b465ee728b)  -> (artifact id: '33205c7133286a6364400567a04cd198') in 0.025578 seconds 
========================================================================
Received Import Request.
  Time since last request: 0.000019 seconds.
  path: Assets/ImportedAssets/Icons/Import 1.png
  artifactKey: Guid(1c31ba13618be294a9a31087aa8c0efb) Importer(815301076,1909f56bfc062723c751e8b465ee728b)
Start importing Assets/ImportedAssets/Icons/Import 1.png using Guid(1c31ba13618be294a9a31087aa8c0efb) Importer(815301076,1909f56bfc062723c751e8b465ee728b)  -> (artifact id: '6a2dec77973420a069f2d5044c90664a') in 0.022234 seconds 
========================================================================
Received Import Request.
  Time since last request: 0.000025 seconds.
  path: Assets/ImportedAssets/Icons/Export 1.png
  artifactKey: Guid(df2bf57bf23852b47b3a8d1ad891df8f) Importer(815301076,1909f56bfc062723c751e8b465ee728b)
Start importing Assets/ImportedAssets/Icons/Export 1.png using Guid(df2bf57bf23852b47b3a8d1ad891df8f) Importer(815301076,1909f56bfc062723c751e8b465ee728b)  -> (artifact id: 'b4835884f12cb08b8916ea117c239a1f') in 0.024943 seconds 
========================================================================
Received Import Request.
  Time since last request: 0.000029 seconds.
  path: Assets/ImportedAssets/Icons/Import 2.png
  artifactKey: Guid(c271b4cbb948df94d9482c8e4ce48750) Importer(815301076,1909f56bfc062723c751e8b465ee728b)
Start importing Assets/ImportedAssets/Icons/Import 2.png using Guid(c271b4cbb948df94d9482c8e4ce48750) Importer(815301076,1909f56bfc062723c751e8b465ee728b)  -> (artifact id: 'e3bc6677c97de2a885e900d113530e9c') in 0.024547 seconds 
========================================================================
Received Import Request.
  Time since last request: 0.000019 seconds.
  path: Assets/ImportedAssets/Icons/Search 1.png
  artifactKey: Guid(9329f10a93d44ad4c9f9d3a9b2c10b88) Importer(815301076,1909f56bfc062723c751e8b465ee728b)
Start importing Assets/ImportedAssets/Icons/Search 1.png using Guid(9329f10a93d44ad4c9f9d3a9b2c10b88) Importer(815301076,1909f56bfc062723c751e8b465ee728b)  -> (artifact id: 'd1cccbbe1285358d7e891aea8ebaa1ee') in 0.025131 seconds 
========================================================================
Received Import Request.
  Time since last request: 29.380939 seconds.
  path: Assets/ImportedAssets/Main Buttons/Loading Bars/Loading Bar 1 White Full.png
  artifactKey: Guid(d4b50483facf6a94c957445b008fe806) Importer(815301076,1909f56bfc062723c751e8b465ee728b)
Start importing Assets/ImportedAssets/Main Buttons/Loading Bars/Loading Bar 1 White Full.png using Guid(d4b50483facf6a94c957445b008fe806) Importer(815301076,1909f56bfc062723c751e8b465ee728b)  -> (artifact id: 'd931e129bcece1244267123c26f98a65') in 0.029302 seconds 
========================================================================
Received Import Request.
  Time since last request: 0.000031 seconds.
  path: Assets/ImportedAssets/Main Buttons/Loading Bars/Loading Bar 2 White Full.png
  artifactKey: Guid(76afcbcf18bbd3641b790583178668a2) Importer(815301076,1909f56bfc062723c751e8b465ee728b)
Start importing Assets/ImportedAssets/Main Buttons/Loading Bars/Loading Bar 2 White Full.png using Guid(76afcbcf18bbd3641b790583178668a2) Importer(815301076,1909f56bfc062723c751e8b465ee728b)  -> (artifact id: 'aeebe3280a053c978086bbf76ab046ce') in 0.034711 seconds 
========================================================================
Received Import Request.
  Time since last request: 102.953203 seconds.
  path: Assets/ImportedAssets/Classic_RPG_GUI/update/Background_green.png
  artifactKey: Guid(a1349bb9b6370dd40a5f544368eb98bd) Importer(815301076,1909f56bfc062723c751e8b465ee728b)
Start importing Assets/ImportedAssets/Classic_RPG_GUI/update/Background_green.png using Guid(a1349bb9b6370dd40a5f544368eb98bd) Importer(815301076,1909f56bfc062723c751e8b465ee728b)  -> (artifact id: 'bc70f739e596e1e505da4f22f1802335') in 0.035729 seconds 
========================================================================
Received Import Request.
  Time since last request: 0.000023 seconds.
  path: Assets/ImportedAssets/Classic_RPG_GUI/update/Background_grey.png
  artifactKey: Guid(380cbb2cc2e72a04fbb7013072d6c1e2) Importer(815301076,1909f56bfc062723c751e8b465ee728b)
Start importing Assets/ImportedAssets/Classic_RPG_GUI/update/Background_grey.png using Guid(380cbb2cc2e72a04fbb7013072d6c1e2) Importer(815301076,1909f56bfc062723c751e8b465ee728b)  -> (artifact id: 'cbad0a8b3910b2e120fdadfc6ca083c1') in 0.029179 seconds 
========================================================================
Received Import Request.
  Time since last request: 0.000026 seconds.
  path: Assets/ImportedAssets/Classic_RPG_GUI/update/Ink.png
  artifactKey: Guid(c73bfe043643c164491a6822a3849671) Importer(815301076,1909f56bfc062723c751e8b465ee728b)
Start importing Assets/ImportedAssets/Classic_RPG_GUI/update/Ink.png using Guid(c73bfe043643c164491a6822a3849671) Importer(815301076,1909f56bfc062723c751e8b465ee728b)  -> (artifact id: '7b74040fddde32f9cd4604b8d0cee16a') in 0.030457 seconds 
========================================================================
Received Import Request.
  Time since last request: 0.000022 seconds.
  path: Assets/ImportedAssets/Classic_RPG_GUI/update/RoundFrame_green.png
  artifactKey: Guid(e76c8a059f21b3944ac5a210b6a37872) Importer(815301076,1909f56bfc062723c751e8b465ee728b)
Start importing Assets/ImportedAssets/Classic_RPG_GUI/update/RoundFrame_green.png using Guid(e76c8a059f21b3944ac5a210b6a37872) Importer(815301076,1909f56bfc062723c751e8b465ee728b)  -> (artifact id: '68b66c080aeb2f38ed80232bdd8b164f') in 0.029451 seconds 
========================================================================
Received Import Request.
  Time since last request: 0.000019 seconds.
  path: Assets/ImportedAssets/Classic_RPG_GUI/update/RoundFrame_purple.png
  artifactKey: Guid(6ede7b7ca1150cd4c88960832dbe1d64) Importer(815301076,1909f56bfc062723c751e8b465ee728b)
Start importing Assets/ImportedAssets/Classic_RPG_GUI/update/RoundFrame_purple.png using Guid(6ede7b7ca1150cd4c88960832dbe1d64) Importer(815301076,1909f56bfc062723c751e8b465ee728b)  -> (artifact id: 'f8340a5d88b8d7ff89e3a31907ea95a8') in 0.031525 seconds 
========================================================================
Received Import Request.
  Time since last request: 0.000025 seconds.
  path: Assets/ImportedAssets/Classic_RPG_GUI/update/Background_r_blue.png
  artifactKey: Guid(2b05963f8be17e74d821b71ed8aa20a0) Importer(815301076,1909f56bfc062723c751e8b465ee728b)
Start importing Assets/ImportedAssets/Classic_RPG_GUI/update/Background_r_blue.png using Guid(2b05963f8be17e74d821b71ed8aa20a0) Importer(815301076,1909f56bfc062723c751e8b465ee728b)  -> (artifact id: 'ed13f01dcda2257b4f1976169cd6350c') in 0.034647 seconds 
========================================================================
Received Import Request.
  Time since last request: 0.000033 seconds.
  path: Assets/ImportedAssets/Classic_RPG_GUI/update/Frame_purple.png
  artifactKey: Guid(e2d59fb6eeb2e634db0e244ebca32571) Importer(815301076,1909f56bfc062723c751e8b465ee728b)
Start importing Assets/ImportedAssets/Classic_RPG_GUI/update/Frame_purple.png using Guid(e2d59fb6eeb2e634db0e244ebca32571) Importer(815301076,1909f56bfc062723c751e8b465ee728b)  -> (artifact id: '93be07efb6837f21ca076b515dc49050') in 0.029296 seconds 
========================================================================
Received Import Request.
  Time since last request: 0.000029 seconds.
  path: Assets/ImportedAssets/Classic_RPG_GUI/update/Background_r_green.png
  artifactKey: Guid(a25ad12a301747e42b2ec2a9fc1fed18) Importer(815301076,1909f56bfc062723c751e8b465ee728b)
Start importing Assets/ImportedAssets/Classic_RPG_GUI/update/Background_r_green.png using Guid(a25ad12a301747e42b2ec2a9fc1fed18) Importer(815301076,1909f56bfc062723c751e8b465ee728b)  -> (artifact id: 'f5c4d70d09394ffac24a59865dcf1d4f') in 0.034126 seconds 
========================================================================
Received Import Request.
  Time since last request: 0.000027 seconds.
  path: Assets/ImportedAssets/Classic_RPG_GUI/update/RoundFrame_blue.png
  artifactKey: Guid(60a39180a238bbc4da6f07febb056f4f) Importer(815301076,1909f56bfc062723c751e8b465ee728b)
Start importing Assets/ImportedAssets/Classic_RPG_GUI/update/RoundFrame_blue.png using Guid(60a39180a238bbc4da6f07febb056f4f) Importer(815301076,1909f56bfc062723c751e8b465ee728b)  -> (artifact id: '9a384660617a06431e1f2e696e0f6475') in 0.027947 seconds 
========================================================================
Received Import Request.
  Time since last request: 0.000027 seconds.
  path: Assets/ImportedAssets/Classic_RPG_GUI/update/Background_r_red.png
  artifactKey: Guid(92d2b7b7641f92f47b7eea0246d85c93) Importer(815301076,1909f56bfc062723c751e8b465ee728b)
Start importing Assets/ImportedAssets/Classic_RPG_GUI/update/Background_r_red.png using Guid(92d2b7b7641f92f47b7eea0246d85c93) Importer(815301076,1909f56bfc062723c751e8b465ee728b)  -> (artifact id: '7bd0e153e82841c29d8ba83a6640f1d6') in 0.032394 seconds 
========================================================================
Received Import Request.
  Time since last request: 0.000023 seconds.
  path: Assets/ImportedAssets/Classic_RPG_GUI/update/Frame_blue.png
  artifactKey: Guid(8f808217b55a00d47a98eec3988098b2) Importer(815301076,1909f56bfc062723c751e8b465ee728b)
Start importing Assets/ImportedAssets/Classic_RPG_GUI/update/Frame_blue.png using Guid(8f808217b55a00d47a98eec3988098b2) Importer(815301076,1909f56bfc062723c751e8b465ee728b)  -> (artifact id: '17ccd28c01d6aa5e28b43a2d899b5aac') in 0.038607 seconds 
========================================================================
Received Import Request.
  Time since last request: 0.000078 seconds.
  path: Assets/ImportedAssets/Classic_RPG_GUI/update/Background_r_purple.png
  artifactKey: Guid(ca6f1abc22e4f6b49bed4ef4032c7191) Importer(815301076,1909f56bfc062723c751e8b465ee728b)
Start importing Assets/ImportedAssets/Classic_RPG_GUI/update/Background_r_purple.png using Guid(ca6f1abc22e4f6b49bed4ef4032c7191) Importer(815301076,1909f56bfc062723c751e8b465ee728b)  -> (artifact id: 'f26c11a3e16dfdc0106b13776eb33973') in 0.032536 seconds 
========================================================================
Received Import Request.
  Time since last request: 0.000031 seconds.
  path: Assets/ImportedAssets/Classic_RPG_GUI/update/Background_red.png
  artifactKey: Guid(cb251efaff8c68041a054046a722fb01) Importer(815301076,1909f56bfc062723c751e8b465ee728b)
Start importing Assets/ImportedAssets/Classic_RPG_GUI/update/Background_red.png using Guid(cb251efaff8c68041a054046a722fb01) Importer(815301076,1909f56bfc062723c751e8b465ee728b)  -> (artifact id: '8593654815da1a2aae56d10104c2fce6') in 0.028032 seconds 
========================================================================
Received Import Request.
  Time since last request: 15.483095 seconds.
  path: Assets/ImportedAssets/HUD/Party Frame/Party Member Health Bar Frame.png
  artifactKey: Guid(b7f861dba42a61c458cdfb34d66b6e6c) Importer(815301076,1909f56bfc062723c751e8b465ee728b)
Start importing Assets/ImportedAssets/HUD/Party Frame/Party Member Health Bar Frame.png using Guid(b7f861dba42a61c458cdfb34d66b6e6c) Importer(815301076,1909f56bfc062723c751e8b465ee728b)  -> (artifact id: '4574143c64d76cd723257e62237f63c1') in 0.025465 seconds 
========================================================================
Received Import Request.
  Time since last request: 0.000019 seconds.
  path: Assets/ImportedAssets/HUD/Party Frame/Party Member Mana Bar Frame.png
  artifactKey: Guid(4044428559c797a4897033522958838e) Importer(815301076,1909f56bfc062723c751e8b465ee728b)
Start importing Assets/ImportedAssets/HUD/Party Frame/Party Member Mana Bar Frame.png using Guid(4044428559c797a4897033522958838e) Importer(815301076,1909f56bfc062723c751e8b465ee728b)  -> (artifact id: 'a49fc9c6a50b43a922b00509367d49e0') in 0.024434 seconds 
========================================================================
Received Import Request.
  Time since last request: 0.000021 seconds.
  path: Assets/ImportedAssets/HUD/Party Frame/Party Member Mana Bar Full.png
  artifactKey: Guid(897727621a72f2944809257db3af0773) Importer(815301076,1909f56bfc062723c751e8b465ee728b)
Start importing Assets/ImportedAssets/HUD/Party Frame/Party Member Mana Bar Full.png using Guid(897727621a72f2944809257db3af0773) Importer(815301076,1909f56bfc062723c751e8b465ee728b)  -> (artifact id: '34ddf3dfe6d9c01cf77bdce422fa65b3') in 0.024829 seconds 
Editor requested this worker to shutdown with reason: Scaling down because of idle timeout
AssetImportWorker is now disconnected from the server
Process exiting
Exiting without the bug reporter. Application will terminate with return code 0