Using pre-set license
Built from '2021.3/staging' branch; Version is '2021.3.7f1 (24e8595d6d43) revision 2418777'; Using compiler version '192829333'; Build Type 'Release'
OS: 'Windows 11  (10.0.22631) 64bit Core' Language: 'en' Physical Memory: 32657 MB
BatchMode: 1, IsHumanControllingUs: 0, StartBugReporterOnCrash: 0, Is64bit: 1, IsPro: 1

COMMAND LINE ARGUMENTS:
C:\Program Files\Unity\Hub\Editor\2021.3.7f1\Editor\Unity.exe
-adb2
-batchMode
-noUpm
-name
AssetImportWorker5
-projectPath
C:/Users/Lucas/Documents/GitHub/LCFoxyPuzzlePlatformer
-logFile
Logs/AssetImportWorker5.log
-srvPort
52182
Successfully changed project path to: C:/Users/Lucas/Documents/GitHub/LCFoxyPuzzlePlatformer
C:/Users/Lucas/Documents/GitHub/LCFoxyPuzzlePlatformer
[UnityMemory] Configuration Parameters - Can be set up in boot.config
    "memorysetup-bucket-allocator-granularity=16"
    "memorysetup-bucket-allocator-bucket-count=8"
    "memorysetup-bucket-allocator-block-size=33554432"
    "memorysetup-bucket-allocator-block-count=8"
    "memorysetup-main-allocator-block-size=16777216"
    "memorysetup-thread-allocator-block-size=16777216"
    "memorysetup-gfx-main-allocator-block-size=16777216"
    "memorysetup-gfx-thread-allocator-block-size=16777216"
    "memorysetup-cache-allocator-block-size=4194304"
    "memorysetup-typetree-allocator-block-size=2097152"
    "memorysetup-profiler-bucket-allocator-granularity=16"
    "memorysetup-profiler-bucket-allocator-bucket-count=8"
    "memorysetup-profiler-bucket-allocator-block-size=33554432"
    "memorysetup-profiler-bucket-allocator-block-count=8"
    "memorysetup-profiler-allocator-block-size=16777216"
    "memorysetup-profiler-editor-allocator-block-size=1048576"
    "memorysetup-temp-allocator-size-main=16777216"
    "memorysetup-job-temp-allocator-block-size=2097152"
    "memorysetup-job-temp-allocator-block-size-background=1048576"
    "memorysetup-job-temp-allocator-reduction-small-platforms=262144"
    "memorysetup-temp-allocator-size-background-worker=32768"
    "memorysetup-temp-allocator-size-job-worker=262144"
    "memorysetup-temp-allocator-size-preload-manager=33554432"
    "memorysetup-temp-allocator-size-nav-mesh-worker=65536"
    "memorysetup-temp-allocator-size-audio-worker=65536"
    "memorysetup-temp-allocator-size-cloud-worker=32768"
    "memorysetup-temp-allocator-size-gi-baking-worker=262144"
    "memorysetup-temp-allocator-size-gfx=262144"
Refreshing native plugins compatible for Editor in 145.20 ms, found 4 plugins.
Preloading 0 native plugins for Editor in 0.00 ms.
Initialize engine version: 2021.3.7f1 (24e8595d6d43)
[Subsystems] Discovering subsystems at path C:/Program Files/Unity/Hub/Editor/2021.3.7f1/Editor/Data/Resources/UnitySubsystems
[Subsystems] Discovering subsystems at path C:/Users/Lucas/Documents/GitHub/LCFoxyPuzzlePlatformer/Assets
GfxDevice: creating device client; threaded=0; jobified=0
Direct3D:
    Version:  Direct3D 11.0 [level 11.1]
    Renderer: NVIDIA GeForce RTX 3070 Ti (ID=0x2482)
    Vendor:   NVIDIA
    VRAM:     8018 MB
    Driver:   32.0.15.6081
Initialize mono
Mono path[0] = 'C:/Program Files/Unity/Hub/Editor/2021.3.7f1/Editor/Data/Managed'
Mono path[1] = 'C:/Program Files/Unity/Hub/Editor/2021.3.7f1/Editor/Data/MonoBleedingEdge/lib/mono/unityjit-win32'
Mono config path = 'C:/Program Files/Unity/Hub/Editor/2021.3.7f1/Editor/Data/MonoBleedingEdge/etc'
Using monoOptions --debugger-agent=transport=dt_socket,embedding=1,server=y,suspend=n,address=127.0.0.1:56604
Begin MonoManager ReloadAssembly
Registering precompiled unity dll's ...
Register platform support module: C:/Program Files/Unity/Hub/Editor/2021.3.7f1/Editor/Data/PlaybackEngines/WebGLSupport/UnityEditor.WebGL.Extensions.dll
Register platform support module: C:/Program Files/Unity/Hub/Editor/2021.3.7f1/Editor/Data/PlaybackEngines/WindowsStandaloneSupport/UnityEditor.WindowsStandalone.Extensions.dll
Registered in 0.006179 seconds.
Native extension for WindowsStandalone target not found
Native extension for WebGL target not found
Refreshing native plugins compatible for Editor in 136.18 ms, found 4 plugins.
Preloading 0 native plugins for Editor in 0.00 ms.
Mono: successfully reloaded assembly
- Completed reload, in  0.690 seconds
Domain Reload Profiling:
	ReloadAssembly (691ms)
		BeginReloadAssembly (67ms)
			ExecutionOrderSort (0ms)
			DisableScriptedObjects (0ms)
			BackupInstance (0ms)
			ReleaseScriptingObjects (0ms)
			CreateAndSetChildDomain (1ms)
		EndReloadAssembly (528ms)
			LoadAssemblies (63ms)
			RebuildTransferFunctionScriptingTraits (0ms)
			SetupTypeCache (102ms)
			ReleaseScriptCaches (0ms)
			RebuildScriptCaches (32ms)
			SetupLoadedEditorAssemblies (336ms)
				LogAssemblyErrors (0ms)
				InitializePlatformSupportModulesInManaged (9ms)
				SetLoadedEditorAssemblies (0ms)
				RefreshPlugins (136ms)
				BeforeProcessingInitializeOnLoad (1ms)
				ProcessInitializeOnLoadAttributes (139ms)
				ProcessInitializeOnLoadMethodAttributes (50ms)
				AfterProcessingInitializeOnLoad (0ms)
				EditorAssembliesLoaded (0ms)
			ExecutionOrderSort2 (0ms)
			AwakeInstancesAfterBackupRestoration (0ms)
Platform modules already initialized, skipping
Registering precompiled user dll's ...
Registered in 0.014947 seconds.
Begin MonoManager ReloadAssembly
Symbol file LoadedFromMemory doesn't match image C:\Users\Lucas\Documents\GitHub\LCFoxyPuzzlePlatformer\Library\PackageCache\com.unity.visualscripting@1.7.8\Editor\VisualScripting.Core\Dependencies\DotNetZip\Unity.VisualScripting.IonicZip.dll
Symbol file LoadedFromMemory doesn't match image C:\Users\Lucas\Documents\GitHub\LCFoxyPuzzlePlatformer\Library\PackageCache\com.unity.visualscripting@1.7.8\Editor\VisualScripting.Core\Dependencies\YamlDotNet\Unity.VisualScripting.YamlDotNet.dll
Native extension for WindowsStandalone target not found
Native extension for WebGL target not found
Refreshing native plugins compatible for Editor in 114.32 ms, found 4 plugins.
Preloading 0 native plugins for Editor in 0.00 ms.
Package Manager log level set to [2]
Mono: successfully reloaded assembly
- Completed reload, in  1.225 seconds
Domain Reload Profiling:
	ReloadAssembly (1226ms)
		BeginReloadAssembly (108ms)
			ExecutionOrderSort (0ms)
			DisableScriptedObjects (5ms)
			BackupInstance (0ms)
			ReleaseScriptingObjects (0ms)
			CreateAndSetChildDomain (20ms)
		EndReloadAssembly (1018ms)
			LoadAssemblies (100ms)
			RebuildTransferFunctionScriptingTraits (0ms)
			SetupTypeCache (227ms)
			ReleaseScriptCaches (1ms)
			RebuildScriptCaches (51ms)
			SetupLoadedEditorAssemblies (609ms)
				LogAssemblyErrors (0ms)
				InitializePlatformSupportModulesInManaged (4ms)
				SetLoadedEditorAssemblies (0ms)
				RefreshPlugins (114ms)
				BeforeProcessingInitializeOnLoad (123ms)
				ProcessInitializeOnLoadAttributes (215ms)
				ProcessInitializeOnLoadMethodAttributes (145ms)
				AfterProcessingInitializeOnLoad (8ms)
				EditorAssembliesLoaded (0ms)
			ExecutionOrderSort2 (0ms)
			AwakeInstancesAfterBackupRestoration (4ms)
Platform modules already initialized, skipping
========================================================================
Worker process is ready to serve import requests
Launched and connected shader compiler UnityShaderCompiler.exe after 0.04 seconds
Refreshing native plugins compatible for Editor in 1.39 ms, found 4 plugins.
Preloading 0 native plugins for Editor in 0.00 ms.
Unloading 6266 Unused Serialized files (Serialized files now loaded: 0)
Unloading 82 unused Assets / (0.7 MB). Loaded Objects now: 6689.
Memory consumption went from 235.7 MB to 235.0 MB.
Total: 7.056500 ms (FindLiveObjects: 0.450200 ms CreateObjectMapping: 0.339500 ms MarkObjects: 6.005100 ms  DeleteObjects: 0.261100 ms)

AssetImportParameters requested are different than current active one (requested -> active):
  custom:video-decoder-ogg-theora: a1e56fd34408186e4bbccfd4996cb3dc -> 
  custom:container-muxer-webm: aa71ff27fc2769a1b78a27578f13a17b -> 
  custom:container-demuxer-webm: 4f35f7cbe854078d1ac9338744f61a02 -> 
  custom:video-encoder-webm-vp8: eb34c28f22e8b96e1ab97ce403110664 -> 
  custom:video-codec-MediaFoundation-h265: 746d11721c4dcdbdad8f713fa42b33f4 -> 
  custom:audio-encoder-webm-vorbis: bf7c407c2cedff20999df2af8eb42d56 -> 
  custom:framework-win-MediaFoundation: 216162199b28c13a410421893ffa2e32 -> 
  custom:container-demuxer-ogg: 62fdf1f143b41e24485cea50d1cbac27 -> 
  custom:video-decoder-webm-vp8: 9c59270c3fd7afecdb556c50c9e8de78 -> 
  custom:audio-decoder-ogg-vorbis: bf7c407c2cedff20999df2af8eb42d56 -> 
========================================================================
Received Import Request.
  Time since last request: 685747.827907 seconds.
  path: Assets/ImportedAssets/Classic_RPG_GUI/Parts/basic_bar2.png
  artifactKey: Guid(682f9e88be0c444498d1133e7c89da17) Importer(815301076,1909f56bfc062723c751e8b465ee728b)
Start importing Assets/ImportedAssets/Classic_RPG_GUI/Parts/basic_bar2.png using Guid(682f9e88be0c444498d1133e7c89da17) Importer(815301076,1909f56bfc062723c751e8b465ee728b)  -> (artifact id: 'cbbecd964b18bdfec897002fc44caf51') in 0.109758 seconds 
========================================================================
Received Import Request.
  Time since last request: 0.000034 seconds.
  path: Assets/ImportedAssets/Classic_RPG_GUI/Parts/inventory_frame.png
  artifactKey: Guid(1012f58a33331d24882571b8b0c4af2a) Importer(815301076,1909f56bfc062723c751e8b465ee728b)
Start importing Assets/ImportedAssets/Classic_RPG_GUI/Parts/inventory_frame.png using Guid(1012f58a33331d24882571b8b0c4af2a) Importer(815301076,1909f56bfc062723c751e8b465ee728b)  -> (artifact id: '750b7d42b7387df0a495560a18b5ffe9') in 0.026415 seconds 
========================================================================
Received Import Request.
  Time since last request: 0.000025 seconds.
  path: Assets/ImportedAssets/Classic_RPG_GUI/Parts/mid_button_on.png
  artifactKey: Guid(c8545308151f2f04aac85e488c101d3f) Importer(815301076,1909f56bfc062723c751e8b465ee728b)
Start importing Assets/ImportedAssets/Classic_RPG_GUI/Parts/mid_button_on.png using Guid(c8545308151f2f04aac85e488c101d3f) Importer(815301076,1909f56bfc062723c751e8b465ee728b)  -> (artifact id: '4a9c10fab029ff9fa56161d4aaf16927') in 0.027320 seconds 
========================================================================
Received Import Request.
  Time since last request: 0.000021 seconds.
  path: Assets/ImportedAssets/Classic_RPG_GUI/Parts/Hp_line.png
  artifactKey: Guid(63d12ee3823dd774182d3eb97b6e4fc0) Importer(815301076,1909f56bfc062723c751e8b465ee728b)
Start importing Assets/ImportedAssets/Classic_RPG_GUI/Parts/Hp_line.png using Guid(63d12ee3823dd774182d3eb97b6e4fc0) Importer(815301076,1909f56bfc062723c751e8b465ee728b)  -> (artifact id: '3875a0f8d9675a95e5d4763b0fb3592a') in 0.048083 seconds 
========================================================================
Received Import Request.
  Time since last request: 0.000025 seconds.
  path: Assets/ImportedAssets/Classic_RPG_GUI/Parts/option_button.png
  artifactKey: Guid(fbe9d9fb14d8f3246a383f126a3b8406) Importer(815301076,1909f56bfc062723c751e8b465ee728b)
Start importing Assets/ImportedAssets/Classic_RPG_GUI/Parts/option_button.png using Guid(fbe9d9fb14d8f3246a383f126a3b8406) Importer(815301076,1909f56bfc062723c751e8b465ee728b)  -> (artifact id: '61881996f1010869570ebec465d3b33a') in 0.027012 seconds 
========================================================================
Received Import Request.
  Time since last request: 0.000020 seconds.
  path: Assets/ImportedAssets/Classic_RPG_GUI/Parts/pattern.png
  artifactKey: Guid(93462bce95c35434b84fceca9d9150eb) Importer(815301076,1909f56bfc062723c751e8b465ee728b)
Start importing Assets/ImportedAssets/Classic_RPG_GUI/Parts/pattern.png using Guid(93462bce95c35434b84fceca9d9150eb) Importer(815301076,1909f56bfc062723c751e8b465ee728b)  -> (artifact id: '3c3c5147abc34fea32154ab5c9d44329') in 0.073467 seconds 
========================================================================
Received Import Request.
  Time since last request: 0.000024 seconds.
  path: Assets/ImportedAssets/Classic_RPG_GUI/Parts/long_button_on.png
  artifactKey: Guid(263f73c3a15560c4198ae6f16cd1df94) Importer(815301076,1909f56bfc062723c751e8b465ee728b)
Start importing Assets/ImportedAssets/Classic_RPG_GUI/Parts/long_button_on.png using Guid(263f73c3a15560c4198ae6f16cd1df94) Importer(815301076,1909f56bfc062723c751e8b465ee728b)  -> (artifact id: 'f114dcca8ec519d80f1135999eebc4ba') in 0.032165 seconds 
========================================================================
Received Import Request.
  Time since last request: 0.000034 seconds.
  path: Assets/ImportedAssets/Classic_RPG_GUI/Parts/Plus.png
  artifactKey: Guid(6dfab8addd746fc489010141e01a8153) Importer(815301076,1909f56bfc062723c751e8b465ee728b)
Start importing Assets/ImportedAssets/Classic_RPG_GUI/Parts/Plus.png using Guid(6dfab8addd746fc489010141e01a8153) Importer(815301076,1909f56bfc062723c751e8b465ee728b)  -> (artifact id: '7cc4eefe535d538fa25ccc98e26908dd') in 0.016949 seconds 
========================================================================
Received Import Request.
  Time since last request: 0.000021 seconds.
  path: Assets/ImportedAssets/Classic_RPG_GUI/Parts/minimap.png
  artifactKey: Guid(e4c18a8db405c384f91b89085ca3b61e) Importer(815301076,1909f56bfc062723c751e8b465ee728b)
Start importing Assets/ImportedAssets/Classic_RPG_GUI/Parts/minimap.png using Guid(e4c18a8db405c384f91b89085ca3b61e) Importer(815301076,1909f56bfc062723c751e8b465ee728b)  -> (artifact id: 'f6d277d404a827cefea462b5c8a7a0ad') in 0.053989 seconds 
========================================================================
Received Import Request.
  Time since last request: 0.000028 seconds.
  path: Assets/ImportedAssets/Classic_RPG_GUI/Parts/Hp_line2.png
  artifactKey: Guid(3ed1a676333f0d64c87f53b206901436) Importer(815301076,1909f56bfc062723c751e8b465ee728b)
Start importing Assets/ImportedAssets/Classic_RPG_GUI/Parts/Hp_line2.png using Guid(3ed1a676333f0d64c87f53b206901436) Importer(815301076,1909f56bfc062723c751e8b465ee728b)  -> (artifact id: '54bfdb5b2abb3ead15e6fcba86157e5c') in 0.020864 seconds 
========================================================================
Received Import Request.
  Time since last request: 0.000020 seconds.
  path: Assets/ImportedAssets/Classic_RPG_GUI/Parts/Mini_add_t.png
  artifactKey: Guid(7f7f6d71787554d4bbacc9b415a55045) Importer(815301076,1909f56bfc062723c751e8b465ee728b)
Start importing Assets/ImportedAssets/Classic_RPG_GUI/Parts/Mini_add_t.png using Guid(7f7f6d71787554d4bbacc9b415a55045) Importer(815301076,1909f56bfc062723c751e8b465ee728b)  -> (artifact id: 'a3809218f26f1826bfe320768929bb1a') in 0.021345 seconds 
========================================================================
Received Import Request.
  Time since last request: 0.000028 seconds.
  path: Assets/ImportedAssets/Classic_RPG_GUI/Parts/Mini_skip_t.png
  artifactKey: Guid(51d3ba2e0998f8f4ead4d40df2d7b8a1) Importer(815301076,1909f56bfc062723c751e8b465ee728b)
Start importing Assets/ImportedAssets/Classic_RPG_GUI/Parts/Mini_skip_t.png using Guid(51d3ba2e0998f8f4ead4d40df2d7b8a1) Importer(815301076,1909f56bfc062723c751e8b465ee728b)  -> (artifact id: '5ea27ad68d39a36f71d030c20cbdd60f') in 0.024887 seconds 
========================================================================
Received Import Request.
  Time since last request: 0.000059 seconds.
  path: Assets/ImportedAssets/Classic_RPG_GUI/Parts/inventory_button2.png
  artifactKey: Guid(4e972e078639ace409a0fd87e5069d49) Importer(815301076,1909f56bfc062723c751e8b465ee728b)
Start importing Assets/ImportedAssets/Classic_RPG_GUI/Parts/inventory_button2.png using Guid(4e972e078639ace409a0fd87e5069d49) Importer(815301076,1909f56bfc062723c751e8b465ee728b)  -> (artifact id: 'acd0a17bbfedbafe19b11241a3fb9b7b') in 0.021313 seconds 
========================================================================
Received Import Request.
  Time since last request: 0.000021 seconds.
  path: Assets/ImportedAssets/Classic_RPG_GUI/Parts/Mini_speak.png
  artifactKey: Guid(7d341234dbc2e854caec9cdeb02f9ed3) Importer(815301076,1909f56bfc062723c751e8b465ee728b)
Start importing Assets/ImportedAssets/Classic_RPG_GUI/Parts/Mini_speak.png using Guid(7d341234dbc2e854caec9cdeb02f9ed3) Importer(815301076,1909f56bfc062723c751e8b465ee728b)  -> (artifact id: '4755ce230a7f2c12b92bf75cc9502ac5') in 0.023638 seconds 
========================================================================
Received Import Request.
  Time since last request: 0.000035 seconds.
  path: Assets/ImportedAssets/Classic_RPG_GUI/Parts/name_frame.png
  artifactKey: Guid(7ed57d01303a580419ef288f356f7708) Importer(815301076,1909f56bfc062723c751e8b465ee728b)
Start importing Assets/ImportedAssets/Classic_RPG_GUI/Parts/name_frame.png using Guid(7ed57d01303a580419ef288f356f7708) Importer(815301076,1909f56bfc062723c751e8b465ee728b)  -> (artifact id: 'ad4e8fb2df686de80d413b46babe02bc') in 0.041696 seconds 
========================================================================
Received Import Request.
  Time since last request: 0.000029 seconds.
  path: Assets/ImportedAssets/Classic_RPG_GUI/Parts/inventory_button2_long.png
  artifactKey: Guid(6ce43faabc627034d803f7208ce26b6e) Importer(815301076,1909f56bfc062723c751e8b465ee728b)
Start importing Assets/ImportedAssets/Classic_RPG_GUI/Parts/inventory_button2_long.png using Guid(6ce43faabc627034d803f7208ce26b6e) Importer(815301076,1909f56bfc062723c751e8b465ee728b)  -> (artifact id: '3e909774da2ddb6756d2432522a249a5') in 0.025184 seconds 
========================================================================
Received Import Request.
  Time since last request: 0.000027 seconds.
  path: Assets/ImportedAssets/Classic_RPG_GUI/Parts/long_button_off.png
  artifactKey: Guid(202bea269bc20dd42904dca9a0896418) Importer(815301076,1909f56bfc062723c751e8b465ee728b)
Start importing Assets/ImportedAssets/Classic_RPG_GUI/Parts/long_button_off.png using Guid(202bea269bc20dd42904dca9a0896418) Importer(815301076,1909f56bfc062723c751e8b465ee728b)  -> (artifact id: 'f63a9f8b8c6573a1e7ced8ed830a7e06') in 0.027447 seconds 
========================================================================
Received Import Request.
  Time since last request: 0.000020 seconds.
  path: Assets/ImportedAssets/Classic_RPG_GUI/Parts/Hero_icon_frame_bg.png
  artifactKey: Guid(a866319289c5d664a9e56ed71b7030cb) Importer(815301076,1909f56bfc062723c751e8b465ee728b)
Start importing Assets/ImportedAssets/Classic_RPG_GUI/Parts/Hero_icon_frame_bg.png using Guid(a866319289c5d664a9e56ed71b7030cb) Importer(815301076,1909f56bfc062723c751e8b465ee728b)  -> (artifact id: '29ecf9129c535a2c32da87ad53a5238e') in 0.024197 seconds 
========================================================================
Received Import Request.
  Time since last request: 0.000029 seconds.
  path: Assets/ImportedAssets/Classic_RPG_GUI/Parts/Mini_arrow_top.png
  artifactKey: Guid(1618cf21c38a2594cb2887358bf9ad55) Importer(815301076,1909f56bfc062723c751e8b465ee728b)
Start importing Assets/ImportedAssets/Classic_RPG_GUI/Parts/Mini_arrow_top.png using Guid(1618cf21c38a2594cb2887358bf9ad55) Importer(815301076,1909f56bfc062723c751e8b465ee728b)  -> (artifact id: 'a0783eac9215f6fbeb032e8fd05b9e00') in 0.017162 seconds 
========================================================================
Received Import Request.
  Time since last request: 0.000028 seconds.
  path: Assets/ImportedAssets/Classic_RPG_GUI/Parts/big_bar_frame.png
  artifactKey: Guid(89fd731f50e11fc4682618136b80dd27) Importer(815301076,1909f56bfc062723c751e8b465ee728b)
Start importing Assets/ImportedAssets/Classic_RPG_GUI/Parts/big_bar_frame.png using Guid(89fd731f50e11fc4682618136b80dd27) Importer(815301076,1909f56bfc062723c751e8b465ee728b)  -> (artifact id: '84c8caf52d0663f46e1a49231a3c7a0f') in 0.159101 seconds 
========================================================================
Received Import Request.
  Time since last request: 0.000025 seconds.
  path: Assets/ImportedAssets/Classic_RPG_GUI/Parts/Mana_line2.png
  artifactKey: Guid(d223cad1239aeb945909cebab6466a27) Importer(815301076,1909f56bfc062723c751e8b465ee728b)
Start importing Assets/ImportedAssets/Classic_RPG_GUI/Parts/Mana_line2.png using Guid(d223cad1239aeb945909cebab6466a27) Importer(815301076,1909f56bfc062723c751e8b465ee728b)  -> (artifact id: 'dc3a453692e6928d1265da61db04a86a') in 0.020610 seconds 
========================================================================
Received Import Request.
  Time since last request: 0.000036 seconds.
  path: Assets/ImportedAssets/Classic_RPG_GUI/Parts/basic_bar2_elite.png
  artifactKey: Guid(16b5db57247c1ab4fad59fb49bc94647) Importer(815301076,1909f56bfc062723c751e8b465ee728b)
Start importing Assets/ImportedAssets/Classic_RPG_GUI/Parts/basic_bar2_elite.png using Guid(16b5db57247c1ab4fad59fb49bc94647) Importer(815301076,1909f56bfc062723c751e8b465ee728b)  -> (artifact id: 'fc26472094629faf75d83b0a79f79001') in 0.025075 seconds 
========================================================================
Received Import Request.
  Time since last request: 0.000019 seconds.
  path: Assets/ImportedAssets/Classic_RPG_GUI/Parts/Mini_add.png
  artifactKey: Guid(075b00eda10b04d4399c1331487f385c) Importer(815301076,1909f56bfc062723c751e8b465ee728b)
Start importing Assets/ImportedAssets/Classic_RPG_GUI/Parts/Mini_add.png using Guid(075b00eda10b04d4399c1331487f385c) Importer(815301076,1909f56bfc062723c751e8b465ee728b)  -> (artifact id: '2a1f6bca91efd388702f4c410ef4059d') in 0.019307 seconds 
========================================================================
Received Import Request.
  Time since last request: 0.000027 seconds.
  path: Assets/ImportedAssets/Classic_RPG_GUI/Parts/Mini_arrow_right2_t.png
  artifactKey: Guid(20b2bdeb5ee9944479f9ea6f2a4d4081) Importer(815301076,1909f56bfc062723c751e8b465ee728b)
Start importing Assets/ImportedAssets/Classic_RPG_GUI/Parts/Mini_arrow_right2_t.png using Guid(20b2bdeb5ee9944479f9ea6f2a4d4081) Importer(815301076,1909f56bfc062723c751e8b465ee728b)  -> (artifact id: 'a6889221744175f52cd21a97bef54af1') in 0.020254 seconds 
========================================================================
Received Import Request.
  Time since last request: 0.000037 seconds.
  path: Assets/ImportedAssets/Classic_RPG_GUI/Parts/Mini_exit.png
  artifactKey: Guid(9a43ce2f63eaa854c98daae97827b4c9) Importer(815301076,1909f56bfc062723c751e8b465ee728b)
Start importing Assets/ImportedAssets/Classic_RPG_GUI/Parts/Mini_exit.png using Guid(9a43ce2f63eaa854c98daae97827b4c9) Importer(815301076,1909f56bfc062723c751e8b465ee728b)  -> (artifact id: '22fba371f9f51182f33e24e3b7a2ff54') in 0.023236 seconds 
========================================================================
Received Import Request.
  Time since last request: 0.000027 seconds.
  path: Assets/ImportedAssets/Classic_RPG_GUI/Parts/inventory_button.png
  artifactKey: Guid(aa4fed744a860c24f95a70a49675ea36) Importer(815301076,1909f56bfc062723c751e8b465ee728b)
Start importing Assets/ImportedAssets/Classic_RPG_GUI/Parts/inventory_button.png using Guid(aa4fed744a860c24f95a70a49675ea36) Importer(815301076,1909f56bfc062723c751e8b465ee728b)  -> (artifact id: '07f88e0c8fdcace1c74d200b8094490b') in 0.021607 seconds 
========================================================================
Received Import Request.
  Time since last request: 0.000029 seconds.
  path: Assets/ImportedAssets/Classic_RPG_GUI/Parts/info_window.png
  artifactKey: Guid(4cd9629e210f77e43835d58fe29886f4) Importer(815301076,1909f56bfc062723c751e8b465ee728b)
Start importing Assets/ImportedAssets/Classic_RPG_GUI/Parts/info_window.png using Guid(4cd9629e210f77e43835d58fe29886f4) Importer(815301076,1909f56bfc062723c751e8b465ee728b)  -> (artifact id: '46b806c7969139f63e6847e79e8afc92') in 0.031495 seconds 
========================================================================
Received Import Request.
  Time since last request: 0.000030 seconds.
  path: Assets/ImportedAssets/Classic_RPG_GUI/Parts/mid_bar.png
  artifactKey: Guid(c4c1268eec6a9c545bdc4268955eba95) Importer(815301076,1909f56bfc062723c751e8b465ee728b)
Start importing Assets/ImportedAssets/Classic_RPG_GUI/Parts/mid_bar.png using Guid(c4c1268eec6a9c545bdc4268955eba95) Importer(815301076,1909f56bfc062723c751e8b465ee728b)  -> (artifact id: '40c62a83160312efc65c99464ab42f4c') in 0.094316 seconds 
========================================================================
Received Import Request.
  Time since last request: 0.000036 seconds.
  path: Assets/ImportedAssets/Classic_RPG_GUI/Parts/longbutton_frame.png
  artifactKey: Guid(2b5f6f126e124094e89c4674cf526091) Importer(815301076,1909f56bfc062723c751e8b465ee728b)
Start importing Assets/ImportedAssets/Classic_RPG_GUI/Parts/longbutton_frame.png using Guid(2b5f6f126e124094e89c4674cf526091) Importer(815301076,1909f56bfc062723c751e8b465ee728b)  -> (artifact id: 'cdc533338222025519233539a849147e') in 0.026531 seconds 
========================================================================
Received Import Request.
  Time since last request: 0.000026 seconds.
  path: Assets/ImportedAssets/Classic_RPG_GUI/Parts/little_background_frame.png
  artifactKey: Guid(c9b00ab864b403f45afb81839c9a68d5) Importer(815301076,1909f56bfc062723c751e8b465ee728b)
Start importing Assets/ImportedAssets/Classic_RPG_GUI/Parts/little_background_frame.png using Guid(c9b00ab864b403f45afb81839c9a68d5) Importer(815301076,1909f56bfc062723c751e8b465ee728b)  -> (artifact id: 'ea88ddd05fc1f38f99c601992b79dcbf') in 0.020305 seconds 
========================================================================
Received Import Request.
  Time since last request: 0.000020 seconds.
  path: Assets/ImportedAssets/Classic_RPG_GUI/Parts/long_line2_elite.png
  artifactKey: Guid(0deda20b838acaa48b6650983ed472f4) Importer(815301076,1909f56bfc062723c751e8b465ee728b)
Start importing Assets/ImportedAssets/Classic_RPG_GUI/Parts/long_line2_elite.png using Guid(0deda20b838acaa48b6650983ed472f4) Importer(815301076,1909f56bfc062723c751e8b465ee728b)  -> (artifact id: '4212473d5856255d3924f1f02e542dff') in 0.028980 seconds 
========================================================================
Received Import Request.
  Time since last request: 0.000020 seconds.
  path: Assets/ImportedAssets/Classic_RPG_GUI/Parts/Red_vert_panel.png
  artifactKey: Guid(19324b49447184e4e93981881a7d4c24) Importer(815301076,1909f56bfc062723c751e8b465ee728b)
Start importing Assets/ImportedAssets/Classic_RPG_GUI/Parts/Red_vert_panel.png using Guid(19324b49447184e4e93981881a7d4c24) Importer(815301076,1909f56bfc062723c751e8b465ee728b)  -> (artifact id: '8ece36896ed5d9fce84de3c2777d3181') in 0.026077 seconds 
========================================================================
Received Import Request.
  Time since last request: 0.000023 seconds.
  path: Assets/ImportedAssets/Classic_RPG_GUI/Parts/energy_line.png
  artifactKey: Guid(327dba628dfbf684793d4ee4328db9d9) Importer(815301076,1909f56bfc062723c751e8b465ee728b)
Start importing Assets/ImportedAssets/Classic_RPG_GUI/Parts/energy_line.png using Guid(327dba628dfbf684793d4ee4328db9d9) Importer(815301076,1909f56bfc062723c751e8b465ee728b)  -> (artifact id: 'f0dc3a8daa333a07650699c8e2e8d901') in 0.042985 seconds 
========================================================================
Received Import Request.
  Time since last request: 0.000018 seconds.
  path: Assets/ImportedAssets/Classic_RPG_GUI/Parts/mid_button_vert.png
  artifactKey: Guid(fc3ae77816b976b46b36f4d611089d63) Importer(815301076,1909f56bfc062723c751e8b465ee728b)
Start importing Assets/ImportedAssets/Classic_RPG_GUI/Parts/mid_button_vert.png using Guid(fc3ae77816b976b46b36f4d611089d63) Importer(815301076,1909f56bfc062723c751e8b465ee728b)  -> (artifact id: 'fe7de2c685b21700ccab98135ec124ca') in 0.022018 seconds 
========================================================================
Received Import Request.
  Time since last request: 0.000023 seconds.
  path: Assets/ImportedAssets/Classic_RPG_GUI/Parts/Mini_arrow_right2.png
  artifactKey: Guid(03612ab9181e7be42bec01c07f09947a) Importer(815301076,1909f56bfc062723c751e8b465ee728b)
Start importing Assets/ImportedAssets/Classic_RPG_GUI/Parts/Mini_arrow_right2.png using Guid(03612ab9181e7be42bec01c07f09947a) Importer(815301076,1909f56bfc062723c751e8b465ee728b)  -> (artifact id: '2d75c6ae421b9dc003f79c2edc909025') in 0.019790 seconds 
========================================================================
Received Import Request.
  Time since last request: 0.000027 seconds.
  path: Assets/ImportedAssets/Classic_RPG_GUI/Parts/inventory_frame_little_ready.png
  artifactKey: Guid(e6a48030e16f9f54fb16517c1e961c75) Importer(815301076,1909f56bfc062723c751e8b465ee728b)
Start importing Assets/ImportedAssets/Classic_RPG_GUI/Parts/inventory_frame_little_ready.png using Guid(e6a48030e16f9f54fb16517c1e961c75) Importer(815301076,1909f56bfc062723c751e8b465ee728b)  -> (artifact id: 'b83ea80419975240e5f09c8ce3bcdf98') in 0.025366 seconds 
========================================================================
Received Import Request.
  Time since last request: 0.000041 seconds.
  path: Assets/ImportedAssets/Classic_RPG_GUI/Parts/dialoge_frame.png
  artifactKey: Guid(7f184bf82bb31f04e8352de29428870e) Importer(815301076,1909f56bfc062723c751e8b465ee728b)
Start importing Assets/ImportedAssets/Classic_RPG_GUI/Parts/dialoge_frame.png using Guid(7f184bf82bb31f04e8352de29428870e) Importer(815301076,1909f56bfc062723c751e8b465ee728b)  -> (artifact id: '0814822b210fe02b4ff8c5a87abe9029') in 0.026396 seconds 
========================================================================
Received Import Request.
  Time since last request: 0.000026 seconds.
  path: Assets/ImportedAssets/Classic_RPG_GUI/Parts/lil_bar.png
  artifactKey: Guid(a5294120d8231a744adc877d297d0d11) Importer(815301076,1909f56bfc062723c751e8b465ee728b)
Start importing Assets/ImportedAssets/Classic_RPG_GUI/Parts/lil_bar.png using Guid(a5294120d8231a744adc877d297d0d11) Importer(815301076,1909f56bfc062723c751e8b465ee728b)  -> (artifact id: '1c9653e8fe12cadf97724edb1d712ca6') in 0.048280 seconds 
========================================================================
Received Import Request.
  Time since last request: 0.000022 seconds.
  path: Assets/ImportedAssets/Classic_RPG_GUI/Parts/info_window_2.png
  artifactKey: Guid(7eb9b9f702183b9459164ea2894fda6f) Importer(815301076,1909f56bfc062723c751e8b465ee728b)
Start importing Assets/ImportedAssets/Classic_RPG_GUI/Parts/info_window_2.png using Guid(7eb9b9f702183b9459164ea2894fda6f) Importer(815301076,1909f56bfc062723c751e8b465ee728b)  -> (artifact id: '793ec5d11c84f84eff57d865904302ee') in 0.022832 seconds 
========================================================================
Received Import Request.
  Time since last request: 0.000019 seconds.
  path: Assets/ImportedAssets/Classic_RPG_GUI/Parts/long_line2.png
  artifactKey: Guid(41d630fe463be704497e95f8c99c8034) Importer(815301076,1909f56bfc062723c751e8b465ee728b)
Start importing Assets/ImportedAssets/Classic_RPG_GUI/Parts/long_line2.png using Guid(41d630fe463be704497e95f8c99c8034) Importer(815301076,1909f56bfc062723c751e8b465ee728b)  -> (artifact id: '013c13bf4a600e3e944e0738ef8ce23e') in 0.030433 seconds 
========================================================================
Received Import Request.
  Time since last request: 0.000022 seconds.
  path: Assets/ImportedAssets/Classic_RPG_GUI/Parts/midbutton_frame.png
  artifactKey: Guid(3a18c666704e41745ac719ada73bcfec) Importer(815301076,1909f56bfc062723c751e8b465ee728b)
Start importing Assets/ImportedAssets/Classic_RPG_GUI/Parts/midbutton_frame.png using Guid(3a18c666704e41745ac719ada73bcfec) Importer(815301076,1909f56bfc062723c751e8b465ee728b)  -> (artifact id: 'cfae0da905f7ea78b28ade17e7bc28d5') in 0.022726 seconds 
========================================================================
Received Import Request.
  Time since last request: 0.000023 seconds.
  path: Assets/ImportedAssets/Classic_RPG_GUI/Parts/Paper_02.png
  artifactKey: Guid(b1c41124b35af5c438a68317b1ee71ea) Importer(815301076,1909f56bfc062723c751e8b465ee728b)
Start importing Assets/ImportedAssets/Classic_RPG_GUI/Parts/Paper_02.png using Guid(b1c41124b35af5c438a68317b1ee71ea) Importer(815301076,1909f56bfc062723c751e8b465ee728b)  -> (artifact id: 'd15fdd53def4f1a1f1cc39978935fafe') in 0.223191 seconds 
========================================================================
Received Import Request.
  Time since last request: 0.000026 seconds.
  path: Assets/ImportedAssets/Classic_RPG_GUI/Parts/mid_button_off.png
  artifactKey: Guid(1b2925f74ebf13a44baa9bc2c873351f) Importer(815301076,1909f56bfc062723c751e8b465ee728b)
Start importing Assets/ImportedAssets/Classic_RPG_GUI/Parts/mid_button_off.png using Guid(1b2925f74ebf13a44baa9bc2c873351f) Importer(815301076,1909f56bfc062723c751e8b465ee728b)  -> (artifact id: '7581b9dee3d282e6aa0f907e067e12ac') in 0.021416 seconds 
========================================================================
Received Import Request.
  Time since last request: 0.000019 seconds.
  path: Assets/ImportedAssets/Classic_RPG_GUI/Parts/Mini_arrow_bot2_t.png
  artifactKey: Guid(be990aa898cf8b24e984f2eea933b217) Importer(815301076,1909f56bfc062723c751e8b465ee728b)
Start importing Assets/ImportedAssets/Classic_RPG_GUI/Parts/Mini_arrow_bot2_t.png using Guid(be990aa898cf8b24e984f2eea933b217) Importer(815301076,1909f56bfc062723c751e8b465ee728b)  -> (artifact id: '7b1d722434635cd08ddf78e4e94193c3') in 0.020258 seconds 
========================================================================
Received Import Request.
  Time since last request: 0.000023 seconds.
  path: Assets/ImportedAssets/Classic_RPG_GUI/Parts/big_bar.png
  artifactKey: Guid(e4fa107d50dacb14ca516d0b83ec6624) Importer(815301076,1909f56bfc062723c751e8b465ee728b)
Start importing Assets/ImportedAssets/Classic_RPG_GUI/Parts/big_bar.png using Guid(e4fa107d50dacb14ca516d0b83ec6624) Importer(815301076,1909f56bfc062723c751e8b465ee728b)  -> (artifact id: '24ae85df3a4f972069a2c2ff16825b99') in 0.146260 seconds 
========================================================================
Received Import Request.
  Time since last request: 0.453668 seconds.
  path: Assets/ImportedAssets/Classic_RPG_GUI/Parts/scroll_frame.png
  artifactKey: Guid(7de796272e1df454db61ae0fac893899) Importer(815301076,1909f56bfc062723c751e8b465ee728b)
Start importing Assets/ImportedAssets/Classic_RPG_GUI/Parts/scroll_frame.png using Guid(7de796272e1df454db61ae0fac893899) Importer(815301076,1909f56bfc062723c751e8b465ee728b)  -> (artifact id: '659730c65d7ff43aa181d360a63c8a3e') in 0.034505 seconds 
========================================================================
Received Import Request.
  Time since last request: 0.000042 seconds.
  path: Assets/ImportedAssets/Classic_RPG_GUI/Parts/Venom_line.png
  artifactKey: Guid(3bea9cb641e68a44cad65973c182e208) Importer(815301076,1909f56bfc062723c751e8b465ee728b)
Start importing Assets/ImportedAssets/Classic_RPG_GUI/Parts/Venom_line.png using Guid(3bea9cb641e68a44cad65973c182e208) Importer(815301076,1909f56bfc062723c751e8b465ee728b)  -> (artifact id: '474559980eeffd19fb92c85739a502db') in 0.040618 seconds 
========================================================================
Received Import Request.
  Time since last request: 0.000028 seconds.
  path: Assets/ImportedAssets/Classic_RPG_GUI/Parts/skill_frame.png
  artifactKey: Guid(2c4a33bc814c7e9469d88822115edfa5) Importer(815301076,1909f56bfc062723c751e8b465ee728b)
Start importing Assets/ImportedAssets/Classic_RPG_GUI/Parts/skill_frame.png using Guid(2c4a33bc814c7e9469d88822115edfa5) Importer(815301076,1909f56bfc062723c751e8b465ee728b)  -> (artifact id: 'ef98ae8580db457e1ed518cfe746220e') in 0.019082 seconds 
========================================================================
Received Import Request.
  Time since last request: 0.000022 seconds.
  path: Assets/ImportedAssets/Classic_RPG_GUI/Parts/Thin_frame.png
  artifactKey: Guid(95d2337b5b6eac341912623068950715) Importer(815301076,1909f56bfc062723c751e8b465ee728b)
Start importing Assets/ImportedAssets/Classic_RPG_GUI/Parts/Thin_frame.png using Guid(95d2337b5b6eac341912623068950715) Importer(815301076,1909f56bfc062723c751e8b465ee728b)  -> (artifact id: '5d248771a229fb12bc91626f1e1c5851') in 0.045842 seconds 
========================================================================
Received Import Request.
  Time since last request: 0.000024 seconds.
  path: Assets/ImportedAssets/Classic_RPG_GUI/Parts/xp_background.png
  artifactKey: Guid(d6398e2606cb39d4381ae2b7b6d50330) Importer(815301076,1909f56bfc062723c751e8b465ee728b)
Start importing Assets/ImportedAssets/Classic_RPG_GUI/Parts/xp_background.png using Guid(d6398e2606cb39d4381ae2b7b6d50330) Importer(815301076,1909f56bfc062723c751e8b465ee728b)  -> (artifact id: 'bad28ae05ac7d61cdd10eb257f70d2b9') in 0.020384 seconds 
========================================================================
Received Import Request.
  Time since last request: 42.849587 seconds.
  path: Assets/ImportedAssets/Classic_RPG_GUI/Photoshop/Game_Menu.psd
  artifactKey: Guid(d375e686e6120ac4cbc638a6b444b5c5) Importer(815301076,1909f56bfc062723c751e8b465ee728b)
Start importing Assets/ImportedAssets/Classic_RPG_GUI/Photoshop/Game_Menu.psd using Guid(d375e686e6120ac4cbc638a6b444b5c5) Importer(815301076,1909f56bfc062723c751e8b465ee728b)  -> (artifact id: '3b7923b2c999c9dbfa3c21550a87d3e1') in 0.068613 seconds 
========================================================================
Received Import Request.
  Time since last request: 0.000023 seconds.
  path: Assets/ImportedAssets/Classic_RPG_GUI/Photoshop/roll_bar.psd
  artifactKey: Guid(69da209636a6e564795584a67df633ee) Importer(815301076,1909f56bfc062723c751e8b465ee728b)
Start importing Assets/ImportedAssets/Classic_RPG_GUI/Photoshop/roll_bar.psd using Guid(69da209636a6e564795584a67df633ee) Importer(815301076,1909f56bfc062723c751e8b465ee728b)  -> (artifact id: 'cc7a2ff2d9076efe98bde6975c35e7a3') in 0.022843 seconds 
========================================================================
Received Import Request.
  Time since last request: 0.000041 seconds.
  path: Assets/ImportedAssets/Classic_RPG_GUI/Photoshop/Loot_bar.psd
  artifactKey: Guid(5dc3e610e704d7043991ffdc257533fc) Importer(815301076,1909f56bfc062723c751e8b465ee728b)
Start importing Assets/ImportedAssets/Classic_RPG_GUI/Photoshop/Loot_bar.psd using Guid(5dc3e610e704d7043991ffdc257533fc) Importer(815301076,1909f56bfc062723c751e8b465ee728b)  -> (artifact id: 'b96803fd15387f7db173476de145791a') in 0.039154 seconds 
========================================================================
Received Import Request.
  Time since last request: 0.000021 seconds.
  path: Assets/ImportedAssets/Classic_RPG_GUI/Photoshop/Options_bar.psd
  artifactKey: Guid(eb2ccdf21dd1a6b43b7748c41cd9e715) Importer(815301076,1909f56bfc062723c751e8b465ee728b)
Start importing Assets/ImportedAssets/Classic_RPG_GUI/Photoshop/Options_bar.psd using Guid(eb2ccdf21dd1a6b43b7748c41cd9e715) Importer(815301076,1909f56bfc062723c751e8b465ee728b)  -> (artifact id: '27a1ea98dc1a9d8f62d16be8a49287e3') in 0.093812 seconds 
========================================================================
Received Import Request.
  Time since last request: 0.000025 seconds.
  path: Assets/ImportedAssets/Classic_RPG_GUI/Photoshop/Shop_bar.psd
  artifactKey: Guid(96d2ede80a11b6e4b89ff330ad6592e8) Importer(815301076,1909f56bfc062723c751e8b465ee728b)
Start importing Assets/ImportedAssets/Classic_RPG_GUI/Photoshop/Shop_bar.psd using Guid(96d2ede80a11b6e4b89ff330ad6592e8) Importer(815301076,1909f56bfc062723c751e8b465ee728b)  -> (artifact id: '2c4db7b18259c133690e07617995ae60') in 0.089135 seconds 
========================================================================
Received Import Request.
  Time since last request: 2.015208 seconds.
  path: Assets/ImportedAssets/Classic_RPG_GUI/Icons/exit.png
  artifactKey: Guid(bdd2216807e1ddb499c08f6fd5760167) Importer(815301076,1909f56bfc062723c751e8b465ee728b)
Start importing Assets/ImportedAssets/Classic_RPG_GUI/Icons/exit.png using Guid(bdd2216807e1ddb499c08f6fd5760167) Importer(815301076,1909f56bfc062723c751e8b465ee728b)  -> (artifact id: '555ad150b80c4fbeacb39158adc96047') in 0.027799 seconds 
========================================================================
Received Import Request.
  Time since last request: 0.000030 seconds.
  path: Assets/ImportedAssets/Classic_RPG_GUI/Icons/Scull2.png
  artifactKey: Guid(995d25df5d569054f92db06a05658378) Importer(815301076,1909f56bfc062723c751e8b465ee728b)
Start importing Assets/ImportedAssets/Classic_RPG_GUI/Icons/Scull2.png using Guid(995d25df5d569054f92db06a05658378) Importer(815301076,1909f56bfc062723c751e8b465ee728b)  -> (artifact id: '5d9c3f11d309461ef6464eff1dc113d6') in 0.032751 seconds 
========================================================================
Received Import Request.
  Time since last request: 0.000031 seconds.
  path: Assets/ImportedAssets/Classic_RPG_GUI/Icons/runes.png
  artifactKey: Guid(2c9e1e10abb92f34f9a160b63dbe8ff1) Importer(815301076,1909f56bfc062723c751e8b465ee728b)
Start importing Assets/ImportedAssets/Classic_RPG_GUI/Icons/runes.png using Guid(2c9e1e10abb92f34f9a160b63dbe8ff1) Importer(815301076,1909f56bfc062723c751e8b465ee728b)  -> (artifact id: '343205152e4ba4a568e25b7c8c3379c2') in 0.026381 seconds 
========================================================================
Received Import Request.
  Time since last request: 0.000025 seconds.
  path: Assets/ImportedAssets/Classic_RPG_GUI/Icons/trade.png
  artifactKey: Guid(2a0bc5c4ff865a7498182b25a3f99177) Importer(815301076,1909f56bfc062723c751e8b465ee728b)
Start importing Assets/ImportedAssets/Classic_RPG_GUI/Icons/trade.png using Guid(2a0bc5c4ff865a7498182b25a3f99177) Importer(815301076,1909f56bfc062723c751e8b465ee728b)  -> (artifact id: '2429f82df5eb159752716c894c0b11bb') in 0.028189 seconds 
========================================================================
Received Import Request.
  Time since last request: 1.002797 seconds.
  path: Assets/ImportedAssets/Classic_RPG_GUI/frame_backgrounds/boots_background.png
  artifactKey: Guid(ee71e85eb53f88b428deb24d87246a10) Importer(815301076,1909f56bfc062723c751e8b465ee728b)
Start importing Assets/ImportedAssets/Classic_RPG_GUI/frame_backgrounds/boots_background.png using Guid(ee71e85eb53f88b428deb24d87246a10) Importer(815301076,1909f56bfc062723c751e8b465ee728b)  -> (artifact id: 'ace446611c4f1952f7f9c7fa16481326') in 0.023122 seconds 
========================================================================
Received Import Request.
  Time since last request: 0.000020 seconds.
  path: Assets/ImportedAssets/Classic_RPG_GUI/frame_backgrounds/lock_background.png
  artifactKey: Guid(9c7bd516b08346b4eb0dfb09eb817ab7) Importer(815301076,1909f56bfc062723c751e8b465ee728b)
Start importing Assets/ImportedAssets/Classic_RPG_GUI/frame_backgrounds/lock_background.png using Guid(9c7bd516b08346b4eb0dfb09eb817ab7) Importer(815301076,1909f56bfc062723c751e8b465ee728b)  -> (artifact id: 'cf7ebbfe75f2fc393b94be889f5e0870') in 0.023459 seconds 
========================================================================
Received Import Request.
  Time since last request: 0.000026 seconds.
  path: Assets/ImportedAssets/Classic_RPG_GUI/frame_backgrounds/potion_background.png
  artifactKey: Guid(56db046d8e5dc4e4f95419a90efcb002) Importer(815301076,1909f56bfc062723c751e8b465ee728b)
Start importing Assets/ImportedAssets/Classic_RPG_GUI/frame_backgrounds/potion_background.png using Guid(56db046d8e5dc4e4f95419a90efcb002) Importer(815301076,1909f56bfc062723c751e8b465ee728b)  -> (artifact id: 'f37255cb129939c252b321fdf74d6127') in 0.027955 seconds 
========================================================================
Received Import Request.
  Time since last request: 0.000022 seconds.
  path: Assets/ImportedAssets/Classic_RPG_GUI/frame_backgrounds/helm_background.png
  artifactKey: Guid(2567cd3e3773b7a44a9d2612653865cd) Importer(815301076,1909f56bfc062723c751e8b465ee728b)
Start importing Assets/ImportedAssets/Classic_RPG_GUI/frame_backgrounds/helm_background.png using Guid(2567cd3e3773b7a44a9d2612653865cd) Importer(815301076,1909f56bfc062723c751e8b465ee728b)  -> (artifact id: '12506fa3b107b347e12fe845a8a5107c') in 0.031632 seconds 
========================================================================
Received Import Request.
  Time since last request: 0.000027 seconds.
  path: Assets/ImportedAssets/Classic_RPG_GUI/frame_backgrounds/skill_background.png
  artifactKey: Guid(a8c722629fa1ff24baee63fa885237ca) Importer(815301076,1909f56bfc062723c751e8b465ee728b)
Start importing Assets/ImportedAssets/Classic_RPG_GUI/frame_backgrounds/skill_background.png using Guid(a8c722629fa1ff24baee63fa885237ca) Importer(815301076,1909f56bfc062723c751e8b465ee728b)  -> (artifact id: '6a8a58c211a2ebb855a16900768ad11a') in 0.028588 seconds 
========================================================================
Received Import Request.
  Time since last request: 0.000031 seconds.
  path: Assets/ImportedAssets/Classic_RPG_GUI/frame_backgrounds/ring_background.png
  artifactKey: Guid(336b28736cc39b44fb560595c8bec797) Importer(815301076,1909f56bfc062723c751e8b465ee728b)
Start importing Assets/ImportedAssets/Classic_RPG_GUI/frame_backgrounds/ring_background.png using Guid(336b28736cc39b44fb560595c8bec797) Importer(815301076,1909f56bfc062723c751e8b465ee728b)  -> (artifact id: 'baa9028905c7204bf368929ac89ffe7c') in 0.025044 seconds 
========================================================================
Received Import Request.
  Time since last request: 4.079935 seconds.
  path: Assets/ImportedAssets/Classic_RPG_GUI/update/Background_grey.png
  artifactKey: Guid(380cbb2cc2e72a04fbb7013072d6c1e2) Importer(815301076,1909f56bfc062723c751e8b465ee728b)
Start importing Assets/ImportedAssets/Classic_RPG_GUI/update/Background_grey.png using Guid(380cbb2cc2e72a04fbb7013072d6c1e2) Importer(815301076,1909f56bfc062723c751e8b465ee728b)  -> (artifact id: '2d41d27d4f507dcf81be8a343557e11e') in 0.025148 seconds 
========================================================================
Received Import Request.
  Time since last request: 0.000020 seconds.
  path: Assets/ImportedAssets/Classic_RPG_GUI/update/Background_r_blue.png
  artifactKey: Guid(2b05963f8be17e74d821b71ed8aa20a0) Importer(815301076,1909f56bfc062723c751e8b465ee728b)
Start importing Assets/ImportedAssets/Classic_RPG_GUI/update/Background_r_blue.png using Guid(2b05963f8be17e74d821b71ed8aa20a0) Importer(815301076,1909f56bfc062723c751e8b465ee728b)  -> (artifact id: 'fd234467665bdbf47d0106d658c65552') in 0.041131 seconds 
========================================================================
Received Import Request.
  Time since last request: 0.000023 seconds.
  path: Assets/ImportedAssets/Classic_RPG_GUI/update/Background_r_purple.png
  artifactKey: Guid(ca6f1abc22e4f6b49bed4ef4032c7191) Importer(815301076,1909f56bfc062723c751e8b465ee728b)
Start importing Assets/ImportedAssets/Classic_RPG_GUI/update/Background_r_purple.png using Guid(ca6f1abc22e4f6b49bed4ef4032c7191) Importer(815301076,1909f56bfc062723c751e8b465ee728b)  -> (artifact id: '746c3d27a02baf97942276ff78cbafa1') in 0.025878 seconds 
========================================================================
Received Import Request.
  Time since last request: 0.000023 seconds.
  path: Assets/ImportedAssets/Classic_RPG_GUI/update/Ink.png
  artifactKey: Guid(c73bfe043643c164491a6822a3849671) Importer(815301076,1909f56bfc062723c751e8b465ee728b)
Start importing Assets/ImportedAssets/Classic_RPG_GUI/update/Ink.png using Guid(c73bfe043643c164491a6822a3849671) Importer(815301076,1909f56bfc062723c751e8b465ee728b)  -> (artifact id: '170e9bd8f55b7245568db6ed2d690814') in 0.024235 seconds 
========================================================================
Received Import Request.
  Time since last request: 0.000022 seconds.
  path: Assets/ImportedAssets/Classic_RPG_GUI/update/Frame_purple.png
  artifactKey: Guid(e2d59fb6eeb2e634db0e244ebca32571) Importer(815301076,1909f56bfc062723c751e8b465ee728b)
Start importing Assets/ImportedAssets/Classic_RPG_GUI/update/Frame_purple.png using Guid(e2d59fb6eeb2e634db0e244ebca32571) Importer(815301076,1909f56bfc062723c751e8b465ee728b)  -> (artifact id: '40bb0d2f85d7ebfc60faffecf159e2bc') in 0.029741 seconds 
========================================================================
Received Import Request.
  Time since last request: 0.000023 seconds.
  path: Assets/ImportedAssets/Classic_RPG_GUI/update/Frame_blue.png
  artifactKey: Guid(8f808217b55a00d47a98eec3988098b2) Importer(815301076,1909f56bfc062723c751e8b465ee728b)
Start importing Assets/ImportedAssets/Classic_RPG_GUI/update/Frame_blue.png using Guid(8f808217b55a00d47a98eec3988098b2) Importer(815301076,1909f56bfc062723c751e8b465ee728b)  -> (artifact id: 'b59f5f4fd14d17035bc3c4f392656dc3') in 0.027106 seconds 
========================================================================
Received Import Request.
  Time since last request: 2.076444 seconds.
  path: Assets/ImportedAssets/Classic_RPG_GUI/Silhouette/assassin_silhouette_man.png
  artifactKey: Guid(c428882e586afef41b6fb4a0e315f800) Importer(815301076,1909f56bfc062723c751e8b465ee728b)
Start importing Assets/ImportedAssets/Classic_RPG_GUI/Silhouette/assassin_silhouette_man.png using Guid(c428882e586afef41b6fb4a0e315f800) Importer(815301076,1909f56bfc062723c751e8b465ee728b)  -> (artifact id: 'a5f10dfc5406c61b7fd85031df278ca2') in 0.106700 seconds 
========================================================================
Received Import Request.
  Time since last request: 0.000018 seconds.
  path: Assets/ImportedAssets/Classic_RPG_GUI/Silhouette/berserk_silhouette_man.png
  artifactKey: Guid(068a0f5b7f8ae9c42b6373e76c82a7df) Importer(815301076,1909f56bfc062723c751e8b465ee728b)
Start importing Assets/ImportedAssets/Classic_RPG_GUI/Silhouette/berserk_silhouette_man.png using Guid(068a0f5b7f8ae9c42b6373e76c82a7df) Importer(815301076,1909f56bfc062723c751e8b465ee728b)  -> (artifact id: '64e6c81c45c59ecada6a6d806a59655b') in 0.123852 seconds 
========================================================================
Received Import Request.
  Time since last request: 0.000033 seconds.
  path: Assets/ImportedAssets/Classic_RPG_GUI/Silhouette/warrior_silhouette_man.png
  artifactKey: Guid(09f502b1047044c4282b7dc5595a62cb) Importer(815301076,1909f56bfc062723c751e8b465ee728b)
Start importing Assets/ImportedAssets/Classic_RPG_GUI/Silhouette/warrior_silhouette_man.png using Guid(09f502b1047044c4282b7dc5595a62cb) Importer(815301076,1909f56bfc062723c751e8b465ee728b)  -> (artifact id: 'e8f881f0ae2469f23427d359808e0325') in 0.116622 seconds 
Editor requested this worker to shutdown with reason: Scaling down because of idle timeout
AssetImportWorker is now disconnected from the server
Process exiting
Exiting without the bug reporter. Application will terminate with return code 0