Using pre-set license
Built from '2021.3/staging' branch; Version is '2021.3.7f1 (24e8595d6d43) revision 2418777'; Using compiler version '192829333'; Build Type 'Release'
OS: 'Windows 11  (10.0.22631) 64bit Core' Language: 'en' Physical Memory: 32657 MB
BatchMode: 1, IsHumanControllingUs: 0, StartBugReporterOnCrash: 0, Is64bit: 1, IsPro: 1

COMMAND LINE ARGUMENTS:
C:\Program Files\Unity\Hub\Editor\2021.3.7f1\Editor\Unity.exe
-adb2
-batchMode
-noUpm
-name
AssetImportWorker9
-projectPath
C:/Users/Lucas/Documents/GitHub/LCFoxyPuzzlePlatformer
-logFile
Logs/AssetImportWorker9.log
-srvPort
63014
Successfully changed project path to: C:/Users/Lucas/Documents/GitHub/LCFoxyPuzzlePlatformer
C:/Users/Lucas/Documents/GitHub/LCFoxyPuzzlePlatformer
[UnityMemory] Configuration Parameters - Can be set up in boot.config
    "memorysetup-bucket-allocator-granularity=16"
    "memorysetup-bucket-allocator-bucket-count=8"
    "memorysetup-bucket-allocator-block-size=33554432"
    "memorysetup-bucket-allocator-block-count=8"
    "memorysetup-main-allocator-block-size=16777216"
    "memorysetup-thread-allocator-block-size=16777216"
    "memorysetup-gfx-main-allocator-block-size=16777216"
    "memorysetup-gfx-thread-allocator-block-size=16777216"
    "memorysetup-cache-allocator-block-size=4194304"
    "memorysetup-typetree-allocator-block-size=2097152"
    "memorysetup-profiler-bucket-allocator-granularity=16"
    "memorysetup-profiler-bucket-allocator-bucket-count=8"
    "memorysetup-profiler-bucket-allocator-block-size=33554432"
    "memorysetup-profiler-bucket-allocator-block-count=8"
    "memorysetup-profiler-allocator-block-size=16777216"
    "memorysetup-profiler-editor-allocator-block-size=1048576"
    "memorysetup-temp-allocator-size-main=16777216"
    "memorysetup-job-temp-allocator-block-size=2097152"
    "memorysetup-job-temp-allocator-block-size-background=1048576"
    "memorysetup-job-temp-allocator-reduction-small-platforms=262144"
    "memorysetup-temp-allocator-size-background-worker=32768"
    "memorysetup-temp-allocator-size-job-worker=262144"
    "memorysetup-temp-allocator-size-preload-manager=33554432"
    "memorysetup-temp-allocator-size-nav-mesh-worker=65536"
    "memorysetup-temp-allocator-size-audio-worker=65536"
    "memorysetup-temp-allocator-size-cloud-worker=32768"
    "memorysetup-temp-allocator-size-gi-baking-worker=262144"
    "memorysetup-temp-allocator-size-gfx=262144"
Refreshing native plugins compatible for Editor in 180.57 ms, found 4 plugins.
Preloading 0 native plugins for Editor in 0.00 ms.
Initialize engine version: 2021.3.7f1 (24e8595d6d43)
[Subsystems] Discovering subsystems at path C:/Program Files/Unity/Hub/Editor/2021.3.7f1/Editor/Data/Resources/UnitySubsystems
[Subsystems] Discovering subsystems at path C:/Users/Lucas/Documents/GitHub/LCFoxyPuzzlePlatformer/Assets
GfxDevice: creating device client; threaded=0; jobified=0
Direct3D:
    Version:  Direct3D 11.0 [level 11.1]
    Renderer: NVIDIA GeForce RTX 3070 Ti (ID=0x2482)
    Vendor:   NVIDIA
    VRAM:     8018 MB
    Driver:   32.0.15.6094
Initialize mono
Mono path[0] = 'C:/Program Files/Unity/Hub/Editor/2021.3.7f1/Editor/Data/Managed'
Mono path[1] = 'C:/Program Files/Unity/Hub/Editor/2021.3.7f1/Editor/Data/MonoBleedingEdge/lib/mono/unityjit-win32'
Mono config path = 'C:/Program Files/Unity/Hub/Editor/2021.3.7f1/Editor/Data/MonoBleedingEdge/etc'
Using monoOptions --debugger-agent=transport=dt_socket,embedding=1,server=y,suspend=n,address=127.0.0.1:56012
Begin MonoManager ReloadAssembly
Registering precompiled unity dll's ...
Register platform support module: C:/Program Files/Unity/Hub/Editor/2021.3.7f1/Editor/Data/PlaybackEngines/WebGLSupport/UnityEditor.WebGL.Extensions.dll
Register platform support module: C:/Program Files/Unity/Hub/Editor/2021.3.7f1/Editor/Data/PlaybackEngines/WindowsStandaloneSupport/UnityEditor.WindowsStandalone.Extensions.dll
Registered in 0.006192 seconds.
Native extension for WindowsStandalone target not found
Native extension for WebGL target not found
Refreshing native plugins compatible for Editor in 123.07 ms, found 4 plugins.
Preloading 0 native plugins for Editor in 0.00 ms.
Mono: successfully reloaded assembly
- Completed reload, in  0.550 seconds
Domain Reload Profiling:
	ReloadAssembly (551ms)
		BeginReloadAssembly (58ms)
			ExecutionOrderSort (0ms)
			DisableScriptedObjects (0ms)
			BackupInstance (0ms)
			ReleaseScriptingObjects (0ms)
			CreateAndSetChildDomain (1ms)
		EndReloadAssembly (405ms)
			LoadAssemblies (56ms)
			RebuildTransferFunctionScriptingTraits (0ms)
			SetupTypeCache (72ms)
			ReleaseScriptCaches (0ms)
			RebuildScriptCaches (19ms)
			SetupLoadedEditorAssemblies (271ms)
				LogAssemblyErrors (0ms)
				InitializePlatformSupportModulesInManaged (7ms)
				SetLoadedEditorAssemblies (0ms)
				RefreshPlugins (123ms)
				BeforeProcessingInitializeOnLoad (1ms)
				ProcessInitializeOnLoadAttributes (107ms)
				ProcessInitializeOnLoadMethodAttributes (33ms)
				AfterProcessingInitializeOnLoad (0ms)
				EditorAssembliesLoaded (0ms)
			ExecutionOrderSort2 (0ms)
			AwakeInstancesAfterBackupRestoration (0ms)
Platform modules already initialized, skipping
Registering precompiled user dll's ...
Registered in 0.010124 seconds.
Begin MonoManager ReloadAssembly
Symbol file LoadedFromMemory doesn't match image C:\Users\Lucas\Documents\GitHub\LCFoxyPuzzlePlatformer\Library\PackageCache\com.unity.visualscripting@1.7.8\Editor\VisualScripting.Core\Dependencies\DotNetZip\Unity.VisualScripting.IonicZip.dll
Symbol file LoadedFromMemory doesn't match image C:\Users\Lucas\Documents\GitHub\LCFoxyPuzzlePlatformer\Library\PackageCache\com.unity.visualscripting@1.7.8\Editor\VisualScripting.Core\Dependencies\YamlDotNet\Unity.VisualScripting.YamlDotNet.dll
Native extension for WindowsStandalone target not found
Native extension for WebGL target not found
Refreshing native plugins compatible for Editor in 122.75 ms, found 4 plugins.
Preloading 0 native plugins for Editor in 0.00 ms.
Package Manager log level set to [2]
Mono: successfully reloaded assembly
- Completed reload, in  1.257 seconds
Domain Reload Profiling:
	ReloadAssembly (1258ms)
		BeginReloadAssembly (92ms)
			ExecutionOrderSort (0ms)
			DisableScriptedObjects (4ms)
			BackupInstance (0ms)
			ReleaseScriptingObjects (0ms)
			CreateAndSetChildDomain (18ms)
		EndReloadAssembly (1070ms)
			LoadAssemblies (94ms)
			RebuildTransferFunctionScriptingTraits (0ms)
			SetupTypeCache (213ms)
			ReleaseScriptCaches (1ms)
			RebuildScriptCaches (65ms)
			SetupLoadedEditorAssemblies (659ms)
				LogAssemblyErrors (0ms)
				InitializePlatformSupportModulesInManaged (5ms)
				SetLoadedEditorAssemblies (0ms)
				RefreshPlugins (123ms)
				BeforeProcessingInitializeOnLoad (120ms)
				ProcessInitializeOnLoadAttributes (256ms)
				ProcessInitializeOnLoadMethodAttributes (147ms)
				AfterProcessingInitializeOnLoad (8ms)
				EditorAssembliesLoaded (0ms)
			ExecutionOrderSort2 (0ms)
			AwakeInstancesAfterBackupRestoration (5ms)
Platform modules already initialized, skipping
========================================================================
Worker process is ready to serve import requests
Launched and connected shader compiler UnityShaderCompiler.exe after 0.04 seconds
Refreshing native plugins compatible for Editor in 1.54 ms, found 4 plugins.
Preloading 0 native plugins for Editor in 0.00 ms.
Unloading 6590 Unused Serialized files (Serialized files now loaded: 0)
Unloading 107 unused Assets / (2.0 MB). Loaded Objects now: 7000.
Memory consumption went from 257.5 MB to 255.5 MB.
Total: 8.082600 ms (FindLiveObjects: 0.485000 ms CreateObjectMapping: 0.377300 ms MarkObjects: 6.642200 ms  DeleteObjects: 0.577500 ms)

AssetImportParameters requested are different than current active one (requested -> active):
  custom:video-decoder-ogg-theora: a1e56fd34408186e4bbccfd4996cb3dc -> 
  custom:container-muxer-webm: aa71ff27fc2769a1b78a27578f13a17b -> 
  custom:container-demuxer-webm: 4f35f7cbe854078d1ac9338744f61a02 -> 
  custom:video-encoder-webm-vp8: eb34c28f22e8b96e1ab97ce403110664 -> 
  custom:video-codec-MediaFoundation-h265: 746d11721c4dcdbdad8f713fa42b33f4 -> 
  custom:audio-encoder-webm-vorbis: bf7c407c2cedff20999df2af8eb42d56 -> 
  custom:framework-win-MediaFoundation: 216162199b28c13a410421893ffa2e32 -> 
  custom:container-demuxer-ogg: 62fdf1f143b41e24485cea50d1cbac27 -> 
  custom:video-decoder-webm-vp8: 9c59270c3fd7afecdb556c50c9e8de78 -> 
  custom:audio-decoder-ogg-vorbis: bf7c407c2cedff20999df2af8eb42d56 -> 
========================================================================
Received Prepare
Registering precompiled user dll's ...
Registered in 0.009709 seconds.
Begin MonoManager ReloadAssembly
Symbol file LoadedFromMemory doesn't match image C:\Users\Lucas\Documents\GitHub\LCFoxyPuzzlePlatformer\Library\PackageCache\com.unity.visualscripting@1.7.8\Editor\VisualScripting.Core\Dependencies\DotNetZip\Unity.VisualScripting.IonicZip.dll
Symbol file LoadedFromMemory doesn't match image C:\Users\Lucas\Documents\GitHub\LCFoxyPuzzlePlatformer\Library\PackageCache\com.unity.visualscripting@1.7.8\Editor\VisualScripting.Core\Dependencies\YamlDotNet\Unity.VisualScripting.YamlDotNet.dll
Native extension for WindowsStandalone target not found
Native extension for WebGL target not found
Refreshing native plugins compatible for Editor in 1.88 ms, found 4 plugins.
Preloading 0 native plugins for Editor in 0.00 ms.
Mono: successfully reloaded assembly
- Completed reload, in  1.112 seconds
Domain Reload Profiling:
	ReloadAssembly (1112ms)
		BeginReloadAssembly (121ms)
			ExecutionOrderSort (0ms)
			DisableScriptedObjects (5ms)
			BackupInstance (0ms)
			ReleaseScriptingObjects (0ms)
			CreateAndSetChildDomain (44ms)
		EndReloadAssembly (916ms)
			LoadAssemblies (86ms)
			RebuildTransferFunctionScriptingTraits (0ms)
			SetupTypeCache (216ms)
			ReleaseScriptCaches (4ms)
			RebuildScriptCaches (52ms)
			SetupLoadedEditorAssemblies (497ms)
				LogAssemblyErrors (0ms)
				InitializePlatformSupportModulesInManaged (11ms)
				SetLoadedEditorAssemblies (0ms)
				RefreshPlugins (2ms)
				BeforeProcessingInitializeOnLoad (106ms)
				ProcessInitializeOnLoadAttributes (218ms)
				ProcessInitializeOnLoadMethodAttributes (148ms)
				AfterProcessingInitializeOnLoad (12ms)
				EditorAssembliesLoaded (0ms)
			ExecutionOrderSort2 (0ms)
			AwakeInstancesAfterBackupRestoration (8ms)
Platform modules already initialized, skipping
Refreshing native plugins compatible for Editor in 7.35 ms, found 4 plugins.
Preloading 0 native plugins for Editor in 0.00 ms.
Unloading 6417 Unused Serialized files (Serialized files now loaded: 0)
Unloading 82 unused Assets / (2.0 MB). Loaded Objects now: 7016.
Memory consumption went from 245.9 MB to 243.9 MB.
Total: 7.667900 ms (FindLiveObjects: 0.449500 ms CreateObjectMapping: 0.375200 ms MarkObjects: 6.306600 ms  DeleteObjects: 0.535900 ms)

AssetImportParameters requested are different than current active one (requested -> active):
  custom:video-decoder-ogg-theora: a1e56fd34408186e4bbccfd4996cb3dc -> 
  custom:container-muxer-webm: aa71ff27fc2769a1b78a27578f13a17b -> 
  custom:container-demuxer-webm: 4f35f7cbe854078d1ac9338744f61a02 -> 
  custom:video-encoder-webm-vp8: eb34c28f22e8b96e1ab97ce403110664 -> 
  custom:video-codec-MediaFoundation-h265: 746d11721c4dcdbdad8f713fa42b33f4 -> 
  custom:audio-encoder-webm-vorbis: bf7c407c2cedff20999df2af8eb42d56 -> 
  custom:framework-win-MediaFoundation: 216162199b28c13a410421893ffa2e32 -> 
  custom:container-demuxer-ogg: 62fdf1f143b41e24485cea50d1cbac27 -> 
  custom:video-decoder-webm-vp8: 9c59270c3fd7afecdb556c50c9e8de78 -> 
  custom:audio-decoder-ogg-vorbis: bf7c407c2cedff20999df2af8eb42d56 -> 
========================================================================
Received Import Request.
  Time since last request: 1394721.211454 seconds.
  path: Assets/ImportedAssets/Japanese_Food_Icon_Pack_Vol.01/JAPANESE_FOOD/512×512/Home_Cooking/Boiled_flatfish.png
  artifactKey: Guid(1888b16145f8742469a9fd288f34fac9) Importer(815301076,1909f56bfc062723c751e8b465ee728b)
Start importing Assets/ImportedAssets/Japanese_Food_Icon_Pack_Vol.01/JAPANESE_FOOD/512×512/Home_Cooking/Boiled_flatfish.png using Guid(1888b16145f8742469a9fd288f34fac9) Importer(815301076,1909f56bfc062723c751e8b465ee728b)  -> (artifact id: '9c69645cf38e66dc0512233021b9c680') in 0.118705 seconds 
========================================================================
Received Import Request.
  Time since last request: 0.000025 seconds.
  path: Assets/ImportedAssets/Japanese_Food_Icon_Pack_Vol.01/JAPANESE_FOOD/512×512/Home_Cooking/Miso_soup.png
  artifactKey: Guid(2b15d024528fdcb4c8dd28b73fc1caed) Importer(815301076,1909f56bfc062723c751e8b465ee728b)
Start importing Assets/ImportedAssets/Japanese_Food_Icon_Pack_Vol.01/JAPANESE_FOOD/512×512/Home_Cooking/Miso_soup.png using Guid(2b15d024528fdcb4c8dd28b73fc1caed) Importer(815301076,1909f56bfc062723c751e8b465ee728b)  -> (artifact id: '64a674cc42c99c661716988e0f029c1b') in 0.034223 seconds 
========================================================================
Received Import Request.
  Time since last request: 0.000056 seconds.
  path: Assets/ImportedAssets/Japanese_Food_Icon_Pack_Vol.01/JAPANESE_FOOD/512×512/Home_Cooking/Udo_nuta.png
  artifactKey: Guid(5a687e43a459ef24b9932f533810780c) Importer(815301076,1909f56bfc062723c751e8b465ee728b)
Start importing Assets/ImportedAssets/Japanese_Food_Icon_Pack_Vol.01/JAPANESE_FOOD/512×512/Home_Cooking/Udo_nuta.png using Guid(5a687e43a459ef24b9932f533810780c) Importer(815301076,1909f56bfc062723c751e8b465ee728b)  -> (artifact id: '3d5c3577042495e7c2bf6e1c5830838c') in 0.029185 seconds 
========================================================================
Received Import Request.
  Time since last request: 0.000022 seconds.
  path: Assets/ImportedAssets/Japanese_Food_Icon_Pack_Vol.01/JAPANESE_FOOD/512×512/Home_Cooking/Boiled_rape_blossom.png
  artifactKey: Guid(101f284c5f3ed034ab32cf401f0eeac0) Importer(815301076,1909f56bfc062723c751e8b465ee728b)
Start importing Assets/ImportedAssets/Japanese_Food_Icon_Pack_Vol.01/JAPANESE_FOOD/512×512/Home_Cooking/Boiled_rape_blossom.png using Guid(101f284c5f3ed034ab32cf401f0eeac0) Importer(815301076,1909f56bfc062723c751e8b465ee728b)  -> (artifact id: 'cd9d397417bd7934710e026cdcb17564') in 0.033889 seconds 
========================================================================
Received Import Request.
  Time since last request: 0.000025 seconds.
  path: Assets/ImportedAssets/Japanese_Food_Icon_Pack_Vol.01/JAPANESE_FOOD/512×512/Home_Cooking/Deep_fried_Jinkasa_Shiitake.png
  artifactKey: Guid(aec09fe569b4d1d42bec40acbc6a0177) Importer(815301076,1909f56bfc062723c751e8b465ee728b)
Start importing Assets/ImportedAssets/Japanese_Food_Icon_Pack_Vol.01/JAPANESE_FOOD/512×512/Home_Cooking/Deep_fried_Jinkasa_Shiitake.png using Guid(aec09fe569b4d1d42bec40acbc6a0177) Importer(815301076,1909f56bfc062723c751e8b465ee728b)  -> (artifact id: 'e18688f62948f705490b05b64619f967') in 0.033813 seconds 
========================================================================
Received Import Request.
  Time since last request: 0.000021 seconds.
  path: Assets/ImportedAssets/Japanese_Food_Icon_Pack_Vol.01/JAPANESE_FOOD/512×512/Home_Cooking/Oshinko.png
  artifactKey: Guid(58c2969360e28994898db296b9a3314d) Importer(815301076,1909f56bfc062723c751e8b465ee728b)
Start importing Assets/ImportedAssets/Japanese_Food_Icon_Pack_Vol.01/JAPANESE_FOOD/512×512/Home_Cooking/Oshinko.png using Guid(58c2969360e28994898db296b9a3314d) Importer(815301076,1909f56bfc062723c751e8b465ee728b)  -> (artifact id: '862167e72491cdd2140c3e0f5967bcbd') in 0.036613 seconds 
========================================================================
Received Import Request.
  Time since last request: 0.000018 seconds.
  path: Assets/ImportedAssets/Japanese_Food_Icon_Pack_Vol.01/JAPANESE_FOOD/512×512/Home_Cooking/Natto.png
  artifactKey: Guid(dc70958fc4f02754aa62baf153b67a5a) Importer(815301076,1909f56bfc062723c751e8b465ee728b)
Start importing Assets/ImportedAssets/Japanese_Food_Icon_Pack_Vol.01/JAPANESE_FOOD/512×512/Home_Cooking/Natto.png using Guid(dc70958fc4f02754aa62baf153b67a5a) Importer(815301076,1909f56bfc062723c751e8b465ee728b)  -> (artifact id: '027188ac0d837cb9cf41e06edb5e8306') in 0.034442 seconds 
========================================================================
Received Import Request.
  Time since last request: 0.000027 seconds.
  path: Assets/ImportedAssets/Japanese_Food_Icon_Pack_Vol.01/JAPANESE_FOOD/512×512/Home_Cooking/Okara.png
  artifactKey: Guid(a2a1b88a8943aaa4ca7fbb64783c974c) Importer(815301076,1909f56bfc062723c751e8b465ee728b)
Start importing Assets/ImportedAssets/Japanese_Food_Icon_Pack_Vol.01/JAPANESE_FOOD/512×512/Home_Cooking/Okara.png using Guid(a2a1b88a8943aaa4ca7fbb64783c974c) Importer(815301076,1909f56bfc062723c751e8b465ee728b)  -> (artifact id: '6eb706c79a25cb28e17e7b0bf9418897') in 0.034489 seconds 
========================================================================
Received Import Request.
  Time since last request: 0.000025 seconds.
  path: Assets/ImportedAssets/Japanese_Food_Icon_Pack_Vol.01/JAPANESE_FOOD/512×512/Home_Cooking/Boiled_Wakatake.png
  artifactKey: Guid(8a472af8e4fdaab4184d1cc30668d952) Importer(815301076,1909f56bfc062723c751e8b465ee728b)
Start importing Assets/ImportedAssets/Japanese_Food_Icon_Pack_Vol.01/JAPANESE_FOOD/512×512/Home_Cooking/Boiled_Wakatake.png using Guid(8a472af8e4fdaab4184d1cc30668d952) Importer(815301076,1909f56bfc062723c751e8b465ee728b)  -> (artifact id: '2e026dee25e53edcadc4d4f940accf92') in 0.037418 seconds 
========================================================================
Received Import Request.
  Time since last request: 0.000028 seconds.
  path: Assets/ImportedAssets/Japanese_Food_Icon_Pack_Vol.01/JAPANESE_FOOD/512×512/Home_Cooking/Meat_and_potato.png
  artifactKey: Guid(5a9794cfc4095504facb97c71e5b29e5) Importer(815301076,1909f56bfc062723c751e8b465ee728b)
Start importing Assets/ImportedAssets/Japanese_Food_Icon_Pack_Vol.01/JAPANESE_FOOD/512×512/Home_Cooking/Meat_and_potato.png using Guid(5a9794cfc4095504facb97c71e5b29e5) Importer(815301076,1909f56bfc062723c751e8b465ee728b)  -> (artifact id: '3c88d8f3df5a8d3e21b2c9b48e44faf7') in 0.032491 seconds 
========================================================================
Received Import Request.
  Time since last request: 1.621912 seconds.
  path: Assets/ImportedAssets/Japanese_Food_Icon_Pack_Vol.01/JAPANESE_FOOD/512×512/Setmeal_&_Donburi/Beef_bowl_Extra_Large.png
  artifactKey: Guid(7da7c3b4f95bcf549a12d4fa634a54ec) Importer(815301076,1909f56bfc062723c751e8b465ee728b)
Start importing Assets/ImportedAssets/Japanese_Food_Icon_Pack_Vol.01/JAPANESE_FOOD/512×512/Setmeal_&_Donburi/Beef_bowl_Extra_Large.png using Guid(7da7c3b4f95bcf549a12d4fa634a54ec) Importer(815301076,1909f56bfc062723c751e8b465ee728b)  -> (artifact id: '314a073727b628ab9bfa378272f13350') in 0.029266 seconds 
========================================================================
Received Import Request.
  Time since last request: 0.000018 seconds.
  path: Assets/ImportedAssets/Japanese_Food_Icon_Pack_Vol.01/JAPANESE_FOOD/512×512/Setmeal_&_Donburi/Rice.png
  artifactKey: Guid(e3dfcd965cba6dd48aaa9a55d2f6d87f) Importer(815301076,1909f56bfc062723c751e8b465ee728b)
Start importing Assets/ImportedAssets/Japanese_Food_Icon_Pack_Vol.01/JAPANESE_FOOD/512×512/Setmeal_&_Donburi/Rice.png using Guid(e3dfcd965cba6dd48aaa9a55d2f6d87f) Importer(815301076,1909f56bfc062723c751e8b465ee728b)  -> (artifact id: 'aa53435099fc349aac6bbf946094ff68') in 0.029870 seconds 
========================================================================
Received Import Request.
  Time since last request: 0.000026 seconds.
  path: Assets/ImportedAssets/Japanese_Food_Icon_Pack_Vol.01/JAPANESE_FOOD/512×512/Setmeal_&_Donburi/Eel_chazuke.png
  artifactKey: Guid(8e31c5a57560e3540b9e433fa38bda20) Importer(815301076,1909f56bfc062723c751e8b465ee728b)
Start importing Assets/ImportedAssets/Japanese_Food_Icon_Pack_Vol.01/JAPANESE_FOOD/512×512/Setmeal_&_Donburi/Eel_chazuke.png using Guid(8e31c5a57560e3540b9e433fa38bda20) Importer(815301076,1909f56bfc062723c751e8b465ee728b)  -> (artifact id: '3102a77f4b4410f2b46f7a312ba11acd') in 0.036924 seconds 
========================================================================
Received Import Request.
  Time since last request: 0.000024 seconds.
  path: Assets/ImportedAssets/Japanese_Food_Icon_Pack_Vol.01/JAPANESE_FOOD/512×512/Setmeal_&_Donburi/Oyako_Don.png
  artifactKey: Guid(0c50f8b9fba607e4288a8f6670e09108) Importer(815301076,1909f56bfc062723c751e8b465ee728b)
Start importing Assets/ImportedAssets/Japanese_Food_Icon_Pack_Vol.01/JAPANESE_FOOD/512×512/Setmeal_&_Donburi/Oyako_Don.png using Guid(0c50f8b9fba607e4288a8f6670e09108) Importer(815301076,1909f56bfc062723c751e8b465ee728b)  -> (artifact id: '7cadee182aa185845b4a7ece698b54a3') in 0.043423 seconds 
========================================================================
Received Import Request.
  Time since last request: 0.000027 seconds.
  path: Assets/ImportedAssets/Japanese_Food_Icon_Pack_Vol.01/JAPANESE_FOOD/512×512/Setmeal_&_Donburi/Katsu_Don.png
  artifactKey: Guid(2d6d2873c3be2c94b8bd31116d874fd9) Importer(815301076,1909f56bfc062723c751e8b465ee728b)
Start importing Assets/ImportedAssets/Japanese_Food_Icon_Pack_Vol.01/JAPANESE_FOOD/512×512/Setmeal_&_Donburi/Katsu_Don.png using Guid(2d6d2873c3be2c94b8bd31116d874fd9) Importer(815301076,1909f56bfc062723c751e8b465ee728b)  -> (artifact id: 'fdf6b4bf2775072f5eeb5ebfb8f30a25') in 0.031657 seconds 
========================================================================
Received Import Request.
  Time since last request: 0.000023 seconds.
  path: Assets/ImportedAssets/Japanese_Food_Icon_Pack_Vol.01/JAPANESE_FOOD/512×512/Setmeal_&_Donburi/Ochazuke_Salmon.png
  artifactKey: Guid(8db38d7c81883d34a819cdc9bd666816) Importer(815301076,1909f56bfc062723c751e8b465ee728b)
Start importing Assets/ImportedAssets/Japanese_Food_Icon_Pack_Vol.01/JAPANESE_FOOD/512×512/Setmeal_&_Donburi/Ochazuke_Salmon.png using Guid(8db38d7c81883d34a819cdc9bd666816) Importer(815301076,1909f56bfc062723c751e8b465ee728b)  -> (artifact id: '2556d934415a93e4e83541bbe5c97ef8') in 0.032590 seconds 
========================================================================
Received Import Request.
  Time since last request: 0.000019 seconds.
  path: Assets/ImportedAssets/Japanese_Food_Icon_Pack_Vol.01/JAPANESE_FOOD/512×512/Setmeal_&_Donburi/Dashimaki_Set_Meal.png
  artifactKey: Guid(a6f8f4314c371a94d8b88215bb270048) Importer(815301076,1909f56bfc062723c751e8b465ee728b)
Start importing Assets/ImportedAssets/Japanese_Food_Icon_Pack_Vol.01/JAPANESE_FOOD/512×512/Setmeal_&_Donburi/Dashimaki_Set_Meal.png using Guid(a6f8f4314c371a94d8b88215bb270048) Importer(815301076,1909f56bfc062723c751e8b465ee728b)  -> (artifact id: 'cb160e0658cef817ecc68ce5cd0bf23e') in 0.029604 seconds 
========================================================================
Received Import Request.
  Time since last request: 0.000020 seconds.
  path: Assets/ImportedAssets/Japanese_Food_Icon_Pack_Vol.01/JAPANESE_FOOD/512×512/Setmeal_&_Donburi/Fried_Sardine_Set_Meal.png
  artifactKey: Guid(34a72b6ac1d28e441802e3d5b612ba59) Importer(815301076,1909f56bfc062723c751e8b465ee728b)
Start importing Assets/ImportedAssets/Japanese_Food_Icon_Pack_Vol.01/JAPANESE_FOOD/512×512/Setmeal_&_Donburi/Fried_Sardine_Set_Meal.png using Guid(34a72b6ac1d28e441802e3d5b612ba59) Importer(815301076,1909f56bfc062723c751e8b465ee728b)  -> (artifact id: '52f8ede172c3fb882fdf0ce2c1edc56e') in 0.029911 seconds 
========================================================================
Received Import Request.
  Time since last request: 0.000025 seconds.
  path: Assets/ImportedAssets/Japanese_Food_Icon_Pack_Vol.01/JAPANESE_FOOD/512×512/Setmeal_&_Donburi/Beef_bowl_Medium.png
  artifactKey: Guid(c3fbde360d42b6849af0d03c073de79d) Importer(815301076,1909f56bfc062723c751e8b465ee728b)
Start importing Assets/ImportedAssets/Japanese_Food_Icon_Pack_Vol.01/JAPANESE_FOOD/512×512/Setmeal_&_Donburi/Beef_bowl_Medium.png using Guid(c3fbde360d42b6849af0d03c073de79d) Importer(815301076,1909f56bfc062723c751e8b465ee728b)  -> (artifact id: '97d1df92b1abb87c2b9b1fae631aecad') in 0.030996 seconds 
========================================================================
Received Import Request.
  Time since last request: 0.000022 seconds.
  path: Assets/ImportedAssets/Japanese_Food_Icon_Pack_Vol.01/JAPANESE_FOOD/512×512/Sushi_Bar/Hand_formed_sushi_Horse_mackerel.png
  artifactKey: Guid(f0e4b2da33a1e134781a441670ff38f8) Importer(815301076,1909f56bfc062723c751e8b465ee728b)
Start importing Assets/ImportedAssets/Japanese_Food_Icon_Pack_Vol.01/JAPANESE_FOOD/512×512/Sushi_Bar/Hand_formed_sushi_Horse_mackerel.png using Guid(f0e4b2da33a1e134781a441670ff38f8) Importer(815301076,1909f56bfc062723c751e8b465ee728b)  -> (artifact id: 'efa86d3f725c9144b7bc1e391b2d6d47') in 0.031033 seconds 
========================================================================
Received Import Request.
  Time since last request: 0.000030 seconds.
  path: Assets/ImportedAssets/Japanese_Food_Icon_Pack_Vol.01/JAPANESE_FOOD/512×512/Sushi_Bar/Live_Squid.png
  artifactKey: Guid(7dba95c41bf40584888c633c86944ecf) Importer(815301076,1909f56bfc062723c751e8b465ee728b)
Start importing Assets/ImportedAssets/Japanese_Food_Icon_Pack_Vol.01/JAPANESE_FOOD/512×512/Sushi_Bar/Live_Squid.png using Guid(7dba95c41bf40584888c633c86944ecf) Importer(815301076,1909f56bfc062723c751e8b465ee728b)  -> (artifact id: 'c994a56a818e90fe66319e856f2881e0') in 0.029649 seconds 
========================================================================
Received Import Request.
  Time since last request: 0.000019 seconds.
  path: Assets/ImportedAssets/Japanese_Food_Icon_Pack_Vol.01/JAPANESE_FOOD/512×512/Sushi_Bar/Hand_formed_sushi_Salmon.png
  artifactKey: Guid(141e324acac32fb4a9d308dd328163c7) Importer(815301076,1909f56bfc062723c751e8b465ee728b)
Start importing Assets/ImportedAssets/Japanese_Food_Icon_Pack_Vol.01/JAPANESE_FOOD/512×512/Sushi_Bar/Hand_formed_sushi_Salmon.png using Guid(141e324acac32fb4a9d308dd328163c7) Importer(815301076,1909f56bfc062723c751e8b465ee728b)  -> (artifact id: '40693e05bf520efe811ba578e35b7339') in 0.030646 seconds 
========================================================================
Received Import Request.
  Time since last request: 0.000018 seconds.
  path: Assets/ImportedAssets/Japanese_Food_Icon_Pack_Vol.01/JAPANESE_FOOD/512×512/Sushi_Bar/Super_fatty_tuna.png
  artifactKey: Guid(1c003426328f23a4786f60af9d4d2c72) Importer(815301076,1909f56bfc062723c751e8b465ee728b)
Start importing Assets/ImportedAssets/Japanese_Food_Icon_Pack_Vol.01/JAPANESE_FOOD/512×512/Sushi_Bar/Super_fatty_tuna.png using Guid(1c003426328f23a4786f60af9d4d2c72) Importer(815301076,1909f56bfc062723c751e8b465ee728b)  -> (artifact id: 'bf2fe7af0abb8f9b86d857653edfc7b3') in 0.029748 seconds 
========================================================================
Received Import Request.
  Time since last request: 0.000019 seconds.
  path: Assets/ImportedAssets/Japanese_Food_Icon_Pack_Vol.01/JAPANESE_FOOD/512×512/Sushi_Bar/Inari_Sushi.png
  artifactKey: Guid(e256bec2ef1e32442b29a3e96574820f) Importer(815301076,1909f56bfc062723c751e8b465ee728b)
Start importing Assets/ImportedAssets/Japanese_Food_Icon_Pack_Vol.01/JAPANESE_FOOD/512×512/Sushi_Bar/Inari_Sushi.png using Guid(e256bec2ef1e32442b29a3e96574820f) Importer(815301076,1909f56bfc062723c751e8b465ee728b)  -> (artifact id: '1427307f3ae59ba9c990043aab986e4f') in 0.032551 seconds 
========================================================================
Received Import Request.
  Time since last request: 0.000022 seconds.
  path: Assets/ImportedAssets/Japanese_Food_Icon_Pack_Vol.01/JAPANESE_FOOD/512×512/Sushi_Bar/Hand_formed_sushi_Flounder_edge.png
  artifactKey: Guid(4bf330cbf32f37e45bffaeffdbbac945) Importer(815301076,1909f56bfc062723c751e8b465ee728b)
Start importing Assets/ImportedAssets/Japanese_Food_Icon_Pack_Vol.01/JAPANESE_FOOD/512×512/Sushi_Bar/Hand_formed_sushi_Flounder_edge.png using Guid(4bf330cbf32f37e45bffaeffdbbac945) Importer(815301076,1909f56bfc062723c751e8b465ee728b)  -> (artifact id: '764070dbfd573644890f5c161cbdc2fb') in 0.035515 seconds 
========================================================================
Received Import Request.
  Time since last request: 0.000025 seconds.
  path: Assets/ImportedAssets/Japanese_Food_Icon_Pack_Vol.01/JAPANESE_FOOD/512×512/Sushi_Bar/Pickled_radish_Roll.png
  artifactKey: Guid(8a731dacbb72f3d44b29664c7e49f301) Importer(815301076,1909f56bfc062723c751e8b465ee728b)
Start importing Assets/ImportedAssets/Japanese_Food_Icon_Pack_Vol.01/JAPANESE_FOOD/512×512/Sushi_Bar/Pickled_radish_Roll.png using Guid(8a731dacbb72f3d44b29664c7e49f301) Importer(815301076,1909f56bfc062723c751e8b465ee728b)  -> (artifact id: '2317cf8322cd0ff072fce27e0ff13ffb') in 0.033582 seconds 
========================================================================
Received Import Request.
  Time since last request: 0.000024 seconds.
  path: Assets/ImportedAssets/Japanese_Food_Icon_Pack_Vol.01/JAPANESE_FOOD/512×512/Sushi_Bar/Hand_formed_sushi_Medium_Tuna.png
  artifactKey: Guid(c327a4b2cc5fcc542b5669146366dd0e) Importer(815301076,1909f56bfc062723c751e8b465ee728b)
Start importing Assets/ImportedAssets/Japanese_Food_Icon_Pack_Vol.01/JAPANESE_FOOD/512×512/Sushi_Bar/Hand_formed_sushi_Medium_Tuna.png using Guid(c327a4b2cc5fcc542b5669146366dd0e) Importer(815301076,1909f56bfc062723c751e8b465ee728b)  -> (artifact id: '3ac1ba48245f1d1386f13d7713c94f0f') in 0.031404 seconds 
========================================================================
Received Import Request.
  Time since last request: 0.000042 seconds.
  path: Assets/ImportedAssets/Japanese_Food_Icon_Pack_Vol.01/JAPANESE_FOOD/512×512/Sushi_Bar/Natto_Roll.png
  artifactKey: Guid(b2818b106ea452e4b9133d87cf555df1) Importer(815301076,1909f56bfc062723c751e8b465ee728b)
Start importing Assets/ImportedAssets/Japanese_Food_Icon_Pack_Vol.01/JAPANESE_FOOD/512×512/Sushi_Bar/Natto_Roll.png using Guid(b2818b106ea452e4b9133d87cf555df1) Importer(815301076,1909f56bfc062723c751e8b465ee728b)  -> (artifact id: '4b1d7860fa6fac253c151fbd53ad704f') in 0.029308 seconds 
========================================================================
Received Import Request.
  Time since last request: 0.000019 seconds.
  path: Assets/ImportedAssets/Japanese_Food_Icon_Pack_Vol.01/JAPANESE_FOOD/512×512/Setmeal_&_Donburi/Grilled_Salmon_Set_Meal.png
  artifactKey: Guid(8a3ded9f6b09ec74b8676151978912cc) Importer(815301076,1909f56bfc062723c751e8b465ee728b)
Start importing Assets/ImportedAssets/Japanese_Food_Icon_Pack_Vol.01/JAPANESE_FOOD/512×512/Setmeal_&_Donburi/Grilled_Salmon_Set_Meal.png using Guid(8a3ded9f6b09ec74b8676151978912cc) Importer(815301076,1909f56bfc062723c751e8b465ee728b)  -> (artifact id: '39c7812ddd32827bfcd81ea86ef91a6f') in 0.029924 seconds 
========================================================================
Received Import Request.
  Time since last request: 0.000019 seconds.
  path: Assets/ImportedAssets/Japanese_Food_Icon_Pack_Vol.01/JAPANESE_FOOD/512×512/Sushi_Bar/Battera.png
  artifactKey: Guid(a0d68b144f3413a4ca9bf0ee8278d212) Importer(815301076,1909f56bfc062723c751e8b465ee728b)
Start importing Assets/ImportedAssets/Japanese_Food_Icon_Pack_Vol.01/JAPANESE_FOOD/512×512/Sushi_Bar/Battera.png using Guid(a0d68b144f3413a4ca9bf0ee8278d212) Importer(815301076,1909f56bfc062723c751e8b465ee728b)  -> (artifact id: '74d5cc93c886c97d3e1341fd1b7913a7') in 0.032421 seconds 
========================================================================
Received Import Request.
  Time since last request: 0.000022 seconds.
  path: Assets/ImportedAssets/Japanese_Food_Icon_Pack_Vol.01/JAPANESE_FOOD/512×512/Sushi_Bar/One_King_crab.png
  artifactKey: Guid(f03fc73437590a24dafb67130eb08708) Importer(815301076,1909f56bfc062723c751e8b465ee728b)
Start importing Assets/ImportedAssets/Japanese_Food_Icon_Pack_Vol.01/JAPANESE_FOOD/512×512/Sushi_Bar/One_King_crab.png using Guid(f03fc73437590a24dafb67130eb08708) Importer(815301076,1909f56bfc062723c751e8b465ee728b)  -> (artifact id: 'e2ce4aa27b3365ae95ad9185eab4567c') in 0.032878 seconds 
========================================================================
Received Import Request.
  Time since last request: 0.000024 seconds.
  path: Assets/ImportedAssets/Japanese_Food_Icon_Pack_Vol.01/JAPANESE_FOOD/512×512/Sushi_Bar/Red_sea_bream.png
  artifactKey: Guid(cc7d43cbd40b7e94e8465361975c5356) Importer(815301076,1909f56bfc062723c751e8b465ee728b)
Start importing Assets/ImportedAssets/Japanese_Food_Icon_Pack_Vol.01/JAPANESE_FOOD/512×512/Sushi_Bar/Red_sea_bream.png using Guid(cc7d43cbd40b7e94e8465361975c5356) Importer(815301076,1909f56bfc062723c751e8b465ee728b)  -> (artifact id: 'd48196fb9bc8a7516f40589f10b5c500') in 0.032351 seconds 
========================================================================
Received Import Request.
  Time since last request: 0.000025 seconds.
  path: Assets/ImportedAssets/Japanese_Food_Icon_Pack_Vol.01/JAPANESE_FOOD/512×512/Sushi_Bar/Hand_formed_sushi_Octopus.png
  artifactKey: Guid(3297c00f222f75e458b06869949293cd) Importer(815301076,1909f56bfc062723c751e8b465ee728b)
Start importing Assets/ImportedAssets/Japanese_Food_Icon_Pack_Vol.01/JAPANESE_FOOD/512×512/Sushi_Bar/Hand_formed_sushi_Octopus.png using Guid(3297c00f222f75e458b06869949293cd) Importer(815301076,1909f56bfc062723c751e8b465ee728b)  -> (artifact id: '8fff2a36d62b7be3447973cd6b58117d') in 0.030212 seconds 
========================================================================
Received Import Request.
  Time since last request: 0.000033 seconds.
  path: Assets/ImportedAssets/Japanese_Food_Icon_Pack_Vol.01/JAPANESE_FOOD/512×512/Sushi_Bar/Sea_urchin_Warship_Winding.png
  artifactKey: Guid(5cce091122434fe48b6c7f94b5ce3303) Importer(815301076,1909f56bfc062723c751e8b465ee728b)
Start importing Assets/ImportedAssets/Japanese_Food_Icon_Pack_Vol.01/JAPANESE_FOOD/512×512/Sushi_Bar/Sea_urchin_Warship_Winding.png using Guid(5cce091122434fe48b6c7f94b5ce3303) Importer(815301076,1909f56bfc062723c751e8b465ee728b)  -> (artifact id: '47914fd5faedc1e0ddbff6598cee5889') in 0.032890 seconds 
========================================================================
Received Import Request.
  Time since last request: 0.000021 seconds.
  path: Assets/ImportedAssets/Japanese_Food_Icon_Pack_Vol.01/JAPANESE_FOOD/512×512/Sushi_Bar/One_Conger_Eel.png
  artifactKey: Guid(0314fb1d2a01cc848a72864af09f4863) Importer(815301076,1909f56bfc062723c751e8b465ee728b)
Start importing Assets/ImportedAssets/Japanese_Food_Icon_Pack_Vol.01/JAPANESE_FOOD/512×512/Sushi_Bar/One_Conger_Eel.png using Guid(0314fb1d2a01cc848a72864af09f4863) Importer(815301076,1909f56bfc062723c751e8b465ee728b)  -> (artifact id: '43d437aa060522b993fc8ae609aea68c') in 0.034187 seconds 
========================================================================
Received Import Request.
  Time since last request: 0.000020 seconds.
  path: Assets/ImportedAssets/Japanese_Food_Icon_Pack_Vol.01/JAPANESE_FOOD/512×512/Sushi_Bar/Hand_formed_sushi_Shrimp.png
  artifactKey: Guid(3c3e9a45b3baf3046aac4d0daeaee2cf) Importer(815301076,1909f56bfc062723c751e8b465ee728b)
Start importing Assets/ImportedAssets/Japanese_Food_Icon_Pack_Vol.01/JAPANESE_FOOD/512×512/Sushi_Bar/Hand_formed_sushi_Shrimp.png using Guid(3c3e9a45b3baf3046aac4d0daeaee2cf) Importer(815301076,1909f56bfc062723c751e8b465ee728b)  -> (artifact id: '993e4ed21f998282c1775a1381ff74f1') in 0.034974 seconds 
========================================================================
Received Import Request.
  Time since last request: 0.000020 seconds.
  path: Assets/ImportedAssets/Japanese_Food_Icon_Pack_Vol.01/JAPANESE_FOOD/512×512/Sushi_Bar/Milt.png
  artifactKey: Guid(42969a3f37c152c4e900a4b70a32f9f9) Importer(815301076,1909f56bfc062723c751e8b465ee728b)
Start importing Assets/ImportedAssets/Japanese_Food_Icon_Pack_Vol.01/JAPANESE_FOOD/512×512/Sushi_Bar/Milt.png using Guid(42969a3f37c152c4e900a4b70a32f9f9) Importer(815301076,1909f56bfc062723c751e8b465ee728b)  -> (artifact id: 'df9a31afb2c63b069f1cfd60ce83fb8e') in 0.033451 seconds 
========================================================================
Received Import Request.
  Time since last request: 0.000024 seconds.
  path: Assets/ImportedAssets/Japanese_Food_Icon_Pack_Vol.01/JAPANESE_FOOD/512×512/Sushi_Bar/Salmon_roe_Warship_Winding.png
  artifactKey: Guid(2aa1d27181fbcc84d989fcc258936a7f) Importer(815301076,1909f56bfc062723c751e8b465ee728b)
Start importing Assets/ImportedAssets/Japanese_Food_Icon_Pack_Vol.01/JAPANESE_FOOD/512×512/Sushi_Bar/Salmon_roe_Warship_Winding.png using Guid(2aa1d27181fbcc84d989fcc258936a7f) Importer(815301076,1909f56bfc062723c751e8b465ee728b)  -> (artifact id: '2bfd788ac41e781a83ee8f923d1d4a20') in 0.028872 seconds 
========================================================================
Received Import Request.
  Time since last request: 0.000030 seconds.
  path: Assets/ImportedAssets/Japanese_Food_Icon_Pack_Vol.01/JAPANESE_FOOD/512×512/Sushi_Bar/Cold_Yellowtail.png
  artifactKey: Guid(f73f7907991c7e44baaf95df285830cf) Importer(815301076,1909f56bfc062723c751e8b465ee728b)
Start importing Assets/ImportedAssets/Japanese_Food_Icon_Pack_Vol.01/JAPANESE_FOOD/512×512/Sushi_Bar/Cold_Yellowtail.png using Guid(f73f7907991c7e44baaf95df285830cf) Importer(815301076,1909f56bfc062723c751e8b465ee728b)  -> (artifact id: 'a678da96b0e6a7e22cfe569e81114d9a') in 0.034849 seconds 
========================================================================
Received Import Request.
  Time since last request: 0.000031 seconds.
  path: Assets/ImportedAssets/Japanese_Food_Icon_Pack_Vol.01/JAPANESE_FOOD/512×512/Sushi_Bar/Fatty_Tuna_Meat.png
  artifactKey: Guid(b085c62bdaa4b1e4483282a654bf3a1c) Importer(815301076,1909f56bfc062723c751e8b465ee728b)
Start importing Assets/ImportedAssets/Japanese_Food_Icon_Pack_Vol.01/JAPANESE_FOOD/512×512/Sushi_Bar/Fatty_Tuna_Meat.png using Guid(b085c62bdaa4b1e4483282a654bf3a1c) Importer(815301076,1909f56bfc062723c751e8b465ee728b)  -> (artifact id: '4ffda800b3d38c91ca5a49fc32f608c1') in 0.032188 seconds 
========================================================================
Received Import Request.
  Time since last request: 0.000024 seconds.
  path: Assets/ImportedAssets/Japanese_Food_Icon_Pack_Vol.01/JAPANESE_FOOD/512×512/Sushi_Bar/Kohada.png
  artifactKey: Guid(fa633e1e9f77c414287f883f92ff8693) Importer(815301076,1909f56bfc062723c751e8b465ee728b)
Start importing Assets/ImportedAssets/Japanese_Food_Icon_Pack_Vol.01/JAPANESE_FOOD/512×512/Sushi_Bar/Kohada.png using Guid(fa633e1e9f77c414287f883f92ff8693) Importer(815301076,1909f56bfc062723c751e8b465ee728b)  -> (artifact id: '1751bc3c2610e974795caf12e459e961') in 0.034763 seconds 
========================================================================
Received Import Request.
  Time since last request: 0.000020 seconds.
  path: Assets/ImportedAssets/Japanese_Food_Icon_Pack_Vol.01/JAPANESE_FOOD/512×512/Sushi_Bar/Abalone.png
  artifactKey: Guid(9ff472bcdaafa8e439fed21b99eca961) Importer(815301076,1909f56bfc062723c751e8b465ee728b)
Start importing Assets/ImportedAssets/Japanese_Food_Icon_Pack_Vol.01/JAPANESE_FOOD/512×512/Sushi_Bar/Abalone.png using Guid(9ff472bcdaafa8e439fed21b99eca961) Importer(815301076,1909f56bfc062723c751e8b465ee728b)  -> (artifact id: '95c633b8abd1ba567ffe3d254cb314b9') in 0.033432 seconds 
========================================================================
Received Import Request.
  Time since last request: 0.000019 seconds.
  path: Assets/ImportedAssets/Japanese_Food_Icon_Pack_Vol.01/JAPANESE_FOOD/512×512/Sushi_Bar/Hand_formed_sushi_Tuna.png
  artifactKey: Guid(7f5526dcd62caf24498958e9b498d73a) Importer(815301076,1909f56bfc062723c751e8b465ee728b)
Start importing Assets/ImportedAssets/Japanese_Food_Icon_Pack_Vol.01/JAPANESE_FOOD/512×512/Sushi_Bar/Hand_formed_sushi_Tuna.png using Guid(7f5526dcd62caf24498958e9b498d73a) Importer(815301076,1909f56bfc062723c751e8b465ee728b)  -> (artifact id: '313665fac19004575ff463324b70db85') in 0.029294 seconds 
Editor requested this worker to shutdown with reason: Scaling down because of idle timeout
AssetImportWorker is now disconnected from the server
Process exiting
Exiting without the bug reporter. Application will terminate with return code 0