Using pre-set license
Built from '2021.3/staging' branch; Version is '2021.3.7f1 (24e8595d6d43) revision 2418777'; Using compiler version '192829333'; Build Type 'Release'
OS: 'Windows 11  (10.0.22631) 64bit Core' Language: 'en' Physical Memory: 32657 MB
BatchMode: 1, IsHumanControllingUs: 0, StartBugReporterOnCrash: 0, Is64bit: 1, IsPro: 1

COMMAND LINE ARGUMENTS:
C:\Program Files\Unity\Hub\Editor\2021.3.7f1\Editor\Unity.exe
-adb2
-batchMode
-noUpm
-name
AssetImportWorker6
-projectPath
C:/Users/Lucas/Documents/GitHub/LCFoxyPuzzlePlatformer
-logFile
Logs/AssetImportWorker6.log
-srvPort
63014
Successfully changed project path to: C:/Users/Lucas/Documents/GitHub/LCFoxyPuzzlePlatformer
C:/Users/Lucas/Documents/GitHub/LCFoxyPuzzlePlatformer
[UnityMemory] Configuration Parameters - Can be set up in boot.config
    "memorysetup-bucket-allocator-granularity=16"
    "memorysetup-bucket-allocator-bucket-count=8"
    "memorysetup-bucket-allocator-block-size=33554432"
    "memorysetup-bucket-allocator-block-count=8"
    "memorysetup-main-allocator-block-size=16777216"
    "memorysetup-thread-allocator-block-size=16777216"
    "memorysetup-gfx-main-allocator-block-size=16777216"
    "memorysetup-gfx-thread-allocator-block-size=16777216"
    "memorysetup-cache-allocator-block-size=4194304"
    "memorysetup-typetree-allocator-block-size=2097152"
    "memorysetup-profiler-bucket-allocator-granularity=16"
    "memorysetup-profiler-bucket-allocator-bucket-count=8"
    "memorysetup-profiler-bucket-allocator-block-size=33554432"
    "memorysetup-profiler-bucket-allocator-block-count=8"
    "memorysetup-profiler-allocator-block-size=16777216"
    "memorysetup-profiler-editor-allocator-block-size=1048576"
    "memorysetup-temp-allocator-size-main=16777216"
    "memorysetup-job-temp-allocator-block-size=2097152"
    "memorysetup-job-temp-allocator-block-size-background=1048576"
    "memorysetup-job-temp-allocator-reduction-small-platforms=262144"
    "memorysetup-temp-allocator-size-background-worker=32768"
    "memorysetup-temp-allocator-size-job-worker=262144"
    "memorysetup-temp-allocator-size-preload-manager=33554432"
    "memorysetup-temp-allocator-size-nav-mesh-worker=65536"
    "memorysetup-temp-allocator-size-audio-worker=65536"
    "memorysetup-temp-allocator-size-cloud-worker=32768"
    "memorysetup-temp-allocator-size-gi-baking-worker=262144"
    "memorysetup-temp-allocator-size-gfx=262144"
Refreshing native plugins compatible for Editor in 179.36 ms, found 4 plugins.
Preloading 0 native plugins for Editor in 0.00 ms.
Initialize engine version: 2021.3.7f1 (24e8595d6d43)
[Subsystems] Discovering subsystems at path C:/Program Files/Unity/Hub/Editor/2021.3.7f1/Editor/Data/Resources/UnitySubsystems
[Subsystems] Discovering subsystems at path C:/Users/Lucas/Documents/GitHub/LCFoxyPuzzlePlatformer/Assets
GfxDevice: creating device client; threaded=0; jobified=0
Direct3D:
    Version:  Direct3D 11.0 [level 11.1]
    Renderer: NVIDIA GeForce RTX 3070 Ti (ID=0x2482)
    Vendor:   NVIDIA
    VRAM:     8018 MB
    Driver:   32.0.15.6094
Initialize mono
Mono path[0] = 'C:/Program Files/Unity/Hub/Editor/2021.3.7f1/Editor/Data/Managed'
Mono path[1] = 'C:/Program Files/Unity/Hub/Editor/2021.3.7f1/Editor/Data/MonoBleedingEdge/lib/mono/unityjit-win32'
Mono config path = 'C:/Program Files/Unity/Hub/Editor/2021.3.7f1/Editor/Data/MonoBleedingEdge/etc'
Using monoOptions --debugger-agent=transport=dt_socket,embedding=1,server=y,suspend=n,address=127.0.0.1:56452
Begin MonoManager ReloadAssembly
Registering precompiled unity dll's ...
Register platform support module: C:/Program Files/Unity/Hub/Editor/2021.3.7f1/Editor/Data/PlaybackEngines/WebGLSupport/UnityEditor.WebGL.Extensions.dll
Register platform support module: C:/Program Files/Unity/Hub/Editor/2021.3.7f1/Editor/Data/PlaybackEngines/WindowsStandaloneSupport/UnityEditor.WindowsStandalone.Extensions.dll
Registered in 0.006776 seconds.
Native extension for WindowsStandalone target not found
Native extension for WebGL target not found
Refreshing native plugins compatible for Editor in 139.59 ms, found 4 plugins.
Preloading 0 native plugins for Editor in 0.00 ms.
Mono: successfully reloaded assembly
- Completed reload, in  0.601 seconds
Domain Reload Profiling:
	ReloadAssembly (601ms)
		BeginReloadAssembly (65ms)
			ExecutionOrderSort (0ms)
			DisableScriptedObjects (0ms)
			BackupInstance (0ms)
			ReleaseScriptingObjects (0ms)
			CreateAndSetChildDomain (1ms)
		EndReloadAssembly (444ms)
			LoadAssemblies (63ms)
			RebuildTransferFunctionScriptingTraits (0ms)
			SetupTypeCache (74ms)
			ReleaseScriptCaches (0ms)
			RebuildScriptCaches (20ms)
			SetupLoadedEditorAssemblies (302ms)
				LogAssemblyErrors (0ms)
				InitializePlatformSupportModulesInManaged (7ms)
				SetLoadedEditorAssemblies (0ms)
				RefreshPlugins (140ms)
				BeforeProcessingInitializeOnLoad (1ms)
				ProcessInitializeOnLoadAttributes (119ms)
				ProcessInitializeOnLoadMethodAttributes (35ms)
				AfterProcessingInitializeOnLoad (0ms)
				EditorAssembliesLoaded (0ms)
			ExecutionOrderSort2 (0ms)
			AwakeInstancesAfterBackupRestoration (0ms)
Platform modules already initialized, skipping
Registering precompiled user dll's ...
Registered in 0.009844 seconds.
Begin MonoManager ReloadAssembly
Symbol file LoadedFromMemory doesn't match image C:\Users\Lucas\Documents\GitHub\LCFoxyPuzzlePlatformer\Library\PackageCache\com.unity.visualscripting@1.7.8\Editor\VisualScripting.Core\Dependencies\DotNetZip\Unity.VisualScripting.IonicZip.dll
Symbol file LoadedFromMemory doesn't match image C:\Users\Lucas\Documents\GitHub\LCFoxyPuzzlePlatformer\Library\PackageCache\com.unity.visualscripting@1.7.8\Editor\VisualScripting.Core\Dependencies\YamlDotNet\Unity.VisualScripting.YamlDotNet.dll
Native extension for WindowsStandalone target not found
Native extension for WebGL target not found
Refreshing native plugins compatible for Editor in 122.37 ms, found 4 plugins.
Preloading 0 native plugins for Editor in 0.00 ms.
Package Manager log level set to [2]
Mono: successfully reloaded assembly
- Completed reload, in  1.257 seconds
Domain Reload Profiling:
	ReloadAssembly (1257ms)
		BeginReloadAssembly (110ms)
			ExecutionOrderSort (0ms)
			DisableScriptedObjects (5ms)
			BackupInstance (0ms)
			ReleaseScriptingObjects (0ms)
			CreateAndSetChildDomain (22ms)
		EndReloadAssembly (1036ms)
			LoadAssemblies (104ms)
			RebuildTransferFunctionScriptingTraits (0ms)
			SetupTypeCache (218ms)
			ReleaseScriptCaches (1ms)
			RebuildScriptCaches (56ms)
			SetupLoadedEditorAssemblies (626ms)
				LogAssemblyErrors (0ms)
				InitializePlatformSupportModulesInManaged (5ms)
				SetLoadedEditorAssemblies (0ms)
				RefreshPlugins (122ms)
				BeforeProcessingInitializeOnLoad (119ms)
				ProcessInitializeOnLoadAttributes (241ms)
				ProcessInitializeOnLoadMethodAttributes (129ms)
				AfterProcessingInitializeOnLoad (8ms)
				EditorAssembliesLoaded (0ms)
			ExecutionOrderSort2 (0ms)
			AwakeInstancesAfterBackupRestoration (4ms)
Platform modules already initialized, skipping
========================================================================
Worker process is ready to serve import requests
Launched and connected shader compiler UnityShaderCompiler.exe after 0.04 seconds
Refreshing native plugins compatible for Editor in 1.64 ms, found 4 plugins.
Preloading 0 native plugins for Editor in 0.00 ms.
Unloading 6590 Unused Serialized files (Serialized files now loaded: 0)
Unloading 107 unused Assets / (2.0 MB). Loaded Objects now: 7000.
Memory consumption went from 257.5 MB to 255.5 MB.
Total: 7.746900 ms (FindLiveObjects: 0.508000 ms CreateObjectMapping: 0.418600 ms MarkObjects: 6.300400 ms  DeleteObjects: 0.519300 ms)

AssetImportParameters requested are different than current active one (requested -> active):
  custom:video-decoder-ogg-theora: a1e56fd34408186e4bbccfd4996cb3dc -> 
  custom:container-muxer-webm: aa71ff27fc2769a1b78a27578f13a17b -> 
  custom:container-demuxer-webm: 4f35f7cbe854078d1ac9338744f61a02 -> 
  custom:video-encoder-webm-vp8: eb34c28f22e8b96e1ab97ce403110664 -> 
  custom:video-codec-MediaFoundation-h265: 746d11721c4dcdbdad8f713fa42b33f4 -> 
  custom:audio-encoder-webm-vorbis: bf7c407c2cedff20999df2af8eb42d56 -> 
  custom:framework-win-MediaFoundation: 216162199b28c13a410421893ffa2e32 -> 
  custom:container-demuxer-ogg: 62fdf1f143b41e24485cea50d1cbac27 -> 
  custom:video-decoder-webm-vp8: 9c59270c3fd7afecdb556c50c9e8de78 -> 
  custom:audio-decoder-ogg-vorbis: bf7c407c2cedff20999df2af8eb42d56 -> 
========================================================================
Received Import Request.
  Time since last request: 1394143.984694 seconds.
  path: Assets/ImportedAssets/Japanese_Food_Icon_Pack_Vol.01/JAPANESE_FOOD/128×128/Sushi_Bar/Battera.png
  artifactKey: Guid(b7bf96ff94901bf4f86a73a9e7c9d136) Importer(815301076,1909f56bfc062723c751e8b465ee728b)
Start importing Assets/ImportedAssets/Japanese_Food_Icon_Pack_Vol.01/JAPANESE_FOOD/128×128/Sushi_Bar/Battera.png using Guid(b7bf96ff94901bf4f86a73a9e7c9d136) Importer(815301076,1909f56bfc062723c751e8b465ee728b)  -> (artifact id: 'af7487b3623198defd1f0a659fb1d681') in 0.118555 seconds 
========================================================================
Received Import Request.
  Time since last request: 0.000036 seconds.
  path: Assets/ImportedAssets/Japanese_Food_Icon_Pack_Vol.01/JAPANESE_FOOD/128×128/Sushi_Bar/Pickled_radish_Roll.png
  artifactKey: Guid(9663b963e2b4d4e49880cc40b3e40265) Importer(815301076,1909f56bfc062723c751e8b465ee728b)
Start importing Assets/ImportedAssets/Japanese_Food_Icon_Pack_Vol.01/JAPANESE_FOOD/128×128/Sushi_Bar/Pickled_radish_Roll.png using Guid(9663b963e2b4d4e49880cc40b3e40265) Importer(815301076,1909f56bfc062723c751e8b465ee728b)  -> (artifact id: 'baa9392ad7381d255ffbb7787033d768') in 0.028040 seconds 
========================================================================
Received Import Request.
  Time since last request: 0.000029 seconds.
  path: Assets/ImportedAssets/Japanese_Food_Icon_Pack_Vol.01/JAPANESE_FOOD/128×128/Sushi_Bar/Fatty_Tuna_Meat.png
  artifactKey: Guid(38a43cfbeb8e6264197a72c3334a4481) Importer(815301076,1909f56bfc062723c751e8b465ee728b)
Start importing Assets/ImportedAssets/Japanese_Food_Icon_Pack_Vol.01/JAPANESE_FOOD/128×128/Sushi_Bar/Fatty_Tuna_Meat.png using Guid(38a43cfbeb8e6264197a72c3334a4481) Importer(815301076,1909f56bfc062723c751e8b465ee728b)  -> (artifact id: '1234b8457dbe175a4c28bb47999b5093') in 0.021063 seconds 
========================================================================
Received Import Request.
  Time since last request: 0.000034 seconds.
  path: Assets/ImportedAssets/Japanese_Food_Icon_Pack_Vol.01/JAPANESE_FOOD/128×128/Sushi_Bar/Sea_urchin_Warship_Winding.png
  artifactKey: Guid(a16e615d896770e4cb472c2b1cbe9b0e) Importer(815301076,1909f56bfc062723c751e8b465ee728b)
Start importing Assets/ImportedAssets/Japanese_Food_Icon_Pack_Vol.01/JAPANESE_FOOD/128×128/Sushi_Bar/Sea_urchin_Warship_Winding.png using Guid(a16e615d896770e4cb472c2b1cbe9b0e) Importer(815301076,1909f56bfc062723c751e8b465ee728b)  -> (artifact id: '778ec105b489021c015596196145f441') in 0.026721 seconds 
========================================================================
Received Import Request.
  Time since last request: 0.000028 seconds.
  path: Assets/ImportedAssets/Japanese_Food_Icon_Pack_Vol.01/JAPANESE_FOOD/128×128/Sushi_Bar/Red_sea_bream.png
  artifactKey: Guid(f382e53607dff354c8fbbbd5645b4929) Importer(815301076,1909f56bfc062723c751e8b465ee728b)
Start importing Assets/ImportedAssets/Japanese_Food_Icon_Pack_Vol.01/JAPANESE_FOOD/128×128/Sushi_Bar/Red_sea_bream.png using Guid(f382e53607dff354c8fbbbd5645b4929) Importer(815301076,1909f56bfc062723c751e8b465ee728b)  -> (artifact id: '961db90de4aecb9793d4aaab5e4fe38f') in 0.025824 seconds 
========================================================================
Received Import Request.
  Time since last request: 0.000027 seconds.
  path: Assets/ImportedAssets/Japanese_Food_Icon_Pack_Vol.01/JAPANESE_FOOD/128×128/Sushi_Bar/Super_fatty_tuna.png
  artifactKey: Guid(cf2db4eccd94fe64a98c7790b3bb9c74) Importer(815301076,1909f56bfc062723c751e8b465ee728b)
Start importing Assets/ImportedAssets/Japanese_Food_Icon_Pack_Vol.01/JAPANESE_FOOD/128×128/Sushi_Bar/Super_fatty_tuna.png using Guid(cf2db4eccd94fe64a98c7790b3bb9c74) Importer(815301076,1909f56bfc062723c751e8b465ee728b)  -> (artifact id: '9a9abb8e8387e18418dae49a94cbb380') in 0.027042 seconds 
========================================================================
Received Import Request.
  Time since last request: 0.000023 seconds.
  path: Assets/ImportedAssets/Japanese_Food_Icon_Pack_Vol.01/JAPANESE_FOOD/128×128/Sushi_Bar/Flounder.png
  artifactKey: Guid(e5fc6d72eb5a5c645b6b68f0b76443f6) Importer(815301076,1909f56bfc062723c751e8b465ee728b)
Start importing Assets/ImportedAssets/Japanese_Food_Icon_Pack_Vol.01/JAPANESE_FOOD/128×128/Sushi_Bar/Flounder.png using Guid(e5fc6d72eb5a5c645b6b68f0b76443f6) Importer(815301076,1909f56bfc062723c751e8b465ee728b)  -> (artifact id: '467f3281a3ab6325bd009d8c4cf0c72f') in 0.021966 seconds 
========================================================================
Received Import Request.
  Time since last request: 0.000030 seconds.
  path: Assets/ImportedAssets/Japanese_Food_Icon_Pack_Vol.01/JAPANESE_FOOD/128×128/Sushi_Bar/Hand_formed_sushi_Salmon.png
  artifactKey: Guid(aa7e59b434533d24bb3826bd08db2e64) Importer(815301076,1909f56bfc062723c751e8b465ee728b)
Start importing Assets/ImportedAssets/Japanese_Food_Icon_Pack_Vol.01/JAPANESE_FOOD/128×128/Sushi_Bar/Hand_formed_sushi_Salmon.png using Guid(aa7e59b434533d24bb3826bd08db2e64) Importer(815301076,1909f56bfc062723c751e8b465ee728b)  -> (artifact id: '323424966ceb83066f82311e640e056c') in 0.036379 seconds 
========================================================================
Received Import Request.
  Time since last request: 0.000033 seconds.
  path: Assets/ImportedAssets/Japanese_Food_Icon_Pack_Vol.01/JAPANESE_FOOD/128×128/Sushi_Bar/Peony_Shrimp.png
  artifactKey: Guid(3eafdde49ab293d4bbb7aad6cfedf841) Importer(815301076,1909f56bfc062723c751e8b465ee728b)
Start importing Assets/ImportedAssets/Japanese_Food_Icon_Pack_Vol.01/JAPANESE_FOOD/128×128/Sushi_Bar/Peony_Shrimp.png using Guid(3eafdde49ab293d4bbb7aad6cfedf841) Importer(815301076,1909f56bfc062723c751e8b465ee728b)  -> (artifact id: 'caf9d37b4769bc7243abac5bbaadf92e') in 0.023481 seconds 
Editor requested this worker to shutdown with reason: Scaling down because of idle timeout
AssetImportWorker is now disconnected from the server
Process exiting
Exiting without the bug reporter. Application will terminate with return code 0