Using pre-set license
Built from '2021.3/staging' branch; Version is '2021.3.7f1 (24e8595d6d43) revision 2418777'; Using compiler version '192829333'; Build Type 'Release'
OS: 'Windows 11  (10.0.22631) 64bit Core' Language: 'en' Physical Memory: 32657 MB
BatchMode: 1, IsHumanControllingUs: 0, StartBugReporterOnCrash: 0, Is64bit: 1, IsPro: 1

COMMAND LINE ARGUMENTS:
C:\Program Files\Unity\Hub\Editor\2021.3.7f1\Editor\Unity.exe
-adb2
-batchMode
-noUpm
-name
AssetImportWorker3
-projectPath
C:/Users/Lucas/Documents/GitHub/LCFoxyPuzzlePlatformer
-logFile
Logs/AssetImportWorker3.log
-srvPort
52182
Successfully changed project path to: C:/Users/Lucas/Documents/GitHub/LCFoxyPuzzlePlatformer
C:/Users/Lucas/Documents/GitHub/LCFoxyPuzzlePlatformer
[UnityMemory] Configuration Parameters - Can be set up in boot.config
    "memorysetup-bucket-allocator-granularity=16"
    "memorysetup-bucket-allocator-bucket-count=8"
    "memorysetup-bucket-allocator-block-size=33554432"
    "memorysetup-bucket-allocator-block-count=8"
    "memorysetup-main-allocator-block-size=16777216"
    "memorysetup-thread-allocator-block-size=16777216"
    "memorysetup-gfx-main-allocator-block-size=16777216"
    "memorysetup-gfx-thread-allocator-block-size=16777216"
    "memorysetup-cache-allocator-block-size=4194304"
    "memorysetup-typetree-allocator-block-size=2097152"
    "memorysetup-profiler-bucket-allocator-granularity=16"
    "memorysetup-profiler-bucket-allocator-bucket-count=8"
    "memorysetup-profiler-bucket-allocator-block-size=33554432"
    "memorysetup-profiler-bucket-allocator-block-count=8"
    "memorysetup-profiler-allocator-block-size=16777216"
    "memorysetup-profiler-editor-allocator-block-size=1048576"
    "memorysetup-temp-allocator-size-main=16777216"
    "memorysetup-job-temp-allocator-block-size=2097152"
    "memorysetup-job-temp-allocator-block-size-background=1048576"
    "memorysetup-job-temp-allocator-reduction-small-platforms=262144"
    "memorysetup-temp-allocator-size-background-worker=32768"
    "memorysetup-temp-allocator-size-job-worker=262144"
    "memorysetup-temp-allocator-size-preload-manager=33554432"
    "memorysetup-temp-allocator-size-nav-mesh-worker=65536"
    "memorysetup-temp-allocator-size-audio-worker=65536"
    "memorysetup-temp-allocator-size-cloud-worker=32768"
    "memorysetup-temp-allocator-size-gi-baking-worker=262144"
    "memorysetup-temp-allocator-size-gfx=262144"
Refreshing native plugins compatible for Editor in 116.70 ms, found 4 plugins.
Preloading 0 native plugins for Editor in 0.00 ms.
Initialize engine version: 2021.3.7f1 (24e8595d6d43)
[Subsystems] Discovering subsystems at path C:/Program Files/Unity/Hub/Editor/2021.3.7f1/Editor/Data/Resources/UnitySubsystems
[Subsystems] Discovering subsystems at path C:/Users/Lucas/Documents/GitHub/LCFoxyPuzzlePlatformer/Assets
GfxDevice: creating device client; threaded=0; jobified=0
Direct3D:
    Version:  Direct3D 11.0 [level 11.1]
    Renderer: NVIDIA GeForce RTX 3070 Ti (ID=0x2482)
    Vendor:   NVIDIA
    VRAM:     8018 MB
    Driver:   32.0.15.6081
Initialize mono
Mono path[0] = 'C:/Program Files/Unity/Hub/Editor/2021.3.7f1/Editor/Data/Managed'
Mono path[1] = 'C:/Program Files/Unity/Hub/Editor/2021.3.7f1/Editor/Data/MonoBleedingEdge/lib/mono/unityjit-win32'
Mono config path = 'C:/Program Files/Unity/Hub/Editor/2021.3.7f1/Editor/Data/MonoBleedingEdge/etc'
Using monoOptions --debugger-agent=transport=dt_socket,embedding=1,server=y,suspend=n,address=127.0.0.1:56572
Begin MonoManager ReloadAssembly
Registering precompiled unity dll's ...
Register platform support module: C:/Program Files/Unity/Hub/Editor/2021.3.7f1/Editor/Data/PlaybackEngines/WebGLSupport/UnityEditor.WebGL.Extensions.dll
Register platform support module: C:/Program Files/Unity/Hub/Editor/2021.3.7f1/Editor/Data/PlaybackEngines/WindowsStandaloneSupport/UnityEditor.WindowsStandalone.Extensions.dll
Registered in 0.005846 seconds.
Native extension for WindowsStandalone target not found
Native extension for WebGL target not found
Refreshing native plugins compatible for Editor in 116.98 ms, found 4 plugins.
Preloading 0 native plugins for Editor in 0.00 ms.
Mono: successfully reloaded assembly
- Completed reload, in  0.533 seconds
Domain Reload Profiling:
	ReloadAssembly (533ms)
		BeginReloadAssembly (55ms)
			ExecutionOrderSort (0ms)
			DisableScriptedObjects (0ms)
			BackupInstance (0ms)
			ReleaseScriptingObjects (0ms)
			CreateAndSetChildDomain (1ms)
		EndReloadAssembly (397ms)
			LoadAssemblies (53ms)
			RebuildTransferFunctionScriptingTraits (0ms)
			SetupTypeCache (69ms)
			ReleaseScriptCaches (0ms)
			RebuildScriptCaches (18ms)
			SetupLoadedEditorAssemblies (268ms)
				LogAssemblyErrors (0ms)
				InitializePlatformSupportModulesInManaged (7ms)
				SetLoadedEditorAssemblies (0ms)
				RefreshPlugins (117ms)
				BeforeProcessingInitializeOnLoad (1ms)
				ProcessInitializeOnLoadAttributes (110ms)
				ProcessInitializeOnLoadMethodAttributes (33ms)
				AfterProcessingInitializeOnLoad (0ms)
				EditorAssembliesLoaded (0ms)
			ExecutionOrderSort2 (0ms)
			AwakeInstancesAfterBackupRestoration (0ms)
Platform modules already initialized, skipping
Registering precompiled user dll's ...
Registered in 0.010742 seconds.
Begin MonoManager ReloadAssembly
Symbol file LoadedFromMemory doesn't match image C:\Users\Lucas\Documents\GitHub\LCFoxyPuzzlePlatformer\Library\PackageCache\com.unity.visualscripting@1.7.8\Editor\VisualScripting.Core\Dependencies\DotNetZip\Unity.VisualScripting.IonicZip.dll
Symbol file LoadedFromMemory doesn't match image C:\Users\Lucas\Documents\GitHub\LCFoxyPuzzlePlatformer\Library\PackageCache\com.unity.visualscripting@1.7.8\Editor\VisualScripting.Core\Dependencies\YamlDotNet\Unity.VisualScripting.YamlDotNet.dll
Native extension for WindowsStandalone target not found
Native extension for WebGL target not found
Refreshing native plugins compatible for Editor in 106.90 ms, found 4 plugins.
Preloading 0 native plugins for Editor in 0.00 ms.
Package Manager log level set to [2]
Mono: successfully reloaded assembly
- Completed reload, in  1.099 seconds
Domain Reload Profiling:
	ReloadAssembly (1100ms)
		BeginReloadAssembly (89ms)
			ExecutionOrderSort (0ms)
			DisableScriptedObjects (4ms)
			BackupInstance (0ms)
			ReleaseScriptingObjects (0ms)
			CreateAndSetChildDomain (16ms)
		EndReloadAssembly (921ms)
			LoadAssemblies (86ms)
			RebuildTransferFunctionScriptingTraits (0ms)
			SetupTypeCache (189ms)
			ReleaseScriptCaches (1ms)
			RebuildScriptCaches (48ms)
			SetupLoadedEditorAssemblies (566ms)
				LogAssemblyErrors (0ms)
				InitializePlatformSupportModulesInManaged (4ms)
				SetLoadedEditorAssemblies (0ms)
				RefreshPlugins (107ms)
				BeforeProcessingInitializeOnLoad (109ms)
				ProcessInitializeOnLoadAttributes (214ms)
				ProcessInitializeOnLoadMethodAttributes (124ms)
				AfterProcessingInitializeOnLoad (8ms)
				EditorAssembliesLoaded (0ms)
			ExecutionOrderSort2 (0ms)
			AwakeInstancesAfterBackupRestoration (4ms)
Platform modules already initialized, skipping
========================================================================
Worker process is ready to serve import requests
Launched and connected shader compiler UnityShaderCompiler.exe after 0.03 seconds
Refreshing native plugins compatible for Editor in 1.44 ms, found 4 plugins.
Preloading 0 native plugins for Editor in 0.00 ms.
Unloading 6266 Unused Serialized files (Serialized files now loaded: 0)
Unloading 82 unused Assets / (0.7 MB). Loaded Objects now: 6689.
Memory consumption went from 235.7 MB to 235.0 MB.
Total: 6.752300 ms (FindLiveObjects: 0.456000 ms CreateObjectMapping: 0.333200 ms MarkObjects: 5.693900 ms  DeleteObjects: 0.268600 ms)

AssetImportParameters requested are different than current active one (requested -> active):
  custom:video-decoder-ogg-theora: a1e56fd34408186e4bbccfd4996cb3dc -> 
  custom:container-muxer-webm: aa71ff27fc2769a1b78a27578f13a17b -> 
  custom:container-demuxer-webm: 4f35f7cbe854078d1ac9338744f61a02 -> 
  custom:video-encoder-webm-vp8: eb34c28f22e8b96e1ab97ce403110664 -> 
  custom:video-codec-MediaFoundation-h265: 746d11721c4dcdbdad8f713fa42b33f4 -> 
  custom:audio-encoder-webm-vorbis: bf7c407c2cedff20999df2af8eb42d56 -> 
  custom:framework-win-MediaFoundation: 216162199b28c13a410421893ffa2e32 -> 
  custom:container-demuxer-ogg: 62fdf1f143b41e24485cea50d1cbac27 -> 
  custom:video-decoder-webm-vp8: 9c59270c3fd7afecdb556c50c9e8de78 -> 
  custom:audio-decoder-ogg-vorbis: bf7c407c2cedff20999df2af8eb42d56 -> 
========================================================================
Received Import Request.
  Time since last request: 682258.200933 seconds.
  path: Assets/ImportedAssets/Icons/Arrow Left 1.png
  artifactKey: Guid(bff336a18de32224cbf3cfe6fe72b823) Importer(815301076,1909f56bfc062723c751e8b465ee728b)
Start importing Assets/ImportedAssets/Icons/Arrow Left 1.png using Guid(bff336a18de32224cbf3cfe6fe72b823) Importer(815301076,1909f56bfc062723c751e8b465ee728b)  -> (artifact id: 'c7b3015da97525acb341d03514a30251') in 0.120516 seconds 
========================================================================
Received Import Request.
  Time since last request: 0.000033 seconds.
  path: Assets/ImportedAssets/Icons/X 2.png
  artifactKey: Guid(4b402d92692436e4f8100aff9962a658) Importer(815301076,1909f56bfc062723c751e8b465ee728b)
Start importing Assets/ImportedAssets/Icons/X 2.png using Guid(4b402d92692436e4f8100aff9962a658) Importer(815301076,1909f56bfc062723c751e8b465ee728b)  -> (artifact id: '41c86b64c507b891c2004576a5ae56db') in 0.023372 seconds 
========================================================================
Received Import Request.
  Time since last request: 0.000037 seconds.
  path: Assets/ImportedAssets/Icons/Arrow Right 2.png
  artifactKey: Guid(1f855255aeae5a14caf0a5397bd77bfb) Importer(815301076,1909f56bfc062723c751e8b465ee728b)
Start importing Assets/ImportedAssets/Icons/Arrow Right 2.png using Guid(1f855255aeae5a14caf0a5397bd77bfb) Importer(815301076,1909f56bfc062723c751e8b465ee728b)  -> (artifact id: '2330d270c26d424827f50dea23574f66') in 0.025788 seconds 
========================================================================
Received Import Request.
  Time since last request: 0.000024 seconds.
  path: Assets/ImportedAssets/Icons/Options 2.png
  artifactKey: Guid(a4e16d8d1821bd44f9244ff68e5bd006) Importer(815301076,1909f56bfc062723c751e8b465ee728b)
Start importing Assets/ImportedAssets/Icons/Options 2.png using Guid(a4e16d8d1821bd44f9244ff68e5bd006) Importer(815301076,1909f56bfc062723c751e8b465ee728b)  -> (artifact id: '7ca35b5781438cac9f5ef6dc8b7c0db6') in 0.020110 seconds 
========================================================================
Received Import Request.
  Time since last request: 0.000026 seconds.
  path: Assets/ImportedAssets/Icons/Menu 1.png
  artifactKey: Guid(797bd1acf1b9e964ebf030056901d89d) Importer(815301076,1909f56bfc062723c751e8b465ee728b)
Start importing Assets/ImportedAssets/Icons/Menu 1.png using Guid(797bd1acf1b9e964ebf030056901d89d) Importer(815301076,1909f56bfc062723c751e8b465ee728b)  -> (artifact id: '4d26a02e8e2734d01f3fd4db18fa5525') in 0.018521 seconds 
========================================================================
Received Import Request.
  Time since last request: 0.000031 seconds.
  path: Assets/ImportedAssets/Icons/Random 2.png
  artifactKey: Guid(f88cd2362d658b142961d6c3f85342cc) Importer(815301076,1909f56bfc062723c751e8b465ee728b)
Start importing Assets/ImportedAssets/Icons/Random 2.png using Guid(f88cd2362d658b142961d6c3f85342cc) Importer(815301076,1909f56bfc062723c751e8b465ee728b)  -> (artifact id: '3c886fe235517d57437345a672951842') in 0.019024 seconds 
========================================================================
Received Import Request.
  Time since last request: 0.000019 seconds.
  path: Assets/ImportedAssets/Icons/Random 1.png
  artifactKey: Guid(a0aef645e140f5442a7edd6d29916bcc) Importer(815301076,1909f56bfc062723c751e8b465ee728b)
Start importing Assets/ImportedAssets/Icons/Random 1.png using Guid(a0aef645e140f5442a7edd6d29916bcc) Importer(815301076,1909f56bfc062723c751e8b465ee728b)  -> (artifact id: '98696f4a383eec4a27a0da49af4684c2') in 0.023591 seconds 
========================================================================
Received Import Request.
  Time since last request: 0.000036 seconds.
  path: Assets/ImportedAssets/Icons/Sword 1.png
  artifactKey: Guid(ced75dfa170cf884a83f50e6e6530984) Importer(815301076,1909f56bfc062723c751e8b465ee728b)
Start importing Assets/ImportedAssets/Icons/Sword 1.png using Guid(ced75dfa170cf884a83f50e6e6530984) Importer(815301076,1909f56bfc062723c751e8b465ee728b)  -> (artifact id: '90abb18c8e7cb4628dc15b1a5aa923fd') in 0.021549 seconds 
========================================================================
Received Import Request.
  Time since last request: 0.000021 seconds.
  path: Assets/ImportedAssets/Icons/Options 1.png
  artifactKey: Guid(46c53358a351c7f4a89ffb5e5816ffbc) Importer(815301076,1909f56bfc062723c751e8b465ee728b)
Start importing Assets/ImportedAssets/Icons/Options 1.png using Guid(46c53358a351c7f4a89ffb5e5816ffbc) Importer(815301076,1909f56bfc062723c751e8b465ee728b)  -> (artifact id: '4125c550f989bc39e60cebbc995897a4') in 0.017498 seconds 
========================================================================
Received Import Request.
  Time since last request: 0.000022 seconds.
  path: Assets/ImportedAssets/Icons/Menu 2.png
  artifactKey: Guid(3eeba33eda5248e45aaa62fa0b04265f) Importer(815301076,1909f56bfc062723c751e8b465ee728b)
Start importing Assets/ImportedAssets/Icons/Menu 2.png using Guid(3eeba33eda5248e45aaa62fa0b04265f) Importer(815301076,1909f56bfc062723c751e8b465ee728b)  -> (artifact id: 'd5d88b222f6303f13c2d1fa2f7baba41') in 0.019764 seconds 
========================================================================
Received Import Request.
  Time since last request: 0.000036 seconds.
  path: Assets/ImportedAssets/Icons/Shield 1.png
  artifactKey: Guid(adcc4994cdc6a3446982e16d286a9b22) Importer(815301076,1909f56bfc062723c751e8b465ee728b)
Start importing Assets/ImportedAssets/Icons/Shield 1.png using Guid(adcc4994cdc6a3446982e16d286a9b22) Importer(815301076,1909f56bfc062723c751e8b465ee728b)  -> (artifact id: '71c88cb1ab0c3d896fa066c9f13a099c') in 0.018768 seconds 
========================================================================
Received Import Request.
  Time since last request: 0.000027 seconds.
  path: Assets/ImportedAssets/Icons/Home 2.png
  artifactKey: Guid(de8c5ca73454a6c42ac5ce18fb2ec681) Importer(815301076,1909f56bfc062723c751e8b465ee728b)
Start importing Assets/ImportedAssets/Icons/Home 2.png using Guid(de8c5ca73454a6c42ac5ce18fb2ec681) Importer(815301076,1909f56bfc062723c751e8b465ee728b)  -> (artifact id: '2ffd4c10c2c3939923a154f75fc9facb') in 0.018852 seconds 
========================================================================
Received Import Request.
  Time since last request: 0.000024 seconds.
  path: Assets/ImportedAssets/Icons/Trophy.png
  artifactKey: Guid(c4c59e3a1d126434bb47c509cb0fd2a6) Importer(815301076,1909f56bfc062723c751e8b465ee728b)
Start importing Assets/ImportedAssets/Icons/Trophy.png using Guid(c4c59e3a1d126434bb47c509cb0fd2a6) Importer(815301076,1909f56bfc062723c751e8b465ee728b)  -> (artifact id: '460a8f85296328e356540f295a925d9d') in 0.021239 seconds 
========================================================================
Received Import Request.
  Time since last request: 0.000021 seconds.
  path: Assets/ImportedAssets/Icons/Import 1.png
  artifactKey: Guid(1c31ba13618be294a9a31087aa8c0efb) Importer(815301076,1909f56bfc062723c751e8b465ee728b)
Start importing Assets/ImportedAssets/Icons/Import 1.png using Guid(1c31ba13618be294a9a31087aa8c0efb) Importer(815301076,1909f56bfc062723c751e8b465ee728b)  -> (artifact id: '75784f8fadac1f115f900c49eba80b07') in 0.019341 seconds 
========================================================================
Received Import Request.
  Time since last request: 0.000022 seconds.
  path: Assets/ImportedAssets/Icons/Export 1.png
  artifactKey: Guid(df2bf57bf23852b47b3a8d1ad891df8f) Importer(815301076,1909f56bfc062723c751e8b465ee728b)
Start importing Assets/ImportedAssets/Icons/Export 1.png using Guid(df2bf57bf23852b47b3a8d1ad891df8f) Importer(815301076,1909f56bfc062723c751e8b465ee728b)  -> (artifact id: 'b35000e5c11d021949cee7123c58b76f') in 0.017166 seconds 
========================================================================
Received Import Request.
  Time since last request: 0.000024 seconds.
  path: Assets/ImportedAssets/Icons/Currency 2.png
  artifactKey: Guid(da7ddf03cd5c9b1459825b391675975e) Importer(815301076,1909f56bfc062723c751e8b465ee728b)
Start importing Assets/ImportedAssets/Icons/Currency 2.png using Guid(da7ddf03cd5c9b1459825b391675975e) Importer(815301076,1909f56bfc062723c751e8b465ee728b)  -> (artifact id: '685ca40a0ec77bd03c5d06d708ad92b1') in 0.020523 seconds 
========================================================================
Received Import Request.
  Time since last request: 0.000025 seconds.
  path: Assets/ImportedAssets/Icons/Exclamation 2.png
  artifactKey: Guid(1bc57815c5dd4434bbbe6a9577c14805) Importer(815301076,1909f56bfc062723c751e8b465ee728b)
Start importing Assets/ImportedAssets/Icons/Exclamation 2.png using Guid(1bc57815c5dd4434bbbe6a9577c14805) Importer(815301076,1909f56bfc062723c751e8b465ee728b)  -> (artifact id: '969e13225324cd2efb82d3dd94001079') in 0.018064 seconds 
========================================================================
Received Import Request.
  Time since last request: 0.000028 seconds.
  path: Assets/ImportedAssets/Icons/Mute 1.png
  artifactKey: Guid(82f6d7d1f9fc6044e8922d8e42ea2f2f) Importer(815301076,1909f56bfc062723c751e8b465ee728b)
Start importing Assets/ImportedAssets/Icons/Mute 1.png using Guid(82f6d7d1f9fc6044e8922d8e42ea2f2f) Importer(815301076,1909f56bfc062723c751e8b465ee728b)  -> (artifact id: 'a3d081094a8eed598c8a32b65fb721ce') in 0.018557 seconds 
========================================================================
Received Import Request.
  Time since last request: 1.279726 seconds.
  path: Assets/Loading Bars/Loading Bar 1 White Empty.png
  artifactKey: Guid(b542f6d49ed52074fa2c641fb5918cf2) Importer(815301076,1909f56bfc062723c751e8b465ee728b)
Start importing Assets/Loading Bars/Loading Bar 1 White Empty.png using Guid(b542f6d49ed52074fa2c641fb5918cf2) Importer(815301076,1909f56bfc062723c751e8b465ee728b)  -> (artifact id: '3b7c76d54b0979e4cc61bb6d02fbdc36') in 0.019823 seconds 
========================================================================
Received Import Request.
  Time since last request: 0.000023 seconds.
  path: Assets/Loading Bars/Loading Bar 1 White Full.png
  artifactKey: Guid(d4b50483facf6a94c957445b008fe806) Importer(815301076,1909f56bfc062723c751e8b465ee728b)
Start importing Assets/Loading Bars/Loading Bar 1 White Full.png using Guid(d4b50483facf6a94c957445b008fe806) Importer(815301076,1909f56bfc062723c751e8b465ee728b)  -> (artifact id: '4a6111cbdc7dfdb1cec7ac74ea853b02') in 0.020347 seconds 
========================================================================
Received Import Request.
  Time since last request: 0.000021 seconds.
  path: Assets/Loading Bars/Loading Bar 2 White Full.png
  artifactKey: Guid(76afcbcf18bbd3641b790583178668a2) Importer(815301076,1909f56bfc062723c751e8b465ee728b)
Start importing Assets/Loading Bars/Loading Bar 2 White Full.png using Guid(76afcbcf18bbd3641b790583178668a2) Importer(815301076,1909f56bfc062723c751e8b465ee728b)  -> (artifact id: 'e7d6ba11dfd8b2271e4272696a9c9947') in 0.028140 seconds 
========================================================================
Received Import Request.
  Time since last request: 33.687252 seconds.
  path: Assets/ImportedAssets/Sliders/Slider Thumbtrack 2 white.png
  artifactKey: Guid(2e4cc88eee2fcf2429c8833e14acd34c) Importer(815301076,1909f56bfc062723c751e8b465ee728b)
Start importing Assets/ImportedAssets/Sliders/Slider Thumbtrack 2 white.png using Guid(2e4cc88eee2fcf2429c8833e14acd34c) Importer(815301076,1909f56bfc062723c751e8b465ee728b)  -> (artifact id: '415b6b8a74fbde7a43b0b2ba427a68e4') in 0.017923 seconds 
========================================================================
Received Import Request.
  Time since last request: 0.000025 seconds.
  path: Assets/ImportedAssets/Sliders/Slider Thumbtrack 3.png
  artifactKey: Guid(cc62ff4666192e043bc063c5f67420f2) Importer(815301076,1909f56bfc062723c751e8b465ee728b)
Start importing Assets/ImportedAssets/Sliders/Slider Thumbtrack 3.png using Guid(cc62ff4666192e043bc063c5f67420f2) Importer(815301076,1909f56bfc062723c751e8b465ee728b)  -> (artifact id: 'f17fb8a034d15e2c8d7c0e6c2062eafc') in 0.018285 seconds 
========================================================================
Received Import Request.
  Time since last request: 2.597599 seconds.
  path: Assets/ImportedAssets/Radio Buttons/Radio Button 2 UnClicked.png
  artifactKey: Guid(78d43bb16798d1c4bbc542074d77358a) Importer(815301076,1909f56bfc062723c751e8b465ee728b)
Start importing Assets/ImportedAssets/Radio Buttons/Radio Button 2 UnClicked.png using Guid(78d43bb16798d1c4bbc542074d77358a) Importer(815301076,1909f56bfc062723c751e8b465ee728b)  -> (artifact id: 'bed1edeedb005a52995be04abd19dd75') in 0.018079 seconds 
========================================================================
Received Import Request.
  Time since last request: 0.000021 seconds.
  path: Assets/ImportedAssets/Radio Buttons/Radio Button 3 Clicked.png
  artifactKey: Guid(4f3726615de1e964ba1273f812a90afe) Importer(815301076,1909f56bfc062723c751e8b465ee728b)
Start importing Assets/ImportedAssets/Radio Buttons/Radio Button 3 Clicked.png using Guid(4f3726615de1e964ba1273f812a90afe) Importer(815301076,1909f56bfc062723c751e8b465ee728b)  -> (artifact id: '45dad4fa0a14d8060c36e387687e3a94') in 0.019162 seconds 
========================================================================
Received Import Request.
  Time since last request: 8.785069 seconds.
  path: Assets/ImportedAssets/Main Windows/Page Number UnClicked.png
  artifactKey: Guid(ccd05361704f9cf4ca4eb9c87674afa3) Importer(815301076,1909f56bfc062723c751e8b465ee728b)
Start importing Assets/ImportedAssets/Main Windows/Page Number UnClicked.png using Guid(ccd05361704f9cf4ca4eb9c87674afa3) Importer(815301076,1909f56bfc062723c751e8b465ee728b)  -> (artifact id: '706ab711264f5814ebe207b6e814e6e6') in 0.019298 seconds 
========================================================================
Received Import Request.
  Time since last request: 0.000028 seconds.
  path: Assets/ImportedAssets/Main Windows/Tick Box Empty.png
  artifactKey: Guid(851b57c1510d076419ce70bc17c4e0dd) Importer(815301076,1909f56bfc062723c751e8b465ee728b)
Start importing Assets/ImportedAssets/Main Windows/Tick Box Empty.png using Guid(851b57c1510d076419ce70bc17c4e0dd) Importer(815301076,1909f56bfc062723c751e8b465ee728b)  -> (artifact id: 'aa97b0ea88a12964e6e08af9feb61061') in 0.027460 seconds 
========================================================================
Received Import Request.
  Time since last request: 0.000061 seconds.
  path: Assets/ImportedAssets/Main Windows/Widnow Frame.png
  artifactKey: Guid(0426a0fb09162ad418cc92ad39b368f5) Importer(815301076,1909f56bfc062723c751e8b465ee728b)
Start importing Assets/ImportedAssets/Main Windows/Widnow Frame.png using Guid(0426a0fb09162ad418cc92ad39b368f5) Importer(815301076,1909f56bfc062723c751e8b465ee728b)  -> (artifact id: '422829b5eb7e67ba7ee1568788f4e32c') in 0.074923 seconds 
========================================================================
Received Import Request.
  Time since last request: 0.000028 seconds.
  path: Assets/ImportedAssets/Main Windows/Scroll Bar Thumbtrack.png
  artifactKey: Guid(9d128dd240ba5fa4f83a72f916773d2f) Importer(815301076,1909f56bfc062723c751e8b465ee728b)
Start importing Assets/ImportedAssets/Main Windows/Scroll Bar Thumbtrack.png using Guid(9d128dd240ba5fa4f83a72f916773d2f) Importer(815301076,1909f56bfc062723c751e8b465ee728b)  -> (artifact id: '01755c852f6c9e92ce9eb76e979a2c80') in 0.023902 seconds 
========================================================================
Received Import Request.
  Time since last request: 31.278658 seconds.
  path: Assets/ImportedAssets/HUD/Party Frame/Party Member Health Bar Full.png
  artifactKey: Guid(c5acfddebf9d5084b8730fc97dee418d) Importer(815301076,1909f56bfc062723c751e8b465ee728b)
Start importing Assets/ImportedAssets/HUD/Party Frame/Party Member Health Bar Full.png using Guid(c5acfddebf9d5084b8730fc97dee418d) Importer(815301076,1909f56bfc062723c751e8b465ee728b)  -> (artifact id: '81d34f471aa9d1663c758dc23bfefdb8') in 0.027875 seconds 
========================================================================
Received Import Request.
  Time since last request: 0.000025 seconds.
  path: Assets/ImportedAssets/HUD/Party Frame/Party Member Mana Bar Frame.png
  artifactKey: Guid(4044428559c797a4897033522958838e) Importer(815301076,1909f56bfc062723c751e8b465ee728b)
Start importing Assets/ImportedAssets/HUD/Party Frame/Party Member Mana Bar Frame.png using Guid(4044428559c797a4897033522958838e) Importer(815301076,1909f56bfc062723c751e8b465ee728b)  -> (artifact id: 'e8ed36f3662d4e22e3fad31beba39f34') in 0.021546 seconds 
========================================================================
Received Import Request.
  Time since last request: 1.543739 seconds.
  path: Assets/ImportedAssets/HUD/Player Bars/Player Health Bar Empty.png
  artifactKey: Guid(e03ef5ae862a35040b407c76bd2b1936) Importer(815301076,1909f56bfc062723c751e8b465ee728b)
Start importing Assets/ImportedAssets/HUD/Player Bars/Player Health Bar Empty.png using Guid(e03ef5ae862a35040b407c76bd2b1936) Importer(815301076,1909f56bfc062723c751e8b465ee728b)  -> (artifact id: '332a80ccd3c718694e5f6783716ac82c') in 0.024539 seconds 
========================================================================
Received Import Request.
  Time since last request: 0.000028 seconds.
  path: Assets/ImportedAssets/HUD/Player Bars/Player Health Bar Frame.png
  artifactKey: Guid(9c1fc7e4fae3aaf4f96bd0be80f3609d) Importer(815301076,1909f56bfc062723c751e8b465ee728b)
Start importing Assets/ImportedAssets/HUD/Player Bars/Player Health Bar Frame.png using Guid(9c1fc7e4fae3aaf4f96bd0be80f3609d) Importer(815301076,1909f56bfc062723c751e8b465ee728b)  -> (artifact id: '8c235a40b77efc42c5ec989a992bc33a') in 0.032015 seconds 
========================================================================
Received Import Request.
  Time since last request: 0.813896 seconds.
  path: Assets/ImportedAssets/HUD/Target Frame/Target Health Bar Name Plate.png
  artifactKey: Guid(66bcbc6cbdc63f14983dd27b50fd427d) Importer(815301076,1909f56bfc062723c751e8b465ee728b)
Start importing Assets/ImportedAssets/HUD/Target Frame/Target Health Bar Name Plate.png using Guid(66bcbc6cbdc63f14983dd27b50fd427d) Importer(815301076,1909f56bfc062723c751e8b465ee728b)  -> (artifact id: 'c67c2039ca1002d472022c6c70248012') in 0.023056 seconds 
========================================================================
Received Import Request.
  Time since last request: 17.586835 seconds.
  path: Assets/ImportedAssets/Main Buttons/Button 2 Clicked Color.png
  artifactKey: Guid(0e3d3a8a09e25f544930dc9f164729d7) Importer(815301076,1909f56bfc062723c751e8b465ee728b)
Start importing Assets/ImportedAssets/Main Buttons/Button 2 Clicked Color.png using Guid(0e3d3a8a09e25f544930dc9f164729d7) Importer(815301076,1909f56bfc062723c751e8b465ee728b)  -> (artifact id: '42bd6844e132127a35faf56febb794e4') in 0.024487 seconds 
========================================================================
Received Import Request.
  Time since last request: 0.000028 seconds.
  path: Assets/ImportedAssets/Main Buttons/Button 3 Clicked Color.png
  artifactKey: Guid(96dd2b4d61559eb40b4031afd4681163) Importer(815301076,1909f56bfc062723c751e8b465ee728b)
Start importing Assets/ImportedAssets/Main Buttons/Button 3 Clicked Color.png using Guid(96dd2b4d61559eb40b4031afd4681163) Importer(815301076,1909f56bfc062723c751e8b465ee728b)  -> (artifact id: '1fdf03e804b744e10238574fc75b202e') in 0.027157 seconds 
Editor requested this worker to shutdown with reason: Scaling down because of idle timeout
AssetImportWorker is now disconnected from the server
Process exiting
Exiting without the bug reporter. Application will terminate with return code 0